{"C:\\Users\\annam\\Documents\\GitHub\\MM_FrontEnd_RN\\React_Native\\App.js": {"path":"C:\\Users\\annam\\Documents\\GitHub\\MM_FrontEnd_RN\\React_Native\\App.js","statementMap":{"0":{"start":{"line":15,"column":14},"end":{"line":15,"column":42}},"1":{"start":{"line":17,"column":12},"end":{"line":59,"column":1}},"2":{"start":{"line":19,"column":24},"end":{"line":22,"column":4}},"3":{"start":{"line":24,"column":2},"end":{"line":26,"column":3}},"4":{"start":{"line":25,"column":4},"end":{"line":25,"column":26}},"5":{"start":{"line":28,"column":2},"end":{"line":58,"column":4}}},"fnMap":{"0":{"name":"(anonymous_0)","decl":{"start":{"line":17,"column":12},"end":{"line":17,"column":13}},"loc":{"start":{"line":17,"column":18},"end":{"line":59,"column":1}},"line":17}},"branchMap":{"0":{"loc":{"start":{"line":24,"column":2},"end":{"line":26,"column":3}},"type":"if","locations":[{"start":{"line":24,"column":2},"end":{"line":26,"column":3}},{"start":{},"end":{}}],"line":24}},"s":{"0":0,"1":0,"2":0,"3":0,"4":0,"5":0},"f":{"0":0},"b":{"0":[0,0]}}
,"C:\\Users\\annam\\Documents\\GitHub\\MM_FrontEnd_RN\\React_Native\\src\\components\\BottomNavBar.js": {"path":"C:\\Users\\annam\\Documents\\GitHub\\MM_FrontEnd_RN\\React_Native\\src\\components\\BottomNavBar.js","statementMap":{"0":{"start":{"line":29,"column":14},"end":{"line":29,"column":42}},"1":{"start":{"line":30,"column":12},"end":{"line":30,"column":38}},"2":{"start":{"line":32,"column":24},"end":{"line":45,"column":1}},"3":{"start":{"line":33,"column":19},"end":{"line":33,"column":31}},"4":{"start":{"line":35,"column":2},"end":{"line":44,"column":4}},"5":{"start":{"line":47,"column":19},"end":{"line":62,"column":1}},"6":{"start":{"line":48,"column":19},"end":{"line":48,"column":31}},"7":{"start":{"line":50,"column":2},"end":{"line":61,"column":4}},"8":{"start":{"line":64,"column":19},"end":{"line":78,"column":1}},"9":{"start":{"line":65,"column":19},"end":{"line":65,"column":31}},"10":{"start":{"line":67,"column":2},"end":{"line":77,"column":4}},"11":{"start":{"line":80,"column":21},"end":{"line":239,"column":1}},"12":{"start":{"line":81,"column":26},"end":{"line":81,"column":40}},"13":{"start":{"line":82,"column":36},"end":{"line":82,"column":50}},"14":{"start":{"line":83,"column":32},"end":{"line":83,"column":47}},"15":{"start":{"line":86,"column":2},"end":{"line":103,"column":9}},"16":{"start":{"line":87,"column":22},"end":{"line":100,"column":5}},"17":{"start":{"line":88,"column":6},"end":{"line":99,"column":7}},"18":{"start":{"line":89,"column":27},"end":{"line":89,"column":65}},"19":{"start":{"line":90,"column":25},"end":{"line":90,"column":47}},"20":{"start":{"line":91,"column":8},"end":{"line":94,"column":9}},"21":{"start":{"line":92,"column":10},"end":{"line":92,"column":28}},"22":{"start":{"line":93,"column":10},"end":{"line":93,"column":28}},"23":{"start":{"line":96,"column":8},"end":{"line":96,"column":27}},"24":{"start":{"line":98,"column":8},"end":{"line":98,"column":28}},"25":{"start":{"line":102,"column":4},"end":{"line":102,"column":16}},"26":{"start":{"line":107,"column":2},"end":{"line":114,"column":22}},"27":{"start":{"line":108,"column":4},"end":{"line":113,"column":5}},"28":{"start":{"line":109,"column":6},"end":{"line":112,"column":7}},"29":{"start":{"line":110,"column":8},"end":{"line":110,"column":25}},"30":{"start":{"line":111,"column":8},"end":{"line":111,"column":29}},"31":{"start":{"line":117,"column":2},"end":{"line":119,"column":3}},"32":{"start":{"line":118,"column":4},"end":{"line":118,"column":16}},"33":{"start":{"line":121,"column":2},"end":{"line":238,"column":4}},"34":{"start":{"line":145,"column":18},"end":{"line":152,"column":25}},"35":{"start":{"line":163,"column":18},"end":{"line":174,"column":25}},"36":{"start":{"line":186,"column":20},"end":{"line":193,"column":27}},"37":{"start":{"line":204,"column":20},"end":{"line":211,"column":27}},"38":{"start":{"line":223,"column":18},"end":{"line":230,"column":25}}},"fnMap":{"0":{"name":"(anonymous_0)","decl":{"start":{"line":32,"column":24},"end":{"line":32,"column":25}},"loc":{"start":{"line":32,"column":39},"end":{"line":45,"column":1}},"line":32},"1":{"name":"(anonymous_1)","decl":{"start":{"line":47,"column":19},"end":{"line":47,"column":20}},"loc":{"start":{"line":47,"column":34},"end":{"line":62,"column":1}},"line":47},"2":{"name":"(anonymous_2)","decl":{"start":{"line":64,"column":19},"end":{"line":64,"column":20}},"loc":{"start":{"line":64,"column":34},"end":{"line":78,"column":1}},"line":64},"3":{"name":"(anonymous_3)","decl":{"start":{"line":80,"column":21},"end":{"line":80,"column":22}},"loc":{"start":{"line":80,"column":27},"end":{"line":239,"column":1}},"line":80},"4":{"name":"(anonymous_4)","decl":{"start":{"line":86,"column":12},"end":{"line":86,"column":13}},"loc":{"start":{"line":86,"column":18},"end":{"line":103,"column":3}},"line":86},"5":{"name":"(anonymous_5)","decl":{"start":{"line":87,"column":22},"end":{"line":87,"column":23}},"loc":{"start":{"line":87,"column":34},"end":{"line":100,"column":5}},"line":87},"6":{"name":"(anonymous_6)","decl":{"start":{"line":107,"column":12},"end":{"line":107,"column":13}},"loc":{"start":{"line":107,"column":18},"end":{"line":114,"column":3}},"line":107},"7":{"name":"(anonymous_7)","decl":{"start":{"line":144,"column":28},"end":{"line":144,"column":29}},"loc":{"start":{"line":145,"column":18},"end":{"line":152,"column":25}},"line":145},"8":{"name":"(anonymous_8)","decl":{"start":{"line":162,"column":28},"end":{"line":162,"column":29}},"loc":{"start":{"line":163,"column":18},"end":{"line":174,"column":25}},"line":163},"9":{"name":"(anonymous_9)","decl":{"start":{"line":185,"column":30},"end":{"line":185,"column":31}},"loc":{"start":{"line":186,"column":20},"end":{"line":193,"column":27}},"line":186},"10":{"name":"(anonymous_10)","decl":{"start":{"line":203,"column":30},"end":{"line":203,"column":31}},"loc":{"start":{"line":204,"column":20},"end":{"line":211,"column":27}},"line":204},"11":{"name":"(anonymous_11)","decl":{"start":{"line":222,"column":28},"end":{"line":222,"column":29}},"loc":{"start":{"line":223,"column":18},"end":{"line":230,"column":25}},"line":223}},"branchMap":{"0":{"loc":{"start":{"line":91,"column":8},"end":{"line":94,"column":9}},"type":"if","locations":[{"start":{"line":91,"column":8},"end":{"line":94,"column":9}},{"start":{},"end":{}}],"line":91},"1":{"loc":{"start":{"line":108,"column":4},"end":{"line":113,"column":5}},"type":"if","locations":[{"start":{"line":108,"column":4},"end":{"line":113,"column":5}},{"start":{},"end":{}}],"line":108},"2":{"loc":{"start":{"line":109,"column":6},"end":{"line":112,"column":7}},"type":"if","locations":[{"start":{"line":109,"column":6},"end":{"line":112,"column":7}},{"start":{},"end":{}}],"line":109},"3":{"loc":{"start":{"line":117,"column":2},"end":{"line":119,"column":3}},"type":"if","locations":[{"start":{"line":117,"column":2},"end":{"line":119,"column":3}},{"start":{},"end":{}}],"line":117},"4":{"loc":{"start":{"line":123,"column":7},"end":{"line":236,"column":7}},"type":"binary-expr","locations":[{"start":{"line":123,"column":7},"end":{"line":123,"column":11}},{"start":{"line":124,"column":8},"end":{"line":235,"column":15}}],"line":123},"5":{"loc":{"start":{"line":147,"column":28},"end":{"line":147,"column":61}},"type":"cond-expr","locations":[{"start":{"line":147,"column":38},"end":{"line":147,"column":44}},{"start":{"line":147,"column":47},"end":{"line":147,"column":61}}],"line":147},"6":{"loc":{"start":{"line":166,"column":24},"end":{"line":168,"column":57}},"type":"cond-expr","locations":[{"start":{"line":167,"column":28},"end":{"line":167,"column":49}},{"start":{"line":168,"column":28},"end":{"line":168,"column":57}}],"line":166},"7":{"loc":{"start":{"line":179,"column":13},"end":{"line":215,"column":13}},"type":"cond-expr","locations":[{"start":{"line":180,"column":14},"end":{"line":196,"column":16}},{"start":{"line":198,"column":14},"end":{"line":214,"column":16}}],"line":179},"8":{"loc":{"start":{"line":188,"column":30},"end":{"line":188,"column":67}},"type":"cond-expr","locations":[{"start":{"line":188,"column":40},"end":{"line":188,"column":48}},{"start":{"line":188,"column":51},"end":{"line":188,"column":67}}],"line":188},"9":{"loc":{"start":{"line":206,"column":30},"end":{"line":206,"column":67}},"type":"cond-expr","locations":[{"start":{"line":206,"column":40},"end":{"line":206,"column":48}},{"start":{"line":206,"column":51},"end":{"line":206,"column":67}}],"line":206},"10":{"loc":{"start":{"line":225,"column":28},"end":{"line":225,"column":65}},"type":"cond-expr","locations":[{"start":{"line":225,"column":38},"end":{"line":225,"column":46}},{"start":{"line":225,"column":49},"end":{"line":225,"column":65}}],"line":225}},"s":{"0":0,"1":0,"2":0,"3":0,"4":0,"5":0,"6":0,"7":0,"8":0,"9":0,"10":0,"11":0,"12":0,"13":0,"14":0,"15":0,"16":0,"17":0,"18":0,"19":0,"20":0,"21":0,"22":0,"23":0,"24":0,"25":0,"26":0,"27":0,"28":0,"29":0,"30":0,"31":0,"32":0,"33":0,"34":0,"35":0,"36":0,"37":0,"38":0},"f":{"0":0,"1":0,"2":0,"3":0,"4":0,"5":0,"6":0,"7":0,"8":0,"9":0,"10":0,"11":0},"b":{"0":[0,0],"1":[0,0],"2":[0,0],"3":[0,0],"4":[0,0],"5":[0,0],"6":[0,0],"7":[0,0],"8":[0,0],"9":[0,0],"10":[0,0]}}
,"C:\\Users\\annam\\Documents\\GitHub\\MM_FrontEnd_RN\\React_Native\\src\\components\\CounsellorCard.js": {"path":"C:\\Users\\annam\\Documents\\GitHub\\MM_FrontEnd_RN\\React_Native\\src\\components\\CounsellorCard.js","statementMap":{"0":{"start":{"line":7,"column":23},"end":{"line":37,"column":1}},"1":{"start":{"line":16,"column":2},"end":{"line":36,"column":4}},"2":{"start":{"line":39,"column":15},"end":{"line":115,"column":2}}},"fnMap":{"0":{"name":"(anonymous_0)","decl":{"start":{"line":7,"column":23},"end":{"line":7,"column":24}},"loc":{"start":{"line":15,"column":6},"end":{"line":37,"column":1}},"line":15}},"branchMap":{"0":{"loc":{"start":{"line":24,"column":11},"end":{"line":24,"column":37}},"type":"cond-expr","locations":[{"start":{"line":24,"column":20},"end":{"line":24,"column":26}},{"start":{"line":24,"column":29},"end":{"line":24,"column":37}}],"line":24},"1":{"loc":{"start":{"line":26,"column":11},"end":{"line":26,"column":31}},"type":"cond-expr","locations":[{"start":{"line":26,"column":20},"end":{"line":26,"column":24}},{"start":{"line":26,"column":27},"end":{"line":26,"column":31}}],"line":26}},"s":{"0":0,"1":0,"2":0},"f":{"0":0},"b":{"0":[0,0],"1":[0,0]}}
,"C:\\Users\\annam\\Documents\\GitHub\\MM_FrontEnd_RN\\React_Native\\src\\components\\CustomButton.js": {"path":"C:\\Users\\annam\\Documents\\GitHub\\MM_FrontEnd_RN\\React_Native\\src\\components\\CustomButton.js","statementMap":{"0":{"start":{"line":6,"column":21},"end":{"line":66,"column":1}},"1":{"start":{"line":7,"column":17},"end":{"line":45,"column":4}},"2":{"start":{"line":47,"column":20},"end":{"line":47,"column":33}},"3":{"start":{"line":48,"column":2},"end":{"line":50,"column":3}},"4":{"start":{"line":49,"column":4},"end":{"line":49,"column":35}},"5":{"start":{"line":51,"column":2},"end":{"line":53,"column":3}},"6":{"start":{"line":52,"column":4},"end":{"line":52,"column":38}},"7":{"start":{"line":54,"column":2},"end":{"line":65,"column":4}},"8":{"start":{"line":58,"column":10},"end":{"line":58,"column":20}}},"fnMap":{"0":{"name":"(anonymous_0)","decl":{"start":{"line":6,"column":21},"end":{"line":6,"column":22}},"loc":{"start":{"line":6,"column":50},"end":{"line":66,"column":1}},"line":6},"1":{"name":"(anonymous_1)","decl":{"start":{"line":57,"column":17},"end":{"line":57,"column":18}},"loc":{"start":{"line":57,"column":23},"end":{"line":59,"column":9}},"line":57}},"branchMap":{"0":{"loc":{"start":{"line":48,"column":2},"end":{"line":50,"column":3}},"type":"if","locations":[{"start":{"line":48,"column":2},"end":{"line":50,"column":3}},{"start":{},"end":{}}],"line":48},"1":{"loc":{"start":{"line":51,"column":2},"end":{"line":53,"column":3}},"type":"if","locations":[{"start":{"line":51,"column":2},"end":{"line":53,"column":3}},{"start":{},"end":{}}],"line":51}},"s":{"0":1,"1":0,"2":0,"3":0,"4":0,"5":0,"6":0,"7":0,"8":0},"f":{"0":0,"1":0},"b":{"0":[0,0],"1":[0,0]},"_coverageSchema":"1a1c01bbd47fc00a2c39e90264f33305004495a9","hash":"77ed13de119cdfe734d22e5e654f042009d89868"}
,"C:\\Users\\annam\\Documents\\GitHub\\MM_FrontEnd_RN\\React_Native\\src\\components\\CustomTextInput.js": {"path":"C:\\Users\\annam\\Documents\\GitHub\\MM_FrontEnd_RN\\React_Native\\src\\components\\CustomTextInput.js","statementMap":{"0":{"start":{"line":6,"column":24},"end":{"line":98,"column":1}},"1":{"start":{"line":28,"column":21},"end":{"line":28,"column":33}},"2":{"start":{"line":30,"column":34},"end":{"line":42,"column":5}},"3":{"start":{"line":31,"column":6},"end":{"line":33,"column":7}},"4":{"start":{"line":32,"column":8},"end":{"line":32,"column":26}},"5":{"start":{"line":35,"column":6},"end":{"line":37,"column":7}},"6":{"start":{"line":36,"column":8},"end":{"line":36,"column":33}},"7":{"start":{"line":39,"column":6},"end":{"line":41,"column":7}},"8":{"start":{"line":40,"column":8},"end":{"line":40,"column":23}},"9":{"start":{"line":44,"column":4},"end":{"line":48,"column":8}},"10":{"start":{"line":44,"column":36},"end":{"line":48,"column":5}},"11":{"start":{"line":46,"column":8},"end":{"line":46,"column":34}},"12":{"start":{"line":50,"column":4},"end":{"line":96,"column":6}},"13":{"start":{"line":60,"column":12},"end":{"line":92,"column":15}}},"fnMap":{"0":{"name":"(anonymous_0)","decl":{"start":{"line":7,"column":2},"end":{"line":7,"column":3}},"loc":{"start":{"line":27,"column":7},"end":{"line":97,"column":3}},"line":27},"1":{"name":"(anonymous_1)","decl":{"start":{"line":30,"column":34},"end":{"line":30,"column":35}},"loc":{"start":{"line":30,"column":40},"end":{"line":42,"column":5}},"line":30},"2":{"name":"(anonymous_2)","decl":{"start":{"line":44,"column":29},"end":{"line":44,"column":30}},"loc":{"start":{"line":44,"column":36},"end":{"line":48,"column":5}},"line":44},"3":{"name":"(anonymous_3)","decl":{"start":{"line":45,"column":6},"end":{"line":45,"column":7}},"loc":{"start":{"line":45,"column":19},"end":{"line":47,"column":7}},"line":45},"4":{"name":"(anonymous_4)","decl":{"start":{"line":56,"column":18},"end":{"line":56,"column":19}},"loc":{"start":{"line":60,"column":12},"end":{"line":92,"column":15}},"line":60}},"branchMap":{"0":{"loc":{"start":{"line":15,"column":6},"end":{"line":15,"column":16}},"type":"default-arg","locations":[{"start":{"line":15,"column":14},"end":{"line":15,"column":16}}],"line":15},"1":{"loc":{"start":{"line":31,"column":6},"end":{"line":33,"column":7}},"type":"if","locations":[{"start":{"line":31,"column":6},"end":{"line":33,"column":7}},{"start":{},"end":{}}],"line":31},"2":{"loc":{"start":{"line":35,"column":6},"end":{"line":37,"column":7}},"type":"if","locations":[{"start":{"line":35,"column":6},"end":{"line":37,"column":7}},{"start":{},"end":{}}],"line":35},"3":{"loc":{"start":{"line":39,"column":6},"end":{"line":41,"column":7}},"type":"if","locations":[{"start":{"line":39,"column":6},"end":{"line":41,"column":7}},{"start":{},"end":{}}],"line":39},"4":{"loc":{"start":{"line":61,"column":15},"end":{"line":67,"column":15}},"type":"cond-expr","locations":[{"start":{"line":62,"column":16},"end":{"line":64,"column":23}},{"start":{"line":66,"column":16},"end":{"line":66,"column":64}}],"line":61},"5":{"loc":{"start":{"line":63,"column":19},"end":{"line":63,"column":43}},"type":"binary-expr","locations":[{"start":{"line":63,"column":19},"end":{"line":63,"column":32}},{"start":{"line":63,"column":36},"end":{"line":63,"column":43}}],"line":63},"6":{"loc":{"start":{"line":72,"column":32},"end":{"line":72,"column":50}},"type":"binary-expr","locations":[{"start":{"line":72,"column":32},"end":{"line":72,"column":44}},{"start":{"line":72,"column":48},"end":{"line":72,"column":50}}],"line":72},"7":{"loc":{"start":{"line":78,"column":20},"end":{"line":78,"column":52}},"type":"cond-expr","locations":[{"start":{"line":78,"column":28},"end":{"line":78,"column":45}},{"start":{"line":78,"column":48},"end":{"line":78,"column":52}}],"line":78},"8":{"loc":{"start":{"line":79,"column":20},"end":{"line":79,"column":54}},"type":"cond-expr","locations":[{"start":{"line":79,"column":32},"end":{"line":79,"column":47}},{"start":{"line":79,"column":50},"end":{"line":79,"column":54}}],"line":79},"9":{"loc":{"start":{"line":80,"column":20},"end":{"line":80,"column":55}},"type":"cond-expr","locations":[{"start":{"line":80,"column":32},"end":{"line":80,"column":48}},{"start":{"line":80,"column":51},"end":{"line":80,"column":55}}],"line":80}},"s":{"0":1,"1":0,"2":0,"3":0,"4":0,"5":0,"6":0,"7":0,"8":0,"9":0,"10":0,"11":0,"12":0,"13":0},"f":{"0":0,"1":0,"2":0,"3":0,"4":0},"b":{"0":[0],"1":[0,0],"2":[0,0],"3":[0,0],"4":[0,0],"5":[0,0],"6":[0,0],"7":[0,0],"8":[0,0],"9":[0,0]},"_coverageSchema":"1a1c01bbd47fc00a2c39e90264f33305004495a9","hash":"b1a46ca371b4ef8011e2691d73f92f1f92161470"}
,"C:\\Users\\annam\\Documents\\GitHub\\MM_FrontEnd_RN\\React_Native\\src\\components\\CustomUpdateField.js": {"path":"C:\\Users\\annam\\Documents\\GitHub\\MM_FrontEnd_RN\\React_Native\\src\\components\\CustomUpdateField.js","statementMap":{"0":{"start":{"line":7,"column":26},"end":{"line":38,"column":1}},"1":{"start":{"line":8,"column":2},"end":{"line":37,"column":4}}},"fnMap":{"0":{"name":"(anonymous_0)","decl":{"start":{"line":7,"column":26},"end":{"line":7,"column":27}},"loc":{"start":{"line":7,"column":64},"end":{"line":38,"column":1}},"line":7}},"branchMap":{"0":{"loc":{"start":{"line":15,"column":20},"end":{"line":15,"column":49}},"type":"cond-expr","locations":[{"start":{"line":15,"column":34},"end":{"line":15,"column":36}},{"start":{"line":15,"column":39},"end":{"line":15,"column":49}}],"line":15},"1":{"loc":{"start":{"line":17,"column":14},"end":{"line":19,"column":48}},"type":"cond-expr","locations":[{"start":{"line":18,"column":18},"end":{"line":18,"column":45}},{"start":{"line":19,"column":18},"end":{"line":19,"column":48}}],"line":17}},"s":{"0":0,"1":0},"f":{"0":0},"b":{"0":[0,0],"1":[0,0]}}
,"C:\\Users\\annam\\Documents\\GitHub\\MM_FrontEnd_RN\\React_Native\\src\\components\\TItleBar.js": {"path":"C:\\Users\\annam\\Documents\\GitHub\\MM_FrontEnd_RN\\React_Native\\src\\components\\TItleBar.js","statementMap":{"0":{"start":{"line":8,"column":17},"end":{"line":96,"column":1}},"1":{"start":{"line":9,"column":40},"end":{"line":9,"column":55}},"2":{"start":{"line":10,"column":21},"end":{"line":10,"column":36}},"3":{"start":{"line":12,"column":19},"end":{"line":14,"column":3}},"4":{"start":{"line":13,"column":4},"end":{"line":13,"column":25}},"5":{"start":{"line":16,"column":20},"end":{"line":18,"column":3}},"6":{"start":{"line":17,"column":4},"end":{"line":17,"column":26}},"7":{"start":{"line":20,"column":23},"end":{"line":37,"column":3}},"8":{"start":{"line":21,"column":4},"end":{"line":36,"column":5}},"9":{"start":{"line":22,"column":6},"end":{"line":22,"column":30}},"10":{"start":{"line":23,"column":23},"end":{"line":31,"column":7}},"11":{"start":{"line":32,"column":6},"end":{"line":32,"column":48}},"12":{"start":{"line":33,"column":6},"end":{"line":33,"column":35}},"13":{"start":{"line":35,"column":6},"end":{"line":35,"column":25}},"14":{"start":{"line":39,"column":2},"end":{"line":95,"column":4}},"15":{"start":{"line":68,"column":14},"end":{"line":73,"column":16}},"16":{"start":{"line":81,"column":12},"end":{"line":81,"column":48}},"17":{"start":{"line":82,"column":12},"end":{"line":82,"column":24}},"18":{"start":{"line":88,"column":12},"end":{"line":88,"column":27}},"19":{"start":{"line":89,"column":12},"end":{"line":89,"column":24}}},"fnMap":{"0":{"name":"(anonymous_0)","decl":{"start":{"line":8,"column":17},"end":{"line":8,"column":18}},"loc":{"start":{"line":8,"column":31},"end":{"line":96,"column":1}},"line":8},"1":{"name":"(anonymous_1)","decl":{"start":{"line":12,"column":19},"end":{"line":12,"column":20}},"loc":{"start":{"line":12,"column":25},"end":{"line":14,"column":3}},"line":12},"2":{"name":"(anonymous_2)","decl":{"start":{"line":16,"column":20},"end":{"line":16,"column":21}},"loc":{"start":{"line":16,"column":26},"end":{"line":18,"column":3}},"line":16},"3":{"name":"(anonymous_3)","decl":{"start":{"line":20,"column":23},"end":{"line":20,"column":24}},"loc":{"start":{"line":20,"column":35},"end":{"line":37,"column":3}},"line":20},"4":{"name":"(anonymous_4)","decl":{"start":{"line":67,"column":18},"end":{"line":67,"column":19}},"loc":{"start":{"line":68,"column":14},"end":{"line":73,"column":16}},"line":68},"5":{"name":"(anonymous_5)","decl":{"start":{"line":80,"column":19},"end":{"line":80,"column":20}},"loc":{"start":{"line":80,"column":25},"end":{"line":83,"column":11}},"line":80},"6":{"name":"(anonymous_6)","decl":{"start":{"line":87,"column":19},"end":{"line":87,"column":20}},"loc":{"start":{"line":87,"column":25},"end":{"line":90,"column":11}},"line":87}},"branchMap":{},"s":{"0":0,"1":0,"2":0,"3":0,"4":0,"5":0,"6":0,"7":0,"8":0,"9":0,"10":0,"11":0,"12":0,"13":0,"14":0,"15":0,"16":0,"17":0,"18":0,"19":0},"f":{"0":0,"1":0,"2":0,"3":0,"4":0,"5":0,"6":0},"b":{}}
,"C:\\Users\\annam\\Documents\\GitHub\\MM_FrontEnd_RN\\React_Native\\src\\components\\UserCard.js": {"path":"C:\\Users\\annam\\Documents\\GitHub\\MM_FrontEnd_RN\\React_Native\\src\\components\\UserCard.js","statementMap":{"0":{"start":{"line":9,"column":17},"end":{"line":34,"column":1}},"1":{"start":{"line":17,"column":2},"end":{"line":33,"column":4}},"2":{"start":{"line":28,"column":27},"end":{"line":28,"column":45}},"3":{"start":{"line":36,"column":15},"end":{"line":101,"column":2}}},"fnMap":{"0":{"name":"(anonymous_0)","decl":{"start":{"line":9,"column":17},"end":{"line":9,"column":18}},"loc":{"start":{"line":16,"column":6},"end":{"line":34,"column":1}},"line":16},"1":{"name":"(anonymous_1)","decl":{"start":{"line":28,"column":21},"end":{"line":28,"column":22}},"loc":{"start":{"line":28,"column":27},"end":{"line":28,"column":45}},"line":28}},"branchMap":{},"s":{"0":0,"1":0,"2":0,"3":0},"f":{"0":0,"1":0},"b":{}}
,"C:\\Users\\annam\\Documents\\GitHub\\MM_FrontEnd_RN\\React_Native\\src\\components\\profiles\\AddressDetails.js": {"path":"C:\\Users\\annam\\Documents\\GitHub\\MM_FrontEnd_RN\\React_Native\\src\\components\\profiles\\AddressDetails.js","statementMap":{"0":{"start":{"line":15,"column":2},"end":{"line":29,"column":4}}},"fnMap":{"0":{"name":"AddressDetails","decl":{"start":{"line":8,"column":9},"end":{"line":8,"column":23}},"loc":{"start":{"line":14,"column":3},"end":{"line":30,"column":1}},"line":14}},"branchMap":{},"s":{"0":0},"f":{"0":0},"b":{}}
,"C:\\Users\\annam\\Documents\\GitHub\\MM_FrontEnd_RN\\React_Native\\src\\components\\profiles\\AddressDetailsBusiness.js": {"path":"C:\\Users\\annam\\Documents\\GitHub\\MM_FrontEnd_RN\\React_Native\\src\\components\\profiles\\AddressDetailsBusiness.js","statementMap":{"0":{"start":{"line":9,"column":4},"end":{"line":22,"column":9}}},"fnMap":{"0":{"name":"AddressDetailsBusiness","decl":{"start":{"line":8,"column":9},"end":{"line":8,"column":31}},"loc":{"start":{"line":8,"column":99},"end":{"line":23,"column":1}},"line":8}},"branchMap":{},"s":{"0":0},"f":{"0":0},"b":{}}
,"C:\\Users\\annam\\Documents\\GitHub\\MM_FrontEnd_RN\\React_Native\\src\\components\\profiles\\Biography.js": {"path":"C:\\Users\\annam\\Documents\\GitHub\\MM_FrontEnd_RN\\React_Native\\src\\components\\profiles\\Biography.js","statementMap":{"0":{"start":{"line":9,"column":2},"end":{"line":16,"column":4}}},"fnMap":{"0":{"name":"Biography","decl":{"start":{"line":8,"column":9},"end":{"line":8,"column":18}},"loc":{"start":{"line":8,"column":34},"end":{"line":17,"column":1}},"line":8}},"branchMap":{},"s":{"0":0},"f":{"0":0},"b":{}}
,"C:\\Users\\annam\\Documents\\GitHub\\MM_FrontEnd_RN\\React_Native\\src\\components\\profiles\\ContactDetails.js": {"path":"C:\\Users\\annam\\Documents\\GitHub\\MM_FrontEnd_RN\\React_Native\\src\\components\\profiles\\ContactDetails.js","statementMap":{"0":{"start":{"line":9,"column":2},"end":{"line":19,"column":4}}},"fnMap":{"0":{"name":"ContactDetails","decl":{"start":{"line":8,"column":9},"end":{"line":8,"column":23}},"loc":{"start":{"line":8,"column":42},"end":{"line":20,"column":1}},"line":8}},"branchMap":{},"s":{"0":0},"f":{"0":0},"b":{}}
,"C:\\Users\\annam\\Documents\\GitHub\\MM_FrontEnd_RN\\React_Native\\src\\components\\profiles\\Culture.js": {"path":"C:\\Users\\annam\\Documents\\GitHub\\MM_FrontEnd_RN\\React_Native\\src\\components\\profiles\\Culture.js","statementMap":{"0":{"start":{"line":9,"column":2},"end":{"line":16,"column":4}}},"fnMap":{"0":{"name":"Culture","decl":{"start":{"line":8,"column":9},"end":{"line":8,"column":16}},"loc":{"start":{"line":8,"column":30},"end":{"line":17,"column":1}},"line":8}},"branchMap":{},"s":{"0":0},"f":{"0":0},"b":{}}
,"C:\\Users\\annam\\Documents\\GitHub\\MM_FrontEnd_RN\\React_Native\\src\\components\\profiles\\DateOfBirth.js": {"path":"C:\\Users\\annam\\Documents\\GitHub\\MM_FrontEnd_RN\\React_Native\\src\\components\\profiles\\DateOfBirth.js","statementMap":{"0":{"start":{"line":9,"column":4},"end":{"line":14,"column":9}}},"fnMap":{"0":{"name":"DateOfBirth","decl":{"start":{"line":8,"column":9},"end":{"line":8,"column":20}},"loc":{"start":{"line":8,"column":35},"end":{"line":15,"column":1}},"line":8}},"branchMap":{},"s":{"0":0},"f":{"0":0},"b":{}}
,"C:\\Users\\annam\\Documents\\GitHub\\MM_FrontEnd_RN\\React_Native\\src\\components\\profiles\\FullName.js": {"path":"C:\\Users\\annam\\Documents\\GitHub\\MM_FrontEnd_RN\\React_Native\\src\\components\\profiles\\FullName.js","statementMap":{"0":{"start":{"line":9,"column":4},"end":{"line":14,"column":9}}},"fnMap":{"0":{"name":"FullName","decl":{"start":{"line":8,"column":9},"end":{"line":8,"column":17}},"loc":{"start":{"line":8,"column":40},"end":{"line":15,"column":1}},"line":8}},"branchMap":{},"s":{"0":0},"f":{"0":0},"b":{}}
,"C:\\Users\\annam\\Documents\\GitHub\\MM_FrontEnd_RN\\React_Native\\src\\components\\profiles\\Language.js": {"path":"C:\\Users\\annam\\Documents\\GitHub\\MM_FrontEnd_RN\\React_Native\\src\\components\\profiles\\Language.js","statementMap":{"0":{"start":{"line":9,"column":2},"end":{"line":15,"column":19}},"1":{"start":{"line":10,"column":4},"end":{"line":15,"column":17}}},"fnMap":{"0":{"name":"Language","decl":{"start":{"line":8,"column":9},"end":{"line":8,"column":17}},"loc":{"start":{"line":8,"column":33},"end":{"line":16,"column":1}},"line":8},"1":{"name":"(anonymous_1)","decl":{"start":{"line":9,"column":23},"end":{"line":9,"column":24}},"loc":{"start":{"line":10,"column":4},"end":{"line":15,"column":17}},"line":10}},"branchMap":{},"s":{"0":0,"1":0},"f":{"0":0,"1":0},"b":{}}
,"C:\\Users\\annam\\Documents\\GitHub\\MM_FrontEnd_RN\\React_Native\\src\\components\\profiles\\MentalDisorder.js": {"path":"C:\\Users\\annam\\Documents\\GitHub\\MM_FrontEnd_RN\\React_Native\\src\\components\\profiles\\MentalDisorder.js","statementMap":{"0":{"start":{"line":9,"column":2},"end":{"line":16,"column":5}},"1":{"start":{"line":10,"column":4},"end":{"line":15,"column":11}}},"fnMap":{"0":{"name":"MentalDisorder","decl":{"start":{"line":8,"column":9},"end":{"line":8,"column":23}},"loc":{"start":{"line":8,"column":45},"end":{"line":17,"column":1}},"line":8},"1":{"name":"(anonymous_1)","decl":{"start":{"line":9,"column":29},"end":{"line":9,"column":30}},"loc":{"start":{"line":10,"column":4},"end":{"line":15,"column":11}},"line":10}},"branchMap":{},"s":{"0":0,"1":0},"f":{"0":0,"1":0},"b":{}}
,"C:\\Users\\annam\\Documents\\GitHub\\MM_FrontEnd_RN\\React_Native\\src\\components\\profiles\\Orientation.js": {"path":"C:\\Users\\annam\\Documents\\GitHub\\MM_FrontEnd_RN\\React_Native\\src\\components\\profiles\\Orientation.js","statementMap":{"0":{"start":{"line":9,"column":4},"end":{"line":17,"column":9}}},"fnMap":{"0":{"name":"Orientation","decl":{"start":{"line":8,"column":9},"end":{"line":8,"column":20}},"loc":{"start":{"line":8,"column":41},"end":{"line":18,"column":1}},"line":8}},"branchMap":{},"s":{"0":0},"f":{"0":0},"b":{}}
,"C:\\Users\\annam\\Documents\\GitHub\\MM_FrontEnd_RN\\React_Native\\src\\components\\profiles\\PreferredCounsellorGender.js": {"path":"C:\\Users\\annam\\Documents\\GitHub\\MM_FrontEnd_RN\\React_Native\\src\\components\\profiles\\PreferredCounsellorGender.js","statementMap":{"0":{"start":{"line":9,"column":2},"end":{"line":16,"column":4}}},"fnMap":{"0":{"name":"PreferredCounsellorGender","decl":{"start":{"line":8,"column":9},"end":{"line":8,"column":34}},"loc":{"start":{"line":8,"column":66},"end":{"line":17,"column":1}},"line":8}},"branchMap":{},"s":{"0":0},"f":{"0":0},"b":{}}
,"C:\\Users\\annam\\Documents\\GitHub\\MM_FrontEnd_RN\\React_Native\\src\\components\\profiles\\Religion.js": {"path":"C:\\Users\\annam\\Documents\\GitHub\\MM_FrontEnd_RN\\React_Native\\src\\components\\profiles\\Religion.js","statementMap":{"0":{"start":{"line":9,"column":2},"end":{"line":16,"column":4}}},"fnMap":{"0":{"name":"Religion","decl":{"start":{"line":8,"column":9},"end":{"line":8,"column":17}},"loc":{"start":{"line":8,"column":32},"end":{"line":17,"column":1}},"line":8}},"branchMap":{},"s":{"0":0},"f":{"0":0},"b":{}}
,"C:\\Users\\annam\\Documents\\GitHub\\MM_FrontEnd_RN\\React_Native\\src\\components\\profiles\\TreatmentMethod.js": {"path":"C:\\Users\\annam\\Documents\\GitHub\\MM_FrontEnd_RN\\React_Native\\src\\components\\profiles\\TreatmentMethod.js","statementMap":{"0":{"start":{"line":9,"column":2},"end":{"line":15,"column":19}},"1":{"start":{"line":10,"column":4},"end":{"line":15,"column":17}}},"fnMap":{"0":{"name":"TreatmentMethod","decl":{"start":{"line":8,"column":9},"end":{"line":8,"column":24}},"loc":{"start":{"line":8,"column":47},"end":{"line":16,"column":1}},"line":8},"1":{"name":"(anonymous_1)","decl":{"start":{"line":9,"column":30},"end":{"line":9,"column":31}},"loc":{"start":{"line":10,"column":4},"end":{"line":15,"column":17}},"line":10}},"branchMap":{},"s":{"0":0,"1":0},"f":{"0":0,"1":0},"b":{}}
,"C:\\Users\\annam\\Documents\\GitHub\\MM_FrontEnd_RN\\React_Native\\src\\components\\profiles\\Username.js": {"path":"C:\\Users\\annam\\Documents\\GitHub\\MM_FrontEnd_RN\\React_Native\\src\\components\\profiles\\Username.js","statementMap":{"0":{"start":{"line":9,"column":4},"end":{"line":14,"column":9}}},"fnMap":{"0":{"name":"Username","decl":{"start":{"line":8,"column":9},"end":{"line":8,"column":17}},"loc":{"start":{"line":8,"column":29},"end":{"line":15,"column":1}},"line":8}},"branchMap":{},"s":{"0":0},"f":{"0":0},"b":{}}
,"C:\\Users\\annam\\Documents\\GitHub\\MM_FrontEnd_RN\\React_Native\\src\\components\\signup\\Address.js": {"path":"C:\\Users\\annam\\Documents\\GitHub\\MM_FrontEnd_RN\\React_Native\\src\\components\\signup\\Address.js","statementMap":{"0":{"start":{"line":10,"column":16},"end":{"line":230,"column":1}},"1":{"start":{"line":34,"column":6},"end":{"line":43,"column":4}},"2":{"start":{"line":45,"column":21},"end":{"line":55,"column":3}},"3":{"start":{"line":46,"column":4},"end":{"line":48,"column":5}},"4":{"start":{"line":47,"column":6},"end":{"line":47,"column":41}},"5":{"start":{"line":49,"column":4},"end":{"line":49,"column":43}},"6":{"start":{"line":50,"column":4},"end":{"line":50,"column":43}},"7":{"start":{"line":51,"column":4},"end":{"line":51,"column":27}},"8":{"start":{"line":52,"column":4},"end":{"line":52,"column":23}},"9":{"start":{"line":53,"column":4},"end":{"line":53,"column":31}},"10":{"start":{"line":54,"column":4},"end":{"line":54,"column":15}},"11":{"start":{"line":58,"column":24},"end":{"line":60,"column":3}},"12":{"start":{"line":59,"column":4},"end":{"line":59,"column":19}},"13":{"start":{"line":63,"column":24},"end":{"line":85,"column":3}},"14":{"start":{"line":64,"column":4},"end":{"line":84,"column":5}},"15":{"start":{"line":65,"column":25},"end":{"line":72,"column":7}},"16":{"start":{"line":73,"column":6},"end":{"line":73,"column":31}},"17":{"start":{"line":75,"column":25},"end":{"line":82,"column":7}},"18":{"start":{"line":83,"column":6},"end":{"line":83,"column":31}},"19":{"start":{"line":87,"column":2},"end":{"line":229,"column":4}}},"fnMap":{"0":{"name":"(anonymous_0)","decl":{"start":{"line":10,"column":16},"end":{"line":10,"column":17}},"loc":{"start":{"line":29,"column":6},"end":{"line":230,"column":1}},"line":29},"1":{"name":"(anonymous_1)","decl":{"start":{"line":45,"column":21},"end":{"line":45,"column":22}},"loc":{"start":{"line":45,"column":31},"end":{"line":55,"column":3}},"line":45},"2":{"name":"(anonymous_2)","decl":{"start":{"line":58,"column":24},"end":{"line":58,"column":25}},"loc":{"start":{"line":58,"column":30},"end":{"line":60,"column":3}},"line":58},"3":{"name":"(anonymous_3)","decl":{"start":{"line":63,"column":24},"end":{"line":63,"column":25}},"loc":{"start":{"line":63,"column":40},"end":{"line":85,"column":3}},"line":63}},"branchMap":{"0":{"loc":{"start":{"line":46,"column":4},"end":{"line":48,"column":5}},"type":"if","locations":[{"start":{"line":46,"column":4},"end":{"line":48,"column":5}},{"start":{},"end":{}}],"line":46},"1":{"loc":{"start":{"line":64,"column":4},"end":{"line":84,"column":5}},"type":"if","locations":[{"start":{"line":64,"column":4},"end":{"line":84,"column":5}},{"start":{"line":74,"column":11},"end":{"line":84,"column":5}}],"line":64},"2":{"loc":{"start":{"line":91,"column":11},"end":{"line":91,"column":68}},"type":"cond-expr","locations":[{"start":{"line":91,"column":22},"end":{"line":91,"column":43}},{"start":{"line":91,"column":46},"end":{"line":91,"column":68}}],"line":91},"3":{"loc":{"start":{"line":96,"column":18},"end":{"line":96,"column":62}},"type":"cond-expr","locations":[{"start":{"line":96,"column":42},"end":{"line":96,"column":51}},{"start":{"line":96,"column":54},"end":{"line":96,"column":62}}],"line":96},"4":{"loc":{"start":{"line":100,"column":11},"end":{"line":117,"column":11}},"type":"cond-expr","locations":[{"start":{"line":101,"column":12},"end":{"line":114,"column":14}},{"start":{"line":116,"column":12},"end":{"line":116,"column":14}}],"line":100},"5":{"loc":{"start":{"line":106,"column":28},"end":{"line":106,"column":46}},"type":"binary-expr","locations":[{"start":{"line":106,"column":28},"end":{"line":106,"column":40}},{"start":{"line":106,"column":44},"end":{"line":106,"column":46}}],"line":106},"6":{"loc":{"start":{"line":124,"column":26},"end":{"line":124,"column":46}},"type":"binary-expr","locations":[{"start":{"line":124,"column":26},"end":{"line":124,"column":40}},{"start":{"line":124,"column":44},"end":{"line":124,"column":46}}],"line":124},"7":{"loc":{"start":{"line":126,"column":24},"end":{"line":128,"column":27}},"type":"cond-expr","locations":[{"start":{"line":127,"column":18},"end":{"line":127,"column":48}},{"start":{"line":128,"column":18},"end":{"line":128,"column":27}}],"line":126},"8":{"loc":{"start":{"line":141,"column":26},"end":{"line":141,"column":46}},"type":"binary-expr","locations":[{"start":{"line":141,"column":26},"end":{"line":141,"column":40}},{"start":{"line":141,"column":44},"end":{"line":141,"column":46}}],"line":141},"9":{"loc":{"start":{"line":155,"column":26},"end":{"line":155,"column":38}},"type":"binary-expr","locations":[{"start":{"line":155,"column":26},"end":{"line":155,"column":32}},{"start":{"line":155,"column":36},"end":{"line":155,"column":38}}],"line":155},"10":{"loc":{"start":{"line":169,"column":26},"end":{"line":169,"column":46}},"type":"binary-expr","locations":[{"start":{"line":169,"column":26},"end":{"line":169,"column":40}},{"start":{"line":169,"column":44},"end":{"line":169,"column":46}}],"line":169},"11":{"loc":{"start":{"line":202,"column":9},"end":{"line":224,"column":9}},"type":"cond-expr","locations":[{"start":{"line":203,"column":10},"end":{"line":214,"column":17}},{"start":{"line":216,"column":10},"end":{"line":223,"column":17}}],"line":202}},"s":{"0":0,"1":0,"2":0,"3":0,"4":0,"5":0,"6":0,"7":0,"8":0,"9":0,"10":0,"11":0,"12":0,"13":0,"14":0,"15":0,"16":0,"17":0,"18":0,"19":0},"f":{"0":0,"1":0,"2":0,"3":0},"b":{"0":[0,0],"1":[0,0],"2":[0,0],"3":[0,0],"4":[0,0],"5":[0,0],"6":[0,0],"7":[0,0],"8":[0,0],"9":[0,0],"10":[0,0],"11":[0,0]}}
,"C:\\Users\\annam\\Documents\\GitHub\\MM_FrontEnd_RN\\React_Native\\src\\components\\signup\\Biography.js": {"path":"C:\\Users\\annam\\Documents\\GitHub\\MM_FrontEnd_RN\\React_Native\\src\\components\\signup\\Biography.js","statementMap":{"0":{"start":{"line":18,"column":18},"end":{"line":113,"column":1}},"1":{"start":{"line":31,"column":6},"end":{"line":35,"column":4}},"2":{"start":{"line":37,"column":21},"end":{"line":40,"column":3}},"3":{"start":{"line":38,"column":4},"end":{"line":38,"column":33}},"4":{"start":{"line":39,"column":4},"end":{"line":39,"column":15}},"5":{"start":{"line":42,"column":26},"end":{"line":44,"column":3}},"6":{"start":{"line":43,"column":4},"end":{"line":43,"column":23}},"7":{"start":{"line":47,"column":24},"end":{"line":49,"column":3}},"8":{"start":{"line":48,"column":4},"end":{"line":48,"column":19}},"9":{"start":{"line":51,"column":24},"end":{"line":56,"column":3}},"10":{"start":{"line":52,"column":23},"end":{"line":54,"column":5}},"11":{"start":{"line":55,"column":4},"end":{"line":55,"column":29}},"12":{"start":{"line":58,"column":2},"end":{"line":112,"column":4}}},"fnMap":{"0":{"name":"(anonymous_0)","decl":{"start":{"line":18,"column":18},"end":{"line":18,"column":19}},"loc":{"start":{"line":26,"column":6},"end":{"line":113,"column":1}},"line":26},"1":{"name":"(anonymous_1)","decl":{"start":{"line":37,"column":21},"end":{"line":37,"column":22}},"loc":{"start":{"line":37,"column":31},"end":{"line":40,"column":3}},"line":37},"2":{"name":"(anonymous_2)","decl":{"start":{"line":42,"column":26},"end":{"line":42,"column":27}},"loc":{"start":{"line":42,"column":32},"end":{"line":44,"column":3}},"line":42},"3":{"name":"(anonymous_3)","decl":{"start":{"line":47,"column":24},"end":{"line":47,"column":25}},"loc":{"start":{"line":47,"column":30},"end":{"line":49,"column":3}},"line":47},"4":{"name":"(anonymous_4)","decl":{"start":{"line":51,"column":24},"end":{"line":51,"column":25}},"loc":{"start":{"line":51,"column":34},"end":{"line":56,"column":3}},"line":51}},"branchMap":{"0":{"loc":{"start":{"line":73,"column":26},"end":{"line":73,"column":41}},"type":"binary-expr","locations":[{"start":{"line":73,"column":26},"end":{"line":73,"column":35}},{"start":{"line":73,"column":39},"end":{"line":73,"column":41}}],"line":73},"1":{"loc":{"start":{"line":85,"column":9},"end":{"line":107,"column":9}},"type":"cond-expr","locations":[{"start":{"line":86,"column":10},"end":{"line":97,"column":17}},{"start":{"line":99,"column":10},"end":{"line":106,"column":17}}],"line":85}},"s":{"0":0,"1":0,"2":0,"3":0,"4":0,"5":0,"6":0,"7":0,"8":0,"9":0,"10":0,"11":0,"12":0},"f":{"0":0,"1":0,"2":0,"3":0,"4":0},"b":{"0":[0,0],"1":[0,0]}}
,"C:\\Users\\annam\\Documents\\GitHub\\MM_FrontEnd_RN\\React_Native\\src\\components\\signup\\Culture.js": {"path":"C:\\Users\\annam\\Documents\\GitHub\\MM_FrontEnd_RN\\React_Native\\src\\components\\signup\\Culture.js","statementMap":{"0":{"start":{"line":9,"column":16},"end":{"line":99,"column":1}},"1":{"start":{"line":18,"column":34},"end":{"line":18,"column":46}},"2":{"start":{"line":19,"column":40},"end":{"line":19,"column":51}},"3":{"start":{"line":20,"column":26},"end":{"line":20,"column":41}},"4":{"start":{"line":22,"column":2},"end":{"line":36,"column":9}},"5":{"start":{"line":23,"column":4},"end":{"line":35,"column":9}},"6":{"start":{"line":26,"column":21},"end":{"line":29,"column":11}},"7":{"start":{"line":26,"column":53},"end":{"line":29,"column":9}},"8":{"start":{"line":30,"column":8},"end":{"line":30,"column":26}},"9":{"start":{"line":31,"column":8},"end":{"line":31,"column":26}},"10":{"start":{"line":34,"column":8},"end":{"line":34,"column":27}},"11":{"start":{"line":39,"column":2},"end":{"line":41,"column":16}},"12":{"start":{"line":40,"column":4},"end":{"line":40,"column":28}},"13":{"start":{"line":43,"column":21},"end":{"line":50,"column":3}},"14":{"start":{"line":44,"column":4},"end":{"line":49,"column":5}},"15":{"start":{"line":45,"column":6},"end":{"line":45,"column":30}},"16":{"start":{"line":46,"column":6},"end":{"line":46,"column":17}},"17":{"start":{"line":48,"column":6},"end":{"line":48,"column":36}},"18":{"start":{"line":54,"column":24},"end":{"line":56,"column":3}},"19":{"start":{"line":55,"column":4},"end":{"line":55,"column":19}},"20":{"start":{"line":58,"column":24},"end":{"line":63,"column":3}},"21":{"start":{"line":59,"column":23},"end":{"line":61,"column":5}},"22":{"start":{"line":62,"column":4},"end":{"line":62,"column":29}},"23":{"start":{"line":65,"column":2},"end":{"line":98,"column":4}}},"fnMap":{"0":{"name":"(anonymous_0)","decl":{"start":{"line":9,"column":16},"end":{"line":9,"column":17}},"loc":{"start":{"line":17,"column":6},"end":{"line":99,"column":1}},"line":17},"1":{"name":"(anonymous_1)","decl":{"start":{"line":22,"column":12},"end":{"line":22,"column":13}},"loc":{"start":{"line":22,"column":18},"end":{"line":36,"column":3}},"line":22},"2":{"name":"(anonymous_2)","decl":{"start":{"line":25,"column":12},"end":{"line":25,"column":13}},"loc":{"start":{"line":25,"column":26},"end":{"line":32,"column":7}},"line":25},"3":{"name":"(anonymous_3)","decl":{"start":{"line":26,"column":39},"end":{"line":26,"column":40}},"loc":{"start":{"line":26,"column":53},"end":{"line":29,"column":9}},"line":26},"4":{"name":"(anonymous_4)","decl":{"start":{"line":33,"column":13},"end":{"line":33,"column":14}},"loc":{"start":{"line":33,"column":24},"end":{"line":35,"column":7}},"line":33},"5":{"name":"(anonymous_5)","decl":{"start":{"line":39,"column":12},"end":{"line":39,"column":13}},"loc":{"start":{"line":39,"column":18},"end":{"line":41,"column":3}},"line":39},"6":{"name":"(anonymous_6)","decl":{"start":{"line":43,"column":21},"end":{"line":43,"column":22}},"loc":{"start":{"line":43,"column":27},"end":{"line":50,"column":3}},"line":43},"7":{"name":"(anonymous_7)","decl":{"start":{"line":54,"column":24},"end":{"line":54,"column":25}},"loc":{"start":{"line":54,"column":30},"end":{"line":56,"column":3}},"line":54},"8":{"name":"(anonymous_8)","decl":{"start":{"line":58,"column":24},"end":{"line":58,"column":25}},"loc":{"start":{"line":58,"column":30},"end":{"line":63,"column":3}},"line":58}},"branchMap":{"0":{"loc":{"start":{"line":44,"column":4},"end":{"line":49,"column":5}},"type":"if","locations":[{"start":{"line":44,"column":4},"end":{"line":49,"column":5}},{"start":{"line":47,"column":11},"end":{"line":49,"column":5}}],"line":44},"1":{"loc":{"start":{"line":69,"column":11},"end":{"line":69,"column":41}},"type":"cond-expr","locations":[{"start":{"line":69,"column":22},"end":{"line":69,"column":30}},{"start":{"line":69,"column":33},"end":{"line":69,"column":41}}],"line":69},"2":{"loc":{"start":{"line":85,"column":7},"end":{"line":95,"column":7}},"type":"cond-expr","locations":[{"start":{"line":86,"column":8},"end":{"line":89,"column":15}},{"start":{"line":91,"column":8},"end":{"line":94,"column":15}}],"line":85}},"s":{"0":0,"1":0,"2":0,"3":0,"4":0,"5":0,"6":0,"7":0,"8":0,"9":0,"10":0,"11":0,"12":0,"13":0,"14":0,"15":0,"16":0,"17":0,"18":0,"19":0,"20":0,"21":0,"22":0,"23":0},"f":{"0":0,"1":0,"2":0,"3":0,"4":0,"5":0,"6":0,"7":0,"8":0},"b":{"0":[0,0],"1":[0,0],"2":[0,0]}}
,"C:\\Users\\annam\\Documents\\GitHub\\MM_FrontEnd_RN\\React_Native\\src\\components\\signup\\DateOfBirth.js": {"path":"C:\\Users\\annam\\Documents\\GitHub\\MM_FrontEnd_RN\\React_Native\\src\\components\\signup\\DateOfBirth.js","statementMap":{"0":{"start":{"line":17,"column":20},"end":{"line":165,"column":1}},"1":{"start":{"line":27,"column":42},"end":{"line":27,"column":62}},"2":{"start":{"line":28,"column":42},"end":{"line":28,"column":57}},"3":{"start":{"line":29,"column":38},"end":{"line":29,"column":60}},"4":{"start":{"line":30,"column":46},"end":{"line":30,"column":61}},"5":{"start":{"line":35,"column":2},"end":{"line":39,"column":9}},"6":{"start":{"line":36,"column":4},"end":{"line":38,"column":5}},"7":{"start":{"line":37,"column":6},"end":{"line":37,"column":33}},"8":{"start":{"line":41,"column":27},"end":{"line":48,"column":3}},"9":{"start":{"line":42,"column":4},"end":{"line":47,"column":5}},"10":{"start":{"line":43,"column":6},"end":{"line":43,"column":24}},"11":{"start":{"line":44,"column":6},"end":{"line":44,"column":28}},"12":{"start":{"line":45,"column":6},"end":{"line":45,"column":29}},"13":{"start":{"line":46,"column":6},"end":{"line":46,"column":28}},"14":{"start":{"line":50,"column":27},"end":{"line":55,"column":3}},"15":{"start":{"line":51,"column":17},"end":{"line":51,"column":35}},"16":{"start":{"line":52,"column":18},"end":{"line":52,"column":67}},"17":{"start":{"line":53,"column":16},"end":{"line":53,"column":58}},"18":{"start":{"line":54,"column":4},"end":{"line":54,"column":50}},"19":{"start":{"line":57,"column":21},"end":{"line":64,"column":3}},"20":{"start":{"line":58,"column":4},"end":{"line":63,"column":5}},"21":{"start":{"line":59,"column":6},"end":{"line":59,"column":64}},"22":{"start":{"line":60,"column":11},"end":{"line":63,"column":5}},"23":{"start":{"line":61,"column":6},"end":{"line":61,"column":33}},"24":{"start":{"line":62,"column":6},"end":{"line":62,"column":17}},"25":{"start":{"line":68,"column":24},"end":{"line":70,"column":3}},"26":{"start":{"line":69,"column":4},"end":{"line":69,"column":19}},"27":{"start":{"line":72,"column":24},"end":{"line":81,"column":3}},"28":{"start":{"line":73,"column":4},"end":{"line":80,"column":5}},"29":{"start":{"line":74,"column":6},"end":{"line":74,"column":64}},"30":{"start":{"line":75,"column":11},"end":{"line":80,"column":5}},"31":{"start":{"line":76,"column":25},"end":{"line":78,"column":7}},"32":{"start":{"line":79,"column":6},"end":{"line":79,"column":31}},"33":{"start":{"line":83,"column":23},"end":{"line":88,"column":3}},"34":{"start":{"line":84,"column":23},"end":{"line":86,"column":5}},"35":{"start":{"line":87,"column":4},"end":{"line":87,"column":29}},"36":{"start":{"line":90,"column":2},"end":{"line":164,"column":4}},"37":{"start":{"line":105,"column":27},"end":{"line":105,"column":50}},"38":{"start":{"line":134,"column":29},"end":{"line":134,"column":53}}},"fnMap":{"0":{"name":"(anonymous_0)","decl":{"start":{"line":17,"column":20},"end":{"line":17,"column":21}},"loc":{"start":{"line":26,"column":6},"end":{"line":165,"column":1}},"line":26},"1":{"name":"(anonymous_1)","decl":{"start":{"line":35,"column":12},"end":{"line":35,"column":13}},"loc":{"start":{"line":35,"column":18},"end":{"line":39,"column":3}},"line":35},"2":{"name":"(anonymous_2)","decl":{"start":{"line":41,"column":27},"end":{"line":41,"column":28}},"loc":{"start":{"line":41,"column":44},"end":{"line":48,"column":3}},"line":41},"3":{"name":"(anonymous_3)","decl":{"start":{"line":50,"column":27},"end":{"line":50,"column":28}},"loc":{"start":{"line":50,"column":37},"end":{"line":55,"column":3}},"line":50},"4":{"name":"(anonymous_4)","decl":{"start":{"line":57,"column":21},"end":{"line":57,"column":22}},"loc":{"start":{"line":57,"column":27},"end":{"line":64,"column":3}},"line":57},"5":{"name":"(anonymous_5)","decl":{"start":{"line":68,"column":24},"end":{"line":68,"column":25}},"loc":{"start":{"line":68,"column":30},"end":{"line":70,"column":3}},"line":68},"6":{"name":"(anonymous_6)","decl":{"start":{"line":72,"column":24},"end":{"line":72,"column":25}},"loc":{"start":{"line":72,"column":30},"end":{"line":81,"column":3}},"line":72},"7":{"name":"(anonymous_7)","decl":{"start":{"line":83,"column":23},"end":{"line":83,"column":24}},"loc":{"start":{"line":83,"column":29},"end":{"line":88,"column":3}},"line":83},"8":{"name":"(anonymous_8)","decl":{"start":{"line":105,"column":21},"end":{"line":105,"column":22}},"loc":{"start":{"line":105,"column":27},"end":{"line":105,"column":50}},"line":105},"9":{"name":"(anonymous_9)","decl":{"start":{"line":134,"column":23},"end":{"line":134,"column":24}},"loc":{"start":{"line":134,"column":29},"end":{"line":134,"column":53}},"line":134}},"branchMap":{"0":{"loc":{"start":{"line":36,"column":4},"end":{"line":38,"column":5}},"type":"if","locations":[{"start":{"line":36,"column":4},"end":{"line":38,"column":5}},{"start":{},"end":{}}],"line":36},"1":{"loc":{"start":{"line":42,"column":4},"end":{"line":47,"column":5}},"type":"if","locations":[{"start":{"line":42,"column":4},"end":{"line":47,"column":5}},{"start":{},"end":{}}],"line":42},"2":{"loc":{"start":{"line":58,"column":4},"end":{"line":63,"column":5}},"type":"if","locations":[{"start":{"line":58,"column":4},"end":{"line":63,"column":5}},{"start":{"line":60,"column":11},"end":{"line":63,"column":5}}],"line":58},"3":{"loc":{"start":{"line":60,"column":11},"end":{"line":63,"column":5}},"type":"if","locations":[{"start":{"line":60,"column":11},"end":{"line":63,"column":5}},{"start":{},"end":{}}],"line":60},"4":{"loc":{"start":{"line":73,"column":4},"end":{"line":80,"column":5}},"type":"if","locations":[{"start":{"line":73,"column":4},"end":{"line":80,"column":5}},{"start":{"line":75,"column":11},"end":{"line":80,"column":5}}],"line":73},"5":{"loc":{"start":{"line":75,"column":11},"end":{"line":80,"column":5}},"type":"if","locations":[{"start":{"line":75,"column":11},"end":{"line":80,"column":5}},{"start":{},"end":{}}],"line":75},"6":{"loc":{"start":{"line":94,"column":11},"end":{"line":94,"column":41}},"type":"cond-expr","locations":[{"start":{"line":94,"column":22},"end":{"line":94,"column":30}},{"start":{"line":94,"column":33},"end":{"line":94,"column":41}}],"line":94},"7":{"loc":{"start":{"line":141,"column":7},"end":{"line":151,"column":7}},"type":"cond-expr","locations":[{"start":{"line":142,"column":8},"end":{"line":145,"column":15}},{"start":{"line":147,"column":8},"end":{"line":150,"column":15}}],"line":141},"8":{"loc":{"start":{"line":153,"column":9},"end":{"line":161,"column":9}},"type":"cond-expr","locations":[{"start":{"line":154,"column":10},"end":{"line":158,"column":29}},{"start":{"line":160,"column":10},"end":{"line":160,"column":12}}],"line":153},"9":{"loc":{"start":{"line":154,"column":37},"end":{"line":154,"column":71}},"type":"cond-expr","locations":[{"start":{"line":154,"column":48},"end":{"line":154,"column":60}},{"start":{"line":154,"column":63},"end":{"line":154,"column":71}}],"line":154}},"s":{"0":0,"1":0,"2":0,"3":0,"4":0,"5":0,"6":0,"7":0,"8":0,"9":0,"10":0,"11":0,"12":0,"13":0,"14":0,"15":0,"16":0,"17":0,"18":0,"19":0,"20":0,"21":0,"22":0,"23":0,"24":0,"25":0,"26":0,"27":0,"28":0,"29":0,"30":0,"31":0,"32":0,"33":0,"34":0,"35":0,"36":0,"37":0,"38":0},"f":{"0":0,"1":0,"2":0,"3":0,"4":0,"5":0,"6":0,"7":0,"8":0,"9":0},"b":{"0":[0,0],"1":[0,0],"2":[0,0],"3":[0,0],"4":[0,0],"5":[0,0],"6":[0,0],"7":[0,0],"8":[0,0],"9":[0,0]}}
,"C:\\Users\\annam\\Documents\\GitHub\\MM_FrontEnd_RN\\React_Native\\src\\components\\signup\\Full_Name.js": {"path":"C:\\Users\\annam\\Documents\\GitHub\\MM_FrontEnd_RN\\React_Native\\src\\components\\signup\\Full_Name.js","statementMap":{"0":{"start":{"line":11,"column":17},"end":{"line":137,"column":1}},"1":{"start":{"line":28,"column":6},"end":{"line":33,"column":4}},"2":{"start":{"line":35,"column":21},"end":{"line":39,"column":3}},"3":{"start":{"line":36,"column":4},"end":{"line":36,"column":33}},"4":{"start":{"line":37,"column":4},"end":{"line":37,"column":31}},"5":{"start":{"line":38,"column":4},"end":{"line":38,"column":15}},"6":{"start":{"line":43,"column":24},"end":{"line":45,"column":3}},"7":{"start":{"line":44,"column":4},"end":{"line":44,"column":19}},"8":{"start":{"line":47,"column":24},"end":{"line":53,"column":3}},"9":{"start":{"line":48,"column":23},"end":{"line":51,"column":5}},"10":{"start":{"line":52,"column":4},"end":{"line":52,"column":29}},"11":{"start":{"line":55,"column":23},"end":{"line":61,"column":3}},"12":{"start":{"line":56,"column":23},"end":{"line":59,"column":5}},"13":{"start":{"line":60,"column":4},"end":{"line":60,"column":29}},"14":{"start":{"line":63,"column":2},"end":{"line":136,"column":4}}},"fnMap":{"0":{"name":"(anonymous_0)","decl":{"start":{"line":11,"column":17},"end":{"line":11,"column":18}},"loc":{"start":{"line":23,"column":6},"end":{"line":137,"column":1}},"line":23},"1":{"name":"(anonymous_1)","decl":{"start":{"line":35,"column":21},"end":{"line":35,"column":22}},"loc":{"start":{"line":35,"column":31},"end":{"line":39,"column":3}},"line":35},"2":{"name":"(anonymous_2)","decl":{"start":{"line":43,"column":24},"end":{"line":43,"column":25}},"loc":{"start":{"line":43,"column":30},"end":{"line":45,"column":3}},"line":43},"3":{"name":"(anonymous_3)","decl":{"start":{"line":47,"column":24},"end":{"line":47,"column":25}},"loc":{"start":{"line":47,"column":34},"end":{"line":53,"column":3}},"line":47},"4":{"name":"(anonymous_4)","decl":{"start":{"line":55,"column":23},"end":{"line":55,"column":24}},"loc":{"start":{"line":55,"column":29},"end":{"line":61,"column":3}},"line":55}},"branchMap":{"0":{"loc":{"start":{"line":67,"column":11},"end":{"line":71,"column":16}},"type":"cond-expr","locations":[{"start":{"line":68,"column":14},"end":{"line":68,"column":42}},{"start":{"line":69,"column":14},"end":{"line":71,"column":16}}],"line":67},"1":{"loc":{"start":{"line":69,"column":14},"end":{"line":71,"column":16}},"type":"cond-expr","locations":[{"start":{"line":70,"column":14},"end":{"line":70,"column":27}},{"start":{"line":71,"column":14},"end":{"line":71,"column":16}}],"line":69},"2":{"loc":{"start":{"line":82,"column":24},"end":{"line":82,"column":39}},"type":"binary-expr","locations":[{"start":{"line":82,"column":24},"end":{"line":82,"column":33}},{"start":{"line":82,"column":37},"end":{"line":82,"column":39}}],"line":82},"3":{"loc":{"start":{"line":96,"column":24},"end":{"line":96,"column":38}},"type":"binary-expr","locations":[{"start":{"line":96,"column":24},"end":{"line":96,"column":32}},{"start":{"line":96,"column":36},"end":{"line":96,"column":38}}],"line":96},"4":{"loc":{"start":{"line":106,"column":7},"end":{"line":124,"column":7}},"type":"cond-expr","locations":[{"start":{"line":107,"column":8},"end":{"line":114,"column":15}},{"start":{"line":116,"column":8},"end":{"line":123,"column":15}}],"line":106},"5":{"loc":{"start":{"line":127,"column":9},"end":{"line":133,"column":9}},"type":"cond-expr","locations":[{"start":{"line":128,"column":10},"end":{"line":130,"column":29}},{"start":{"line":132,"column":10},"end":{"line":132,"column":12}}],"line":127},"6":{"loc":{"start":{"line":128,"column":37},"end":{"line":128,"column":73}},"type":"cond-expr","locations":[{"start":{"line":128,"column":48},"end":{"line":128,"column":62}},{"start":{"line":128,"column":65},"end":{"line":128,"column":73}}],"line":128}},"s":{"0":0,"1":0,"2":0,"3":0,"4":0,"5":0,"6":0,"7":0,"8":0,"9":0,"10":0,"11":0,"12":0,"13":0,"14":0},"f":{"0":0,"1":0,"2":0,"3":0,"4":0},"b":{"0":[0,0],"1":[0,0],"2":[0,0],"3":[0,0],"4":[0,0],"5":[0,0],"6":[0,0]}}
,"C:\\Users\\annam\\Documents\\GitHub\\MM_FrontEnd_RN\\React_Native\\src\\components\\signup\\Identity.js": {"path":"C:\\Users\\annam\\Documents\\GitHub\\MM_FrontEnd_RN\\React_Native\\src\\components\\signup\\Identity.js","statementMap":{"0":{"start":{"line":18,"column":17},"end":{"line":179,"column":1}},"1":{"start":{"line":29,"column":32},"end":{"line":29,"column":44}},"2":{"start":{"line":30,"column":40},"end":{"line":30,"column":52}},"3":{"start":{"line":31,"column":38},"end":{"line":31,"column":49}},"4":{"start":{"line":32,"column":32},"end":{"line":32,"column":43}},"5":{"start":{"line":33,"column":38},"end":{"line":33,"column":53}},"6":{"start":{"line":34,"column":44},"end":{"line":34,"column":59}},"7":{"start":{"line":36,"column":2},"end":{"line":49,"column":9}},"8":{"start":{"line":37,"column":4},"end":{"line":48,"column":9}},"9":{"start":{"line":40,"column":28},"end":{"line":43,"column":11}},"10":{"start":{"line":40,"column":59},"end":{"line":43,"column":9}},"11":{"start":{"line":44,"column":8},"end":{"line":44,"column":32}},"12":{"start":{"line":47,"column":8},"end":{"line":47,"column":27}},"13":{"start":{"line":51,"column":2},"end":{"line":64,"column":9}},"14":{"start":{"line":52,"column":4},"end":{"line":63,"column":9}},"15":{"start":{"line":55,"column":32},"end":{"line":58,"column":11}},"16":{"start":{"line":55,"column":66},"end":{"line":58,"column":9}},"17":{"start":{"line":59,"column":8},"end":{"line":59,"column":40}},"18":{"start":{"line":62,"column":8},"end":{"line":62,"column":27}},"19":{"start":{"line":67,"column":2},"end":{"line":71,"column":26}},"20":{"start":{"line":68,"column":4},"end":{"line":68,"column":26}},"21":{"start":{"line":69,"column":4},"end":{"line":69,"column":26}},"22":{"start":{"line":70,"column":4},"end":{"line":70,"column":54}},"23":{"start":{"line":73,"column":23},"end":{"line":78,"column":3}},"24":{"start":{"line":74,"column":4},"end":{"line":76,"column":5}},"25":{"start":{"line":75,"column":6},"end":{"line":75,"column":30}},"26":{"start":{"line":77,"column":4},"end":{"line":77,"column":24}},"27":{"start":{"line":80,"column":26},"end":{"line":85,"column":3}},"28":{"start":{"line":81,"column":4},"end":{"line":83,"column":5}},"29":{"start":{"line":82,"column":6},"end":{"line":82,"column":27}},"30":{"start":{"line":84,"column":4},"end":{"line":84,"column":27}},"31":{"start":{"line":87,"column":24},"end":{"line":89,"column":3}},"32":{"start":{"line":88,"column":4},"end":{"line":88,"column":25}},"33":{"start":{"line":91,"column":27},"end":{"line":94,"column":3}},"34":{"start":{"line":92,"column":4},"end":{"line":92,"column":28}},"35":{"start":{"line":93,"column":4},"end":{"line":93,"column":50}},"36":{"start":{"line":96,"column":21},"end":{"line":104,"column":3}},"37":{"start":{"line":97,"column":4},"end":{"line":103,"column":5}},"38":{"start":{"line":98,"column":6},"end":{"line":98,"column":28}},"39":{"start":{"line":99,"column":6},"end":{"line":99,"column":28}},"40":{"start":{"line":100,"column":6},"end":{"line":100,"column":17}},"41":{"start":{"line":102,"column":6},"end":{"line":102,"column":36}},"42":{"start":{"line":108,"column":24},"end":{"line":110,"column":3}},"43":{"start":{"line":109,"column":4},"end":{"line":109,"column":19}},"44":{"start":{"line":112,"column":24},"end":{"line":119,"column":3}},"45":{"start":{"line":113,"column":17},"end":{"line":116,"column":5}},"46":{"start":{"line":118,"column":4},"end":{"line":118,"column":23}},"47":{"start":{"line":121,"column":23},"end":{"line":125,"column":3}},"48":{"start":{"line":122,"column":4},"end":{"line":122,"column":21}},"49":{"start":{"line":123,"column":4},"end":{"line":123,"column":20}},"50":{"start":{"line":124,"column":4},"end":{"line":124,"column":19}},"51":{"start":{"line":127,"column":2},"end":{"line":178,"column":4}}},"fnMap":{"0":{"name":"(anonymous_0)","decl":{"start":{"line":18,"column":17},"end":{"line":18,"column":18}},"loc":{"start":{"line":28,"column":6},"end":{"line":179,"column":1}},"line":28},"1":{"name":"(anonymous_1)","decl":{"start":{"line":36,"column":12},"end":{"line":36,"column":13}},"loc":{"start":{"line":36,"column":18},"end":{"line":49,"column":3}},"line":36},"2":{"name":"(anonymous_2)","decl":{"start":{"line":39,"column":12},"end":{"line":39,"column":13}},"loc":{"start":{"line":39,"column":26},"end":{"line":45,"column":7}},"line":39},"3":{"name":"(anonymous_3)","decl":{"start":{"line":40,"column":46},"end":{"line":40,"column":47}},"loc":{"start":{"line":40,"column":59},"end":{"line":43,"column":9}},"line":40},"4":{"name":"(anonymous_4)","decl":{"start":{"line":46,"column":13},"end":{"line":46,"column":14}},"loc":{"start":{"line":46,"column":24},"end":{"line":48,"column":7}},"line":46},"5":{"name":"(anonymous_5)","decl":{"start":{"line":51,"column":12},"end":{"line":51,"column":13}},"loc":{"start":{"line":51,"column":18},"end":{"line":64,"column":3}},"line":51},"6":{"name":"(anonymous_6)","decl":{"start":{"line":54,"column":12},"end":{"line":54,"column":13}},"loc":{"start":{"line":54,"column":26},"end":{"line":60,"column":7}},"line":54},"7":{"name":"(anonymous_7)","decl":{"start":{"line":55,"column":50},"end":{"line":55,"column":51}},"loc":{"start":{"line":55,"column":66},"end":{"line":58,"column":9}},"line":55},"8":{"name":"(anonymous_8)","decl":{"start":{"line":61,"column":13},"end":{"line":61,"column":14}},"loc":{"start":{"line":61,"column":24},"end":{"line":63,"column":7}},"line":61},"9":{"name":"(anonymous_9)","decl":{"start":{"line":67,"column":12},"end":{"line":67,"column":13}},"loc":{"start":{"line":67,"column":18},"end":{"line":71,"column":3}},"line":67},"10":{"name":"(anonymous_10)","decl":{"start":{"line":73,"column":23},"end":{"line":73,"column":24}},"loc":{"start":{"line":73,"column":29},"end":{"line":78,"column":3}},"line":73},"11":{"name":"(anonymous_11)","decl":{"start":{"line":80,"column":26},"end":{"line":80,"column":27}},"loc":{"start":{"line":80,"column":32},"end":{"line":85,"column":3}},"line":80},"12":{"name":"(anonymous_12)","decl":{"start":{"line":87,"column":24},"end":{"line":87,"column":25}},"loc":{"start":{"line":87,"column":30},"end":{"line":89,"column":3}},"line":87},"13":{"name":"(anonymous_13)","decl":{"start":{"line":91,"column":27},"end":{"line":91,"column":28}},"loc":{"start":{"line":91,"column":33},"end":{"line":94,"column":3}},"line":91},"14":{"name":"(anonymous_14)","decl":{"start":{"line":96,"column":21},"end":{"line":96,"column":22}},"loc":{"start":{"line":96,"column":27},"end":{"line":104,"column":3}},"line":96},"15":{"name":"(anonymous_15)","decl":{"start":{"line":108,"column":24},"end":{"line":108,"column":25}},"loc":{"start":{"line":108,"column":30},"end":{"line":110,"column":3}},"line":108},"16":{"name":"(anonymous_16)","decl":{"start":{"line":112,"column":24},"end":{"line":112,"column":25}},"loc":{"start":{"line":112,"column":30},"end":{"line":119,"column":3}},"line":112},"17":{"name":"(anonymous_17)","decl":{"start":{"line":121,"column":23},"end":{"line":121,"column":24}},"loc":{"start":{"line":121,"column":29},"end":{"line":125,"column":3}},"line":121}},"branchMap":{"0":{"loc":{"start":{"line":74,"column":4},"end":{"line":76,"column":5}},"type":"if","locations":[{"start":{"line":74,"column":4},"end":{"line":76,"column":5}},{"start":{},"end":{}}],"line":74},"1":{"loc":{"start":{"line":81,"column":4},"end":{"line":83,"column":5}},"type":"if","locations":[{"start":{"line":81,"column":4},"end":{"line":83,"column":5}},{"start":{},"end":{}}],"line":81},"2":{"loc":{"start":{"line":97,"column":4},"end":{"line":103,"column":5}},"type":"if","locations":[{"start":{"line":97,"column":4},"end":{"line":103,"column":5}},{"start":{"line":101,"column":11},"end":{"line":103,"column":5}}],"line":97},"3":{"loc":{"start":{"line":97,"column":8},"end":{"line":97,"column":29}},"type":"binary-expr","locations":[{"start":{"line":97,"column":8},"end":{"line":97,"column":18}},{"start":{"line":97,"column":22},"end":{"line":97,"column":29}}],"line":97},"4":{"loc":{"start":{"line":131,"column":11},"end":{"line":131,"column":41}},"type":"cond-expr","locations":[{"start":{"line":131,"column":22},"end":{"line":131,"column":30}},{"start":{"line":131,"column":33},"end":{"line":131,"column":41}}],"line":131},"5":{"loc":{"start":{"line":164,"column":7},"end":{"line":174,"column":7}},"type":"cond-expr","locations":[{"start":{"line":165,"column":8},"end":{"line":168,"column":15}},{"start":{"line":170,"column":8},"end":{"line":173,"column":15}}],"line":164}},"s":{"0":0,"1":0,"2":0,"3":0,"4":0,"5":0,"6":0,"7":0,"8":0,"9":0,"10":0,"11":0,"12":0,"13":0,"14":0,"15":0,"16":0,"17":0,"18":0,"19":0,"20":0,"21":0,"22":0,"23":0,"24":0,"25":0,"26":0,"27":0,"28":0,"29":0,"30":0,"31":0,"32":0,"33":0,"34":0,"35":0,"36":0,"37":0,"38":0,"39":0,"40":0,"41":0,"42":0,"43":0,"44":0,"45":0,"46":0,"47":0,"48":0,"49":0,"50":0,"51":0},"f":{"0":0,"1":0,"2":0,"3":0,"4":0,"5":0,"6":0,"7":0,"8":0,"9":0,"10":0,"11":0,"12":0,"13":0,"14":0,"15":0,"16":0,"17":0},"b":{"0":[0,0],"1":[0,0],"2":[0,0],"3":[0,0],"4":[0,0],"5":[0,0]}}
,"C:\\Users\\annam\\Documents\\GitHub\\MM_FrontEnd_RN\\React_Native\\src\\components\\signup\\Languages.js": {"path":"C:\\Users\\annam\\Documents\\GitHub\\MM_FrontEnd_RN\\React_Native\\src\\components\\signup\\Languages.js","statementMap":{"0":{"start":{"line":10,"column":18},"end":{"line":129,"column":1}},"1":{"start":{"line":19,"column":42},"end":{"line":19,"column":54}},"2":{"start":{"line":20,"column":44},"end":{"line":20,"column":56}},"3":{"start":{"line":23,"column":2},"end":{"line":30,"column":9}},"4":{"start":{"line":24,"column":4},"end":{"line":29,"column":5}},"5":{"start":{"line":25,"column":30},"end":{"line":25,"column":70}},"6":{"start":{"line":25,"column":58},"end":{"line":25,"column":69}},"7":{"start":{"line":26,"column":6},"end":{"line":26,"column":40}},"8":{"start":{"line":28,"column":6},"end":{"line":28,"column":34}},"9":{"start":{"line":32,"column":2},"end":{"line":45,"column":9}},"10":{"start":{"line":33,"column":4},"end":{"line":44,"column":9}},"11":{"start":{"line":36,"column":21},"end":{"line":39,"column":11}},"12":{"start":{"line":36,"column":54},"end":{"line":39,"column":9}},"13":{"start":{"line":40,"column":8},"end":{"line":40,"column":30}},"14":{"start":{"line":43,"column":8},"end":{"line":43,"column":27}},"15":{"start":{"line":47,"column":21},"end":{"line":55,"column":3}},"16":{"start":{"line":48,"column":4},"end":{"line":48,"column":51}},"17":{"start":{"line":49,"column":4},"end":{"line":54,"column":5}},"18":{"start":{"line":50,"column":6},"end":{"line":50,"column":34}},"19":{"start":{"line":51,"column":6},"end":{"line":51,"column":17}},"20":{"start":{"line":53,"column":6},"end":{"line":53,"column":66}},"21":{"start":{"line":59,"column":24},"end":{"line":61,"column":3}},"22":{"start":{"line":60,"column":4},"end":{"line":60,"column":19}},"23":{"start":{"line":63,"column":24},"end":{"line":72,"column":3}},"24":{"start":{"line":64,"column":4},"end":{"line":71,"column":5}},"25":{"start":{"line":65,"column":25},"end":{"line":67,"column":7}},"26":{"start":{"line":68,"column":6},"end":{"line":68,"column":31}},"27":{"start":{"line":70,"column":6},"end":{"line":70,"column":64}},"28":{"start":{"line":74,"column":2},"end":{"line":128,"column":4}}},"fnMap":{"0":{"name":"(anonymous_0)","decl":{"start":{"line":10,"column":18},"end":{"line":10,"column":19}},"loc":{"start":{"line":18,"column":6},"end":{"line":129,"column":1}},"line":18},"1":{"name":"(anonymous_1)","decl":{"start":{"line":23,"column":12},"end":{"line":23,"column":13}},"loc":{"start":{"line":23,"column":18},"end":{"line":30,"column":3}},"line":23},"2":{"name":"(anonymous_2)","decl":{"start":{"line":25,"column":44},"end":{"line":25,"column":45}},"loc":{"start":{"line":25,"column":58},"end":{"line":25,"column":69}},"line":25},"3":{"name":"(anonymous_3)","decl":{"start":{"line":32,"column":12},"end":{"line":32,"column":13}},"loc":{"start":{"line":32,"column":18},"end":{"line":45,"column":3}},"line":32},"4":{"name":"(anonymous_4)","decl":{"start":{"line":35,"column":12},"end":{"line":35,"column":13}},"loc":{"start":{"line":35,"column":26},"end":{"line":41,"column":7}},"line":35},"5":{"name":"(anonymous_5)","decl":{"start":{"line":36,"column":39},"end":{"line":36,"column":40}},"loc":{"start":{"line":36,"column":54},"end":{"line":39,"column":9}},"line":36},"6":{"name":"(anonymous_6)","decl":{"start":{"line":42,"column":13},"end":{"line":42,"column":14}},"loc":{"start":{"line":42,"column":24},"end":{"line":44,"column":7}},"line":42},"7":{"name":"(anonymous_7)","decl":{"start":{"line":47,"column":21},"end":{"line":47,"column":22}},"loc":{"start":{"line":47,"column":27},"end":{"line":55,"column":3}},"line":47},"8":{"name":"(anonymous_8)","decl":{"start":{"line":59,"column":24},"end":{"line":59,"column":25}},"loc":{"start":{"line":59,"column":30},"end":{"line":61,"column":3}},"line":59},"9":{"name":"(anonymous_9)","decl":{"start":{"line":63,"column":24},"end":{"line":63,"column":25}},"loc":{"start":{"line":63,"column":30},"end":{"line":72,"column":3}},"line":63}},"branchMap":{"0":{"loc":{"start":{"line":24,"column":4},"end":{"line":29,"column":5}},"type":"if","locations":[{"start":{"line":24,"column":4},"end":{"line":29,"column":5}},{"start":{"line":27,"column":11},"end":{"line":29,"column":5}}],"line":24},"1":{"loc":{"start":{"line":49,"column":4},"end":{"line":54,"column":5}},"type":"if","locations":[{"start":{"line":49,"column":4},"end":{"line":54,"column":5}},{"start":{"line":52,"column":11},"end":{"line":54,"column":5}}],"line":49},"2":{"loc":{"start":{"line":64,"column":4},"end":{"line":71,"column":5}},"type":"if","locations":[{"start":{"line":64,"column":4},"end":{"line":71,"column":5}},{"start":{"line":69,"column":11},"end":{"line":71,"column":5}}],"line":64},"3":{"loc":{"start":{"line":106,"column":9},"end":{"line":124,"column":9}},"type":"cond-expr","locations":[{"start":{"line":107,"column":10},"end":{"line":118,"column":17}},{"start":{"line":120,"column":10},"end":{"line":123,"column":17}}],"line":106}},"s":{"0":0,"1":0,"2":0,"3":0,"4":0,"5":0,"6":0,"7":0,"8":0,"9":0,"10":0,"11":0,"12":0,"13":0,"14":0,"15":0,"16":0,"17":0,"18":0,"19":0,"20":0,"21":0,"22":0,"23":0,"24":0,"25":0,"26":0,"27":0,"28":0},"f":{"0":0,"1":0,"2":0,"3":0,"4":0,"5":0,"6":0,"7":0,"8":0,"9":0},"b":{"0":[0,0],"1":[0,0],"2":[0,0],"3":[0,0]}}
,"C:\\Users\\annam\\Documents\\GitHub\\MM_FrontEnd_RN\\React_Native\\src\\components\\signup\\LoginDetails.js": {"path":"C:\\Users\\annam\\Documents\\GitHub\\MM_FrontEnd_RN\\React_Native\\src\\components\\signup\\LoginDetails.js","statementMap":{"0":{"start":{"line":10,"column":21},"end":{"line":99,"column":1}},"1":{"start":{"line":24,"column":6},"end":{"line":24,"column":15}},"2":{"start":{"line":26,"column":20},"end":{"line":26,"column":38}},"3":{"start":{"line":28,"column":21},"end":{"line":32,"column":3}},"4":{"start":{"line":29,"column":4},"end":{"line":29,"column":31}},"5":{"start":{"line":30,"column":4},"end":{"line":30,"column":32}},"6":{"start":{"line":31,"column":4},"end":{"line":31,"column":15}},"7":{"start":{"line":37,"column":2},"end":{"line":98,"column":4}},"8":{"start":{"line":84,"column":14},"end":{"line":84,"column":61}}},"fnMap":{"0":{"name":"(anonymous_0)","decl":{"start":{"line":10,"column":21},"end":{"line":10,"column":22}},"loc":{"start":{"line":18,"column":6},"end":{"line":99,"column":1}},"line":18},"1":{"name":"(anonymous_1)","decl":{"start":{"line":28,"column":21},"end":{"line":28,"column":22}},"loc":{"start":{"line":28,"column":37},"end":{"line":32,"column":3}},"line":28},"2":{"name":"(anonymous_2)","decl":{"start":{"line":83,"column":22},"end":{"line":83,"column":23}},"loc":{"start":{"line":84,"column":14},"end":{"line":84,"column":61}},"line":84}},"branchMap":{"0":{"loc":{"start":{"line":49,"column":24},"end":{"line":49,"column":38}},"type":"binary-expr","locations":[{"start":{"line":49,"column":24},"end":{"line":49,"column":32}},{"start":{"line":49,"column":36},"end":{"line":49,"column":38}}],"line":49},"1":{"loc":{"start":{"line":84,"column":14},"end":{"line":84,"column":61}},"type":"binary-expr","locations":[{"start":{"line":84,"column":14},"end":{"line":84,"column":33}},{"start":{"line":84,"column":37},"end":{"line":84,"column":61}}],"line":84}},"s":{"0":0,"1":0,"2":0,"3":0,"4":0,"5":0,"6":0,"7":0,"8":0},"f":{"0":0,"1":0,"2":0},"b":{"0":[0,0],"1":[0,0]}}
,"C:\\Users\\annam\\Documents\\GitHub\\MM_FrontEnd_RN\\React_Native\\src\\components\\signup\\MentalDisorders.js": {"path":"C:\\Users\\annam\\Documents\\GitHub\\MM_FrontEnd_RN\\React_Native\\src\\components\\signup\\MentalDisorders.js","statementMap":{"0":{"start":{"line":10,"column":24},"end":{"line":147,"column":1}},"1":{"start":{"line":20,"column":38},"end":{"line":20,"column":50}},"2":{"start":{"line":21,"column":56},"end":{"line":21,"column":68}},"3":{"start":{"line":24,"column":2},"end":{"line":31,"column":9}},"4":{"start":{"line":25,"column":4},"end":{"line":30,"column":5}},"5":{"start":{"line":26,"column":30},"end":{"line":26,"column":76}},"6":{"start":{"line":26,"column":64},"end":{"line":26,"column":75}},"7":{"start":{"line":27,"column":6},"end":{"line":27,"column":46}},"8":{"start":{"line":29,"column":6},"end":{"line":29,"column":46}},"9":{"start":{"line":34,"column":2},"end":{"line":48,"column":9}},"10":{"start":{"line":35,"column":4},"end":{"line":47,"column":9}},"11":{"start":{"line":38,"column":21},"end":{"line":41,"column":11}},"12":{"start":{"line":38,"column":52},"end":{"line":41,"column":9}},"13":{"start":{"line":43,"column":8},"end":{"line":43,"column":28}},"14":{"start":{"line":46,"column":8},"end":{"line":46,"column":27}},"15":{"start":{"line":51,"column":21},"end":{"line":58,"column":3}},"16":{"start":{"line":52,"column":4},"end":{"line":57,"column":5}},"17":{"start":{"line":53,"column":6},"end":{"line":53,"column":46}},"18":{"start":{"line":54,"column":6},"end":{"line":54,"column":17}},"19":{"start":{"line":56,"column":6},"end":{"line":56,"column":71}},"20":{"start":{"line":61,"column":21},"end":{"line":64,"column":3}},"21":{"start":{"line":62,"column":4},"end":{"line":62,"column":27}},"22":{"start":{"line":63,"column":4},"end":{"line":63,"column":15}},"23":{"start":{"line":69,"column":24},"end":{"line":71,"column":3}},"24":{"start":{"line":70,"column":4},"end":{"line":70,"column":19}},"25":{"start":{"line":74,"column":24},"end":{"line":83,"column":3}},"26":{"start":{"line":75,"column":4},"end":{"line":82,"column":5}},"27":{"start":{"line":76,"column":25},"end":{"line":78,"column":7}},"28":{"start":{"line":79,"column":6},"end":{"line":79,"column":31}},"29":{"start":{"line":81,"column":6},"end":{"line":81,"column":71}},"30":{"start":{"line":85,"column":23},"end":{"line":88,"column":3}},"31":{"start":{"line":86,"column":4},"end":{"line":86,"column":27}},"32":{"start":{"line":87,"column":4},"end":{"line":87,"column":19}},"33":{"start":{"line":91,"column":2},"end":{"line":146,"column":4}}},"fnMap":{"0":{"name":"(anonymous_0)","decl":{"start":{"line":10,"column":24},"end":{"line":10,"column":25}},"loc":{"start":{"line":19,"column":6},"end":{"line":147,"column":1}},"line":19},"1":{"name":"(anonymous_1)","decl":{"start":{"line":24,"column":12},"end":{"line":24,"column":13}},"loc":{"start":{"line":24,"column":18},"end":{"line":31,"column":3}},"line":24},"2":{"name":"(anonymous_2)","decl":{"start":{"line":26,"column":50},"end":{"line":26,"column":51}},"loc":{"start":{"line":26,"column":64},"end":{"line":26,"column":75}},"line":26},"3":{"name":"(anonymous_3)","decl":{"start":{"line":34,"column":12},"end":{"line":34,"column":13}},"loc":{"start":{"line":34,"column":18},"end":{"line":48,"column":3}},"line":34},"4":{"name":"(anonymous_4)","decl":{"start":{"line":37,"column":12},"end":{"line":37,"column":13}},"loc":{"start":{"line":37,"column":26},"end":{"line":44,"column":7}},"line":37},"5":{"name":"(anonymous_5)","decl":{"start":{"line":38,"column":39},"end":{"line":38,"column":40}},"loc":{"start":{"line":38,"column":52},"end":{"line":41,"column":9}},"line":38},"6":{"name":"(anonymous_6)","decl":{"start":{"line":45,"column":13},"end":{"line":45,"column":14}},"loc":{"start":{"line":45,"column":24},"end":{"line":47,"column":7}},"line":45},"7":{"name":"(anonymous_7)","decl":{"start":{"line":51,"column":21},"end":{"line":51,"column":22}},"loc":{"start":{"line":51,"column":27},"end":{"line":58,"column":3}},"line":51},"8":{"name":"(anonymous_8)","decl":{"start":{"line":61,"column":21},"end":{"line":61,"column":22}},"loc":{"start":{"line":61,"column":27},"end":{"line":64,"column":3}},"line":61},"9":{"name":"(anonymous_9)","decl":{"start":{"line":69,"column":24},"end":{"line":69,"column":25}},"loc":{"start":{"line":69,"column":30},"end":{"line":71,"column":3}},"line":69},"10":{"name":"(anonymous_10)","decl":{"start":{"line":74,"column":24},"end":{"line":74,"column":25}},"loc":{"start":{"line":74,"column":30},"end":{"line":83,"column":3}},"line":74},"11":{"name":"(anonymous_11)","decl":{"start":{"line":85,"column":23},"end":{"line":85,"column":24}},"loc":{"start":{"line":85,"column":29},"end":{"line":88,"column":3}},"line":85}},"branchMap":{"0":{"loc":{"start":{"line":25,"column":4},"end":{"line":30,"column":5}},"type":"if","locations":[{"start":{"line":25,"column":4},"end":{"line":30,"column":5}},{"start":{"line":28,"column":11},"end":{"line":30,"column":5}}],"line":25},"1":{"loc":{"start":{"line":52,"column":4},"end":{"line":57,"column":5}},"type":"if","locations":[{"start":{"line":52,"column":4},"end":{"line":57,"column":5}},{"start":{"line":55,"column":11},"end":{"line":57,"column":5}}],"line":52},"2":{"loc":{"start":{"line":75,"column":4},"end":{"line":82,"column":5}},"type":"if","locations":[{"start":{"line":75,"column":4},"end":{"line":82,"column":5}},{"start":{"line":80,"column":11},"end":{"line":82,"column":5}}],"line":75},"3":{"loc":{"start":{"line":95,"column":11},"end":{"line":95,"column":41}},"type":"cond-expr","locations":[{"start":{"line":95,"column":22},"end":{"line":95,"column":30}},{"start":{"line":95,"column":33},"end":{"line":95,"column":41}}],"line":95},"4":{"loc":{"start":{"line":124,"column":7},"end":{"line":134,"column":7}},"type":"cond-expr","locations":[{"start":{"line":125,"column":8},"end":{"line":128,"column":15}},{"start":{"line":130,"column":8},"end":{"line":133,"column":15}}],"line":124},"5":{"loc":{"start":{"line":137,"column":9},"end":{"line":143,"column":9}},"type":"cond-expr","locations":[{"start":{"line":138,"column":10},"end":{"line":140,"column":29}},{"start":{"line":142,"column":10},"end":{"line":142,"column":12}}],"line":137},"6":{"loc":{"start":{"line":138,"column":37},"end":{"line":138,"column":73}},"type":"cond-expr","locations":[{"start":{"line":138,"column":48},"end":{"line":138,"column":60}},{"start":{"line":138,"column":63},"end":{"line":138,"column":73}}],"line":138}},"s":{"0":0,"1":0,"2":0,"3":0,"4":0,"5":0,"6":0,"7":0,"8":0,"9":0,"10":0,"11":0,"12":0,"13":0,"14":0,"15":0,"16":0,"17":0,"18":0,"19":0,"20":0,"21":0,"22":0,"23":0,"24":0,"25":0,"26":0,"27":0,"28":0,"29":0,"30":0,"31":0,"32":0,"33":0},"f":{"0":0,"1":0,"2":0,"3":0,"4":0,"5":0,"6":0,"7":0,"8":0,"9":0,"10":0,"11":0},"b":{"0":[0,0],"1":[0,0],"2":[0,0],"3":[0,0],"4":[0,0],"5":[0,0],"6":[0,0]}}
,"C:\\Users\\annam\\Documents\\GitHub\\MM_FrontEnd_RN\\React_Native\\src\\components\\signup\\PhoneNumber.js": {"path":"C:\\Users\\annam\\Documents\\GitHub\\MM_FrontEnd_RN\\React_Native\\src\\components\\signup\\PhoneNumber.js","statementMap":{"0":{"start":{"line":10,"column":20},"end":{"line":124,"column":1}},"1":{"start":{"line":25,"column":6},"end":{"line":30,"column":4}},"2":{"start":{"line":32,"column":21},"end":{"line":36,"column":3}},"3":{"start":{"line":33,"column":4},"end":{"line":33,"column":25}},"4":{"start":{"line":34,"column":4},"end":{"line":34,"column":31}},"5":{"start":{"line":35,"column":4},"end":{"line":35,"column":15}},"6":{"start":{"line":39,"column":24},"end":{"line":41,"column":3}},"7":{"start":{"line":40,"column":4},"end":{"line":40,"column":19}},"8":{"start":{"line":44,"column":22},"end":{"line":48,"column":3}},"9":{"start":{"line":45,"column":4},"end":{"line":45,"column":25}},"10":{"start":{"line":46,"column":4},"end":{"line":46,"column":31}},"11":{"start":{"line":47,"column":4},"end":{"line":47,"column":19}},"12":{"start":{"line":53,"column":2},"end":{"line":123,"column":4}}},"fnMap":{"0":{"name":"(anonymous_0)","decl":{"start":{"line":10,"column":20},"end":{"line":10,"column":21}},"loc":{"start":{"line":20,"column":6},"end":{"line":124,"column":1}},"line":20},"1":{"name":"(anonymous_1)","decl":{"start":{"line":32,"column":21},"end":{"line":32,"column":22}},"loc":{"start":{"line":32,"column":31},"end":{"line":36,"column":3}},"line":32},"2":{"name":"(anonymous_2)","decl":{"start":{"line":39,"column":24},"end":{"line":39,"column":25}},"loc":{"start":{"line":39,"column":30},"end":{"line":41,"column":3}},"line":39},"3":{"name":"(anonymous_3)","decl":{"start":{"line":44,"column":22},"end":{"line":44,"column":23}},"loc":{"start":{"line":44,"column":38},"end":{"line":48,"column":3}},"line":44}},"branchMap":{"0":{"loc":{"start":{"line":58,"column":11},"end":{"line":58,"column":41}},"type":"cond-expr","locations":[{"start":{"line":58,"column":22},"end":{"line":58,"column":30}},{"start":{"line":58,"column":33},"end":{"line":58,"column":41}}],"line":58},"1":{"loc":{"start":{"line":69,"column":24
[...]
tions":[{"start":{"line":203,"column":6},"end":{"line":209,"column":7}},{"start":{"line":206,"column":13},"end":{"line":209,"column":7}}],"line":203},"7":{"loc":{"start":{"line":206,"column":13},"end":{"line":209,"column":7}},"type":"if","locations":[{"start":{"line":206,"column":13},"end":{"line":209,"column":7}},{"start":{},"end":{}}],"line":206},"8":{"loc":{"start":{"line":216,"column":9},"end":{"line":225,"column":9}},"type":"binary-expr","locations":[{"start":{"line":216,"column":9},"end":{"line":216,"column":19}},{"start":{"line":217,"column":10},"end":{"line":224,"column":12}}],"line":216},"9":{"loc":{"start":{"line":226,"column":9},"end":{"line":236,"column":9}},"type":"binary-expr","locations":[{"start":{"line":226,"column":9},"end":{"line":226,"column":19}},{"start":{"line":227,"column":10},"end":{"line":235,"column":12}}],"line":226},"10":{"loc":{"start":{"line":238,"column":9},"end":{"line":246,"column":9}},"type":"binary-expr","locations":[{"start":{"line":238,"column":9},"end":{"line":238,"column":19}},{"start":{"line":239,"column":10},"end":{"line":245,"column":12}}],"line":238},"11":{"loc":{"start":{"line":248,"column":9},"end":{"line":255,"column":9}},"type":"binary-expr","locations":[{"start":{"line":248,"column":9},"end":{"line":248,"column":19}},{"start":{"line":249,"column":10},"end":{"line":254,"column":12}}],"line":248},"12":{"loc":{"start":{"line":257,"column":9},"end":{"line":266,"column":9}},"type":"binary-expr","locations":[{"start":{"line":257,"column":9},"end":{"line":257,"column":19}},{"start":{"line":258,"column":10},"end":{"line":265,"column":12}}],"line":257},"13":{"loc":{"start":{"line":268,"column":9},"end":{"line":275,"column":9}},"type":"binary-expr","locations":[{"start":{"line":268,"column":9},"end":{"line":268,"column":19}},{"start":{"line":269,"column":10},"end":{"line":274,"column":12}}],"line":268},"14":{"loc":{"start":{"line":277,"column":9},"end":{"line":285,"column":9}},"type":"binary-expr","locations":[{"start":{"line":277,"column":9},"end":{"line":277,"column":19}},{"start":{"line":278,"column":10},"end":{"line":284,"column":12}}],"line":277},"15":{"loc":{"start":{"line":287,"column":9},"end":{"line":294,"column":9}},"type":"binary-expr","locations":[{"start":{"line":287,"column":9},"end":{"line":287,"column":19}},{"start":{"line":288,"column":10},"end":{"line":293,"column":12}}],"line":287},"16":{"loc":{"start":{"line":296,"column":9},"end":{"line":303,"column":9}},"type":"binary-expr","locations":[{"start":{"line":296,"column":9},"end":{"line":296,"column":19}},{"start":{"line":297,"column":10},"end":{"line":302,"column":12}}],"line":296},"17":{"loc":{"start":{"line":305,"column":9},"end":{"line":312,"column":9}},"type":"binary-expr","locations":[{"start":{"line":305,"column":9},"end":{"line":305,"column":20}},{"start":{"line":306,"column":10},"end":{"line":311,"column":12}}],"line":305},"18":{"loc":{"start":{"line":314,"column":9},"end":{"line":321,"column":9}},"type":"binary-expr","locations":[{"start":{"line":314,"column":9},"end":{"line":314,"column":20}},{"start":{"line":315,"column":10},"end":{"line":320,"column":12}}],"line":314},"19":{"loc":{"start":{"line":323,"column":9},"end":{"line":332,"column":9}},"type":"binary-expr","locations":[{"start":{"line":323,"column":9},"end":{"line":323,"column":20}},{"start":{"line":324,"column":10},"end":{"line":331,"column":12}}],"line":323},"20":{"loc":{"start":{"line":334,"column":9},"end":{"line":352,"column":9}},"type":"binary-expr","locations":[{"start":{"line":334,"column":9},"end":{"line":334,"column":20}},{"start":{"line":335,"column":10},"end":{"line":351,"column":12}}],"line":334},"21":{"loc":{"start":{"line":354,"column":9},"end":{"line":366,"column":9}},"type":"binary-expr","locations":[{"start":{"line":354,"column":9},"end":{"line":354,"column":20}},{"start":{"line":355,"column":10},"end":{"line":365,"column":12}}],"line":354}},"s":{"0":0,"1":0,"2":0,"3":0,"4":0,"5":0,"6":0,"7":0,"8":0,"9":0,"10":0,"11":0,"12":0,"13":0,"14":0,"15":0,"16":0,"17":0,"18":0,"19":0,"20":0,"21":0,"22":0,"23":0,"24":0,"25":0,"26":0,"27":0,"28":0,"29":0,"30":0,"31":0,"32":0,"33":0,"34":0,"35":0,"36":0,"37":0,"38":0,"39":0,"40":0,"41":0,"42":0,"43":0,"44":0,"45":0,"46":0,"47":0,"48":0,"49":0,"50":0,"51":0,"52":0,"53":0,"54":0,"55":0,"56":0,"57":0,"58":0,"59":0,"60":0,"61":0,"62":0,"63":0,"64":0,"65":0,"66":0,"67":0,"68":0,"69":0},"f":{"0":0,"1":0,"2":0,"3":0,"4":0,"5":0,"6":0,"7":0,"8":0,"9":0},"b":{"0":[0,0],"1":[0,0],"2":[0,0],"3":[0,0],"4":[0,0],"5":[0,0],"6":[0,0],"7":[0,0],"8":[0,0],"9":[0,0],"10":[0,0],"11":[0,0],"12":[0,0],"13":[0,0],"14":[0,0],"15":[0,0],"16":[0,0],"17":[0,0],"18":[0,0],"19":[0,0],"20":[0,0],"21":[0,0]}}
,"C:\\Users\\annam\\Documents\\GitHub\\MM_FrontEnd_RN\\React_Native\\src\\screens\\ViewAllForumPosts.js": {"path":"C:\\Users\\annam\\Documents\\GitHub\\MM_FrontEnd_RN\\React_Native\\src\\screens\\ViewAllForumPosts.js","statementMap":{"0":{"start":{"line":20,"column":21},"end":{"line":20,"column":36}},"1":{"start":{"line":23,"column":22},"end":{"line":23,"column":39}},"2":{"start":{"line":26,"column":34},"end":{"line":26,"column":46}},"3":{"start":{"line":29,"column":40},"end":{"line":29,"column":52}},"4":{"start":{"line":32,"column":64},"end":{"line":32,"column":76}},"5":{"start":{"line":35,"column":44},"end":{"line":35,"column":56}},"6":{"start":{"line":38,"column":20},"end":{"line":38,"column":34}},"7":{"start":{"line":41,"column":2},"end":{"line":76,"column":18}},"8":{"start":{"line":43,"column":6},"end":{"line":73,"column":7}},"9":{"start":{"line":45,"column":22},"end":{"line":45,"column":58}},"10":{"start":{"line":48,"column":28},"end":{"line":48,"column":30}},"11":{"start":{"line":51,"column":8},"end":{"line":55,"column":11}},"12":{"start":{"line":52,"column":10},"end":{"line":54,"column":13}},"13":{"start":{"line":53,"column":12},"end":{"line":53,"column":41}},"14":{"start":{"line":58,"column":33},"end":{"line":58,"column":64}},"15":{"start":{"line":61,"column":8},"end":{"line":61,"column":53}},"16":{"start":{"line":64,"column":28},"end":{"line":64,"column":50}},"17":{"start":{"line":67,"column":8},"end":{"line":67,"column":33}},"18":{"start":{"line":70,"column":8},"end":{"line":70,"column":30}},"19":{"start":{"line":72,"column":8},"end":{"line":72,"column":29}},"20":{"start":{"line":75,"column":4},"end":{"line":75,"column":17}},"21":{"start":{"line":79,"column":2},"end":{"line":84,"column":22}},"22":{"start":{"line":80,"column":4},"end":{"line":83,"column":5}},"23":{"start":{"line":81,"column":26},"end":{"line":81,"column":39}},"24":{"start":{"line":82,"column":6},"end":{"line":82,"column":36}},"25":{"start":{"line":88,"column":4},"end":{"line":88,"column":36}},"26":{"start":{"line":93,"column":4},"end":{"line":93,"column":66}},"27":{"start":{"line":98,"column":22},"end":{"line":109,"column":5}},"28":{"start":{"line":110,"column":4},"end":{"line":110,"column":39}},"29":{"start":{"line":113,"column":2},"end":{"line":147,"column":4}},"30":{"start":{"line":143,"column":32},"end":{"line":143,"column":39}},"31":{"start":{"line":151,"column":22},"end":{"line":173,"column":2}},"32":{"start":{"line":177,"column":2},"end":{"line":202,"column":5}},"33":{"start":{"line":178,"column":4},"end":{"line":201,"column":9}},"34":{"start":{"line":185,"column":8},"end":{"line":185,"column":51}},"35":{"start":{"line":186,"column":22},"end":{"line":196,"column":11}},"36":{"start":{"line":186,"column":51},"end":{"line":196,"column":9}},"37":{"start":{"line":197,"column":8},"end":{"line":197,"column":23}},"38":{"start":{"line":200,"column":8},"end":{"line":200,"column":22}},"39":{"start":{"line":207,"column":2},"end":{"line":217,"column":3}},"40":{"start":{"line":208,"column":4},"end":{"line":214,"column":7}},"41":{"start":{"line":209,"column":6},"end":{"line":213,"column":7}},"42":{"start":{"line":210,"column":8},"end":{"line":210,"column":27}},"43":{"start":{"line":212,"column":8},"end":{"line":212,"column":50}},"44":{"start":{"line":216,"column":4},"end":{"line":216,"column":46}},"45":{"start":{"line":219,"column":20},"end":{"line":219,"column":22}},"46":{"start":{"line":220,"column":2},"end":{"line":227,"column":3}},"47":{"start":{"line":220,"column":15},"end":{"line":220,"column":16}},"48":{"start":{"line":221,"column":4},"end":{"line":226,"column":5}},"49":{"start":{"line":225,"column":6},"end":{"line":225,"column":40}},"50":{"start":{"line":228,"column":2},"end":{"line":228,"column":21}},"51":{"start":{"line":233,"column":22},"end":{"line":233,"column":24}},"52":{"start":{"line":234,"column":2},"end":{"line":243,"column":5}},"53":{"start":{"line":235,"column":4},"end":{"line":242,"column":7}},"54":{"start":{"line":236,"column":6},"end":{"line":241,"column":9}},"55":{"start":{"line":237,"column":8},"end":{"line":240,"column":9}},"56":{"start":{"line":238,"column":10},"end":{"line":238,"column":35}},"57":{"start":{"line":239,"column":10},"end":{"line":239,"column":17}},"58":{"start":{"line":244,"column":2},"end":{"line":244,"column":38}},"59":{"start":{"line":249,"column":2},"end":{"line":253,"column":5}},"60":{"start":{"line":250,"column":17},"end":{"line":250,"column":38}},"61":{"start":{"line":251,"column":15},"end":{"line":251,"column":36}},"62":{"start":{"line":252,"column":4},"end":{"line":252,"column":27}},"63":{"start":{"line":254,"column":2},"end":{"line":254,"column":18}}},"fnMap":{"0":{"name":"ViewAllForumPosts","decl":{"start":{"line":18,"column":16},"end":{"line":18,"column":33}},"loc":{"start":{"line":18,"column":45},"end":{"line":148,"column":1}},"line":18},"1":{"name":"(anonymous_1)","decl":{"start":{"line":41,"column":12},"end":{"line":41,"column":13}},"loc":{"start":{"line":41,"column":18},"end":{"line":76,"column":3}},"line":41},"2":{"name":"fetchPosts","decl":{"start":{"line":42,"column":19},"end":{"line":42,"column":29}},"loc":{"start":{"line":42,"column":32},"end":{"line":74,"column":5}},"line":42},"3":{"name":"(anonymous_3)","decl":{"start":{"line":51,"column":22},"end":{"line":51,"column":23}},"loc":{"start":{"line":51,"column":32},"end":{"line":55,"column":9}},"line":51},"4":{"name":"(anonymous_4)","decl":{"start":{"line":52,"column":43},"end":{"line":52,"column":44}},"loc":{"start":{"line":52,"column":57},"end":{"line":54,"column":11}},"line":52},"5":{"name":"(anonymous_5)","decl":{"start":{"line":79,"column":12},"end":{"line":79,"column":13}},"loc":{"start":{"line":79,"column":18},"end":{"line":84,"column":3}},"line":79},"6":{"name":"onChosenFiltersHandler","decl":{"start":{"line":87,"column":11},"end":{"line":87,"column":33}},"loc":{"start":{"line":87,"column":49},"end":{"line":89,"column":3}},"line":87},"7":{"name":"onAddHandler","decl":{"start":{"line":92,"column":11},"end":{"line":92,"column":23}},"loc":{"start":{"line":92,"column":26},"end":{"line":94,"column":3}},"line":92},"8":{"name":"renderPost","decl":{"start":{"line":97,"column":11},"end":{"line":97,"column":21}},"loc":{"start":{"line":97,"column":32},"end":{"line":111,"column":3}},"line":97},"9":{"name":"(anonymous_9)","decl":{"start":{"line":143,"column":22},"end":{"line":143,"column":23}},"loc":{"start":{"line":143,"column":32},"end":{"line":143,"column":39}},"line":143},"10":{"name":"getAllPosts","decl":{"start":{"line":176,"column":16},"end":{"line":176,"column":27}},"loc":{"start":{"line":176,"column":35},"end":{"line":203,"column":1}},"line":176},"11":{"name":"(anonymous_11)","decl":{"start":{"line":177,"column":21},"end":{"line":177,"column":22}},"loc":{"start":{"line":177,"column":42},"end":{"line":202,"column":3}},"line":177},"12":{"name":"(anonymous_12)","decl":{"start":{"line":184,"column":12},"end":{"line":184,"column":13}},"loc":{"start":{"line":184,"column":32},"end":{"line":198,"column":7}},"line":184},"13":{"name":"(anonymous_13)","decl":{"start":{"line":186,"column":40},"end":{"line":186,"column":41}},"loc":{"start":{"line":186,"column":51},"end":{"line":196,"column":9}},"line":186},"14":{"name":"(anonymous_14)","decl":{"start":{"line":199,"column":13},"end":{"line":199,"column":14}},"loc":{"start":{"line":199,"column":30},"end":{"line":201,"column":7}},"line":199},"15":{"name":"removeDuplicates","decl":{"start":{"line":206,"column":16},"end":{"line":206,"column":32}},"loc":{"start":{"line":206,"column":47},"end":{"line":229,"column":1}},"line":206},"16":{"name":"(anonymous_16)","decl":{"start":{"line":208,"column":22},"end":{"line":208,"column":23}},"loc":{"start":{"line":208,"column":32},"end":{"line":214,"column":5}},"line":208},"17":{"name":"filterPosts","decl":{"start":{"line":232,"column":16},"end":{"line":232,"column":27}},"loc":{"start":{"line":232,"column":30},"end":{"line":245,"column":1}},"line":232},"18":{"name":"(anonymous_18)","decl":{"start":{"line":234,"column":24},"end":{"line":234,"column":25}},"loc":{"start":{"line":234,"column":44},"end":{"line":243,"column":3}},"line":234},"19":{"name":"(anonymous_19)","decl":{"start":{"line":235,"column":21},"end":{"line":235,"column":22}},"loc":{"start":{"line":235,"column":31},"end":{"line":242,"column":5}},"line":235},"20":{"name":"(anonymous_20)","decl":{"start":{"line":236,"column":39},"end":{"line":236,"column":40}},"loc":{"start":{"line":236,"column":57},"end":{"line":241,"column":7}},"line":236},"21":{"name":"sortByCreatedOn","decl":{"start":{"line":248,"column":16},"end":{"line":248,"column":31}},"loc":{"start":{"line":248,"column":42},"end":{"line":255,"column":1}},"line":248},"22":{"name":"(anonymous_22)","decl":{"start":{"line":249,"column":16},"end":{"line":249,"column":17}},"loc":{"start":{"line":249,"column":26},"end":{"line":253,"column":3}},"line":249}},"branchMap":{"0":{"loc":{"start":{"line":80,"column":4},"end":{"line":83,"column":5}},"type":"if","locations":[{"start":{"line":80,"column":4},"end":{"line":83,"column":5}},{"start":{},"end":{}}],"line":80},"1":{"loc":{"start":{"line":207,"column":2},"end":{"line":217,"column":3}},"type":"if","locations":[{"start":{"line":207,"column":2},"end":{"line":217,"column":3}},{"start":{"line":215,"column":9},"end":{"line":217,"column":3}}],"line":207},"2":{"loc":{"start":{"line":209,"column":6},"end":{"line":213,"column":7}},"type":"if","locations":[{"start":{"line":209,"column":6},"end":{"line":213,"column":7}},{"start":{"line":211,"column":13},"end":{"line":213,"column":7}}],"line":209},"3":{"loc":{"start":{"line":221,"column":4},"end":{"line":226,"column":5}},"type":"if","locations":[{"start":{"line":221,"column":4},"end":{"line":226,"column":5}},{"start":{},"end":{}}],"line":221},"4":{"loc":{"start":{"line":222,"column":6},"end":{"line":223,"column":51}},"type":"binary-expr","locations":[{"start":{"line":222,"column":6},"end":{"line":222,"column":35}},{"start":{"line":223,"column":6},"end":{"line":223,"column":51}}],"line":222},"5":{"loc":{"start":{"line":237,"column":8},"end":{"line":240,"column":9}},"type":"if","locations":[{"start":{"line":237,"column":8},"end":{"line":240,"column":9}},{"start":{},"end":{}}],"line":237}},"s":{"0":0,"1":0,"2":0,"3":0,"4":0,"5":0,"6":0,"7":0,"8":0,"9":0,"10":0,"11":0,"12":0,"13":0,"14":0,"15":0,"16":0,"17":0,"18":0,"19":0,"20":0,"21":0,"22":0,"23":0,"24":0,"25":0,"26":0,"27":0,"28":0,"29":0,"30":0,"31":1,"32":1,"33":1,"34":1,"35":1,"36":1,"37":1,"38":0,"39":3,"40":2,"41":23,"42":22,"43":1,"44":1,"45":1,"46":1,"47":1,"48":10,"49":5,"50":1,"51":0,"52":0,"53":0,"54":0,"55":0,"56":0,"57":0,"58":0,"59":1,"60":21,"61":21,"62":21,"63":1},"f":{"0":0,"1":0,"2":0,"3":0,"4":0,"5":0,"6":0,"7":0,"8":0,"9":0,"10":1,"11":1,"12":1,"13":1,"14":0,"15":3,"16":23,"17":0,"18":0,"19":0,"20":0,"21":1,"22":21},"b":{"0":[0,0],"1":[2,1],"2":[22,1],"3":[5,5],"4":[10,9],"5":[0,0]},"_coverageSchema":"1a1c01bbd47fc00a2c39e90264f33305004495a9","hash":"b110366c0f092407d3730614db55dd435ce6dd57"}
,"C:\\Users\\annam\\Documents\\GitHub\\MM_FrontEnd_RN\\React_Native\\src\\styles\\style.js": {"path":"C:\\Users\\annam\\Documents\\GitHub\\MM_FrontEnd_RN\\React_Native\\src\\styles\\style.js","statementMap":{"0":{"start":{"line":3,"column":15},"end":{"line":295,"column":2}}},"fnMap":{},"branchMap":{},"s":{"0":2},"f":{},"b":{},"_coverageSchema":"1a1c01bbd47fc00a2c39e90264f33305004495a9","hash":"8542e13de40f85cf1d7d58cacff18656add49d23"}
,"C:\\Users\\annam\\Documents\\GitHub\\MM_FrontEnd_RN\\React_Native\\src\\utilities\\DateFormatConverter.js": {"path":"C:\\Users\\annam\\Documents\\GitHub\\MM_FrontEnd_RN\\React_Native\\src\\utilities\\DateFormatConverter.js","statementMap":{"0":{"start":{"line":5,"column":17},"end":{"line":18,"column":3}},"1":{"start":{"line":19,"column":18},"end":{"line":19,"column":32}},"2":{"start":{"line":20,"column":19},"end":{"line":20,"column":37}},"3":{"start":{"line":22,"column":2},"end":{"line":22,"column":83}}},"fnMap":{"0":{"name":"DateFormatConverter","decl":{"start":{"line":4,"column":9},"end":{"line":4,"column":28}},"loc":{"start":{"line":4,"column":35},"end":{"line":23,"column":1}},"line":4}},"branchMap":{},"s":{"0":1,"1":1,"2":1,"3":1},"f":{"0":1},"b":{},"_coverageSchema":"1a1c01bbd47fc00a2c39e90264f33305004495a9","hash":"65bc9d7d6352b4ca0ad7d66c035a8eb690a0b7d7"}
,"C:\\Users\\annam\\Documents\\GitHub\\MM_FrontEnd_RN\\React_Native\\src\\utilities\\DeleteAlert.js": {"path":"C:\\Users\\annam\\Documents\\GitHub\\MM_FrontEnd_RN\\React_Native\\src\\utilities\\DeleteAlert.js","statementMap":{"0":{"start":{"line":4,"column":2},"end":{"line":7,"column":5}},"1":{"start":{"line":5,"column":33},"end":{"line":5,"column":52}},"2":{"start":{"line":6,"column":37},"end":{"line":6,"column":57}}},"fnMap":{"0":{"name":"DeleteAlert","decl":{"start":{"line":3,"column":9},"end":{"line":3,"column":20}},"loc":{"start":{"line":3,"column":45},"end":{"line":8,"column":1}},"line":3},"1":{"name":"(anonymous_1)","decl":{"start":{"line":5,"column":27},"end":{"line":5,"column":28}},"loc":{"start":{"line":5,"column":33},"end":{"line":5,"column":52}},"line":5},"2":{"name":"(anonymous_2)","decl":{"start":{"line":6,"column":31},"end":{"line":6,"column":32}},"loc":{"start":{"line":6,"column":37},"end":{"line":6,"column":57}},"line":6}},"branchMap":{},"s":{"0":0,"1":0,"2":0},"f":{"0":0,"1":0,"2":0},"b":{},"_coverageSchema":"1a1c01bbd47fc00a2c39e90264f33305004495a9","hash":"28bfbf061ccffa4418b463ee48048fe49d00085e"}
,"C:\\Users\\annam\\Documents\\GitHub\\MM_FrontEnd_RN\\React_Native\\src\\utilities\\ForumAuthorName.js": {"path":"C:\\Users\\annam\\Documents\\GitHub\\MM_FrontEnd_RN\\React_Native\\src\\utilities\\ForumAuthorName.js","statementMap":{"0":{"start":{"line":5,"column":4},"end":{"line":10,"column":1}},"1":{"start":{"line":7,"column":8},"end":{"line":7,"column":97}},"2":{"start":{"line":9,"column":8},"end":{"line":9,"column":35}}},"fnMap":{"0":{"name":"ForumAuthorName","decl":{"start":{"line":4,"column":9},"end":{"line":4,"column":24}},"loc":{"start":{"line":4,"column":36},"end":{"line":11,"column":1}},"line":4}},"branchMap":{"0":{"loc":{"start":{"line":5,"column":4},"end":{"line":10,"column":1}},"type":"if","locations":[{"start":{"line":5,"column":4},"end":{"line":10,"column":1}},{"start":{"line":8,"column":13},"end":{"line":10,"column":1}}],"line":5}},"s":{"0":2,"1":1,"2":1},"f":{"0":2},"b":{"0":[1,1]},"_coverageSchema":"1a1c01bbd47fc00a2c39e90264f33305004495a9","hash":"6760a0886a9e11d993cbca0a861a9d3ad5358506"}
,"C:\\Users\\annam\\Documents\\GitHub\\MM_FrontEnd_RN\\React_Native\\src\\utilities\\TimeFormatConverter.js": {"path":"C:\\Users\\annam\\Documents\\GitHub\\MM_FrontEnd_RN\\React_Native\\src\\utilities\\TimeFormatConverter.js","statementMap":{"0":{"start":{"line":5,"column":26},"end":{"line":10,"column":3}},"1":{"start":{"line":11,"column":24},"end":{"line":14,"column":3}},"2":{"start":{"line":16,"column":2},"end":{"line":16,"column":23}}},"fnMap":{"0":{"name":"TimeFormatConverter","decl":{"start":{"line":4,"column":9},"end":{"line":4,"column":28}},"loc":{"start":{"line":4,"column":39},"end":{"line":17,"column":1}},"line":4}},"branchMap":{},"s":{"0":1,"1":1,"2":1},"f":{"0":1},"b":{},"_coverageSchema":"1a1c01bbd47fc00a2c39e90264f33305004495a9","hash":"cbd8b6c065acc4c8f3807e7a7f4ff3d6bacbeedc"}
}
