TN:
SF:App.js
FN:17,(anonymous_0)
FNF:1
FNH:0
FNDA:0,(anonymous_0)
DA:15,0
DA:17,0
DA:19,0
DA:24,0
DA:25,0
DA:28,0
LF:6
LH:0
BRDA:24,0,0,0
BRDA:24,0,1,0
BRF:2
BRH:0
end_of_record
TN:
SF:src\components\BottomNavBar.js
FN:32,(anonymous_0)
FN:47,(anonymous_1)
FN:64,(anonymous_2)
FN:80,(anonymous_3)
FN:86,(anonymous_4)
FN:87,(anonymous_5)
FN:107,(anonymous_6)
FN:144,(anonymous_7)
FN:162,(anonymous_8)
FN:185,(anonymous_9)
FN:203,(anonymous_10)
FN:222,(anonymous_11)
FNF:12
FNH:0
FNDA:0,(anonymous_0)
FNDA:0,(anonymous_1)
FNDA:0,(anonymous_2)
FNDA:0,(anonymous_3)
FNDA:0,(anonymous_4)
FNDA:0,(anonymous_5)
FNDA:0,(anonymous_6)
FNDA:0,(anonymous_7)
FNDA:0,(anonymous_8)
FNDA:0,(anonymous_9)
FNDA:0,(anonymous_10)
FNDA:0,(anonymous_11)
DA:29,0
DA:30,0
DA:32,0
DA:33,0
DA:35,0
DA:47,0
DA:48,0
DA:50,0
DA:64,0
DA:65,0
DA:67,0
DA:80,0
DA:81,0
DA:82,0
DA:83,0
DA:86,0
DA:87,0
DA:88,0
DA:89,0
DA:90,0
DA:91,0
DA:92,0
DA:93,0
DA:96,0
DA:98,0
DA:102,0
DA:107,0
DA:108,0
DA:109,0
DA:110,0
DA:111,0
DA:117,0
DA:118,0
DA:121,0
DA:145,0
DA:163,0
DA:186,0
DA:204,0
DA:223,0
LF:39
LH:0
BRDA:91,0,0,0
BRDA:91,0,1,0
BRDA:108,1,0,0
BRDA:108,1,1,0
BRDA:109,2,0,0
BRDA:109,2,1,0
BRDA:117,3,0,0
BRDA:117,3,1,0
BRDA:123,4,0,0
BRDA:123,4,1,0
BRDA:147,5,0,0
BRDA:147,5,1,0
BRDA:166,6,0,0
BRDA:166,6,1,0
BRDA:179,7,0,0
BRDA:179,7,1,0
BRDA:188,8,0,0
BRDA:188,8,1,0
BRDA:206,9,0,0
BRDA:206,9,1,0
BRDA:225,10,0,0
BRDA:225,10,1,0
BRF:22
BRH:0
end_of_record
TN:
SF:src\components\CounsellorCard.js
FN:7,(anonymous_0)
FNF:1
FNH:0
FNDA:0,(anonymous_0)
DA:7,0
DA:16,0
DA:39,0
LF:3
LH:0
BRDA:24,0,0,0
BRDA:24,0,1,0
BRDA:26,1,0,0
BRDA:26,1,1,0
BRF:4
BRH:0
end_of_record
TN:
SF:src\components\CustomButton.js
FN:6,(anonymous_0)
FN:57,(anonymous_1)
FNF:2
FNH:0
FNDA:0,(anonymous_0)
FNDA:0,(anonymous_1)
DA:6,1
DA:7,0
DA:47,0
DA:48,0
DA:49,0
DA:51,0
DA:52,0
DA:54,0
DA:58,0
LF:9
LH:1
BRDA:48,0,0,0
BRDA:48,0,1,0
BRDA:51,1,0,0
BRDA:51,1,1,0
BRF:4
BRH:0
end_of_record
TN:
SF:src\components\CustomTextInput.js
FN:7,(anonymous_0)
FN:30,(anonymous_1)
FN:44,(anonymous_2)
FN:45,(anonymous_3)
FN:56,(anonymous_4)
FNF:5
FNH:0
FNDA:0,(anonymous_0)
FNDA:0,(anonymous_1)
FNDA:0,(anonymous_2)
FNDA:0,(anonymous_3)
FNDA:0,(anonymous_4)
DA:6,1
DA:28,0
DA:30,0
DA:31,0
DA:32,0
DA:35,0
DA:36,0
DA:39,0
DA:40,0
DA:44,0
DA:46,0
DA:50,0
DA:60,0
LF:13
LH:1
BRDA:15,0,0,0
BRDA:31,1,0,0
BRDA:31,1,1,0
BRDA:35,2,0,0
BRDA:35,2,1,0
BRDA:39,3,0,0
BRDA:39,3,1,0
BRDA:61,4,0,0
BRDA:61,4,1,0
BRDA:63,5,0,0
BRDA:63,5,1,0
BRDA:72,6,0,0
BRDA:72,6,1,0
BRDA:78,7,0,0
BRDA:78,7,1,0
BRDA:79,8,0,0
BRDA:79,8,1,0
BRDA:80,9,0,0
BRDA:80,9,1,0
BRF:19
BRH:0
end_of_record
TN:
SF:src\components\CustomUpdateField.js
FN:7,(anonymous_0)
FNF:1
FNH:0
FNDA:0,(anonymous_0)
DA:7,0
DA:8,0
LF:2
LH:0
BRDA:15,0,0,0
BRDA:15,0,1,0
BRDA:17,1,0,0
BRDA:17,1,1,0
BRF:4
BRH:0
end_of_record
TN:
SF:src\components\TItleBar.js
FN:8,(anonymous_0)
FN:12,(anonymous_1)
FN:16,(anonymous_2)
FN:20,(anonymous_3)
FN:67,(anonymous_4)
FN:80,(anonymous_5)
FN:87,(anonymous_6)
FNF:7
FNH:0
FNDA:0,(anonymous_0)
FNDA:0,(anonymous_1)
FNDA:0,(anonymous_2)
FNDA:0,(anonymous_3)
FNDA:0,(anonymous_4)
FNDA:0,(anonymous_5)
FNDA:0,(anonymous_6)
DA:8,0
DA:9,0
DA:10,0
DA:12,0
DA:13,0
DA:16,0
DA:17,0
DA:20,0
DA:21,0
DA:22,0
DA:23,0
DA:32,0
DA:33,0
DA:35,0
DA:39,0
DA:68,0
DA:81,0
DA:82,0
DA:88,0
DA:89,0
LF:20
LH:0
BRF:0
BRH:0
end_of_record
TN:
SF:src\components\UserCard.js
FN:9,(anonymous_0)
FN:28,(anonymous_1)
FNF:2
FNH:0
FNDA:0,(anonymous_0)
FNDA:0,(anonymous_1)
DA:9,0
DA:17,0
DA:28,0
DA:36,0
LF:4
LH:0
BRF:0
BRH:0
end_of_record
TN:
SF:src\components\profiles\AddressDetails.js
FN:8,AddressDetails
FNF:1
FNH:0
FNDA:0,AddressDetails
DA:15,0
LF:1
LH:0
BRF:0
BRH:0
end_of_record
TN:
SF:src\components\profiles\AddressDetailsBusiness.js
FN:8,AddressDetailsBusiness
FNF:1
FNH:0
FNDA:0,AddressDetailsBusiness
DA:9,0
LF:1
LH:0
BRF:0
BRH:0
end_of_record
TN:
SF:src\components\profiles\Biography.js
FN:8,Biography
FNF:1
FNH:0
FNDA:0,Biography
DA:9,0
LF:1
LH:0
BRF:0
BRH:0
end_of_record
TN:
SF:src\components\profiles\ContactDetails.js
FN:8,ContactDetails
FNF:1
FNH:0
FNDA:0,ContactDetails
DA:9,0
LF:1
LH:0
BRF:0
BRH:0
end_of_record
TN:
SF:src\components\profiles\Culture.js
FN:8,Culture
FNF:1
FNH:0
FNDA:0,Culture
DA:9,0
LF:1
LH:0
BRF:0
BRH:0
end_of_record
TN:
SF:src\components\profiles\DateOfBirth.js
FN:8,DateOfBirth
FNF:1
FNH:0
FNDA:0,DateOfBirth
DA:9,0
LF:1
LH:0
BRF:0
BRH:0
end_of_record
TN:
SF:src\components\profiles\FullName.js
FN:8,FullName
FNF:1
FNH:0
FNDA:0,FullName
DA:9,0
LF:1
LH:0
BRF:0
BRH:0
end_of_record
TN:
SF:src\components\profiles\Language.js
FN:8,Language
FN:9,(anonymous_1)
FNF:2
FNH:0
FNDA:0,Language
FNDA:0,(anonymous_1)
DA:9,0
DA:10,0
LF:2
LH:0
BRF:0
BRH:0
end_of_record
TN:
SF:src\components\profiles\MentalDisorder.js
FN:8,MentalDisorder
FN:9,(anonymous_1)
FNF:2
FNH:0
FNDA:0,MentalDisorder
FNDA:0,(anonymous_1)
DA:9,0
DA:10,0
LF:2
LH:0
BRF:0
BRH:0
end_of_record
TN:
SF:src\components\profiles\Orientation.js
FN:8,Orientation
FNF:1
FNH:0
FNDA:0,Orientation
DA:9,0
LF:1
LH:0
BRF:0
BRH:0
end_of_record
TN:
SF:src\components\profiles\PreferredCounsellorGender.js
FN:8,PreferredCounsellorGender
FNF:1
FNH:0
FNDA:0,PreferredCounsellorGender
DA:9,0
LF:1
LH:0
BRF:0
BRH:0
end_of_record
TN:
SF:src\components\profiles\Religion.js
FN:8,Religion
FNF:1
FNH:0
FNDA:0,Religion
DA:9,0
LF:1
LH:0
BRF:0
BRH:0
end_of_record
TN:
SF:src\components\profiles\TreatmentMethod.js
FN:8,TreatmentMethod
FN:9,(anonymous_1)
FNF:2
FNH:0
FNDA:0,TreatmentMethod
FNDA:0,(anonymous_1)
DA:9,0
DA:10,0
LF:2
LH:0
BRF:0
BRH:0
end_of_record
TN:
SF:src\components\profiles\Username.js
FN:8,Username
FNF:1
FNH:0
FNDA:0,Username
DA:9,0
LF:1
LH:0
BRF:0
BRH:0
end_of_record
TN:
SF:src\components\signup\Address.js
FN:10,(anonymous_0)
FN:45,(anonymous_1)
FN:58,(anonymous_2)
FN:63,(anonymous_3)
FNF:4
FNH:0
FNDA:0,(anonymous_0)
FNDA:0,(anonymous_1)
FNDA:0,(anonymous_2)
FNDA:0,(anonymous_3)
DA:10,0
DA:34,0
DA:45,0
DA:46,0
DA:47,0
DA:49,0
DA:50,0
DA:51,0
DA:52,0
DA:53,0
DA:54,0
DA:58,0
DA:59,0
DA:63,0
DA:64,0
DA:65,0
DA:73,0
DA:75,0
DA:83,0
DA:87,0
LF:20
LH:0
BRDA:46,0,0,0
BRDA:46,0,1,0
BRDA:64,1,0,0
BRDA:64,1,1,0
BRDA:91,2,0,0
BRDA:91,2,1,0
BRDA:96,3,0,0
BRDA:96,3,1,0
BRDA:100,4,0,0
BRDA:100,4,1,0
BRDA:106,5,0,0
BRDA:106,5,1,0
BRDA:124,6,0,0
BRDA:124,6,1,0
BRDA:126,7,0,0
BRDA:126,7,1,0
BRDA:141,8,0,0
BRDA:141,8,1,0
BRDA:155,9,0,0
BRDA:155,9,1,0
BRDA:169,10,0,0
BRDA:169,10,1,0
BRDA:202,11,0,0
BRDA:202,11,1,0
BRF:24
BRH:0
end_of_record
TN:
SF:src\components\signup\Biography.js
FN:18,(anonymous_0)
FN:37,(anonymous_1)
FN:42,(anonymous_2)
FN:47,(anonymous_3)
FN:51,(anonymous_4)
FNF:5
FNH:0
FNDA:0,(anonymous_0)
FNDA:0,(anonymous_1)
FNDA:0,(anonymous_2)
FNDA:0,(anonymous_3)
FNDA:0,(anonymous_4)
DA:18,0
DA:31,0
DA:37,0
DA:38,0
DA:39,0
DA:42,0
DA:43,0
DA:47,0
DA:48,0
DA:51,0
DA:52,0
DA:55,0
DA:58,0
LF:13
LH:0
BRDA:73,0,0,0
BRDA:73,0,1,0
BRDA:85,1,0,0
BRDA:85,1,1,0
BRF:4
BRH:0
end_of_record
TN:
SF:src\components\signup\Culture.js
FN:9,(anonymous_0)
FN:22,(anonymous_1)
FN:25,(anonymous_2)
FN:26,(anonymous_3)
FN:33,(anonymous_4)
FN:39,(anonymous_5)
FN:43,(anonymous_6)
FN:54,(anonymous_7)
FN:58,(anonymous_8)
FNF:9
FNH:0
FNDA:0,(anonymous_0)
FNDA:0,(anonymous_1)
FNDA:0,(anonymous_2)
FNDA:0,(anonymous_3)
FNDA:0,(anonymous_4)
FNDA:0,(anonymous_5)
FNDA:0,(anonymous_6)
FNDA:0,(anonymous_7)
FNDA:0,(anonymous_8)
DA:9,0
DA:18,0
DA:19,0
DA:20,0
DA:22,0
DA:23,0
DA:26,0
DA:30,0
DA:31,0
DA:34,0
DA:39,0
DA:40,0
DA:43,0
DA:44,0
DA:45,0
DA:46,0
DA:48,0
DA:54,0
DA:55,0
DA:58,0
DA:59,0
DA:62,0
DA:65,0
LF:23
LH:0
BRDA:44,0,0,0
BRDA:44,0,1,0
BRDA:69,1,0,0
BRDA:69,1,1,0
BRDA:85,2,0,0
BRDA:85,2,1,0
BRF:6
BRH:0
end_of_record
TN:
SF:src\components\signup\DateOfBirth.js
FN:17,(anonymous_0)
FN:35,(anonymous_1)
FN:41,(anonymous_2)
FN:50,(anonymous_3)
FN:57,(anonymous_4)
FN:68,(anonymous_5)
FN:72,(anonymous_6)
FN:83,(anonymous_7)
FN:105,(anonymous_8)
FN:134,(anonymous_9)
FNF:10
FNH:0
FNDA:0,(anonymous_0)
FNDA:0,(anonymous_1)
FNDA:0,(anonymous_2)
FNDA:0,(anonymous_3)
FNDA:0,(anonymous_4)
FNDA:0,(anonymous_5)
FNDA:0,(anonymous_6)
FNDA:0,(anonymous_7)
FNDA:0,(anonymous_8)
FNDA:0,(anonymous_9)
DA:17,0
DA:27,0
DA:28,0
DA:29,0
DA:30,0
DA:35,0
DA:36,0
DA:37,0
DA:41,0
DA:42,0
DA:43,0
DA:44,0
DA:45,0
DA:46,0
DA:50,0
DA:51,0
DA:52,0
DA:53,0
DA:54,0
DA:57,0
DA:58,0
DA:59,0
DA:60,0
DA:61,0
DA:62,0
DA:68,0
DA:69,0
DA:72,0
DA:73,0
DA:74,0
DA:75,0
DA:76,0
DA:79,0
DA:83,0
DA:84,0
DA:87,0
DA:90,0
DA:105,0
DA:134,0
LF:39
LH:0
BRDA:36,0,0,0
BRDA:36,0,1,0
BRDA:42,1,0,0
BRDA:42,1,1,0
BRDA:58,2,0,0
BRDA:58,2,1,0
BRDA:60,3,0,0
BRDA:60,3,1,0
BRDA:73,4,0,0
BRDA:73,4,1,0
BRDA:75,5,0,0
BRDA:75,5,1,0
BRDA:94,6,0,0
BRDA:94,6,1,0
BRDA:141,7,0,0
BRDA:141,7,1,0
BRDA:153,8,0,0
BRDA:153,8,1,0
BRDA:154,9,0,0
BRDA:154,9,1,0
BRF:20
BRH:0
end_of_record
TN:
SF:src\components\signup\Full_Name.js
FN:11,(anonymous_0)
FN:35,(anonymous_1)
FN:43,(anonymous_2)
FN:47,(anonymous_3)
FN:55,(anonymous_4)
FNF:5
FNH:0
FNDA:0,(anonymous_0)
FNDA:0,(anonymous_1)
FNDA:0,(anonymous_2)
FNDA:0,(anonymous_3)
FNDA:0,(anonymous_4)
DA:11,0
DA:28,0
DA:35,0
DA:36,0
DA:37,0
DA:38,0
DA:43,0
DA:44,0
DA:47,0
DA:48,0
DA:52,0
DA:55,0
DA:56,0
DA:60,0
DA:63,0
LF:15
LH:0
BRDA:67,0,0,0
BRDA:67,0,1,0
BRDA:69,1,0,0
BRDA:69,1,1,0
BRDA:82,2,0,0
BRDA:82,2,1,0
BRDA:96,3,0,0
BRDA:96,3,1,0
BRDA:106,4,0,0
BRDA:106,4,1,0
BRDA:127,5,0,0
BRDA:127,5,1,0
BRDA:128,6,0,0
BRDA:128,6,1,0
BRF:14
BRH:0
end_of_record
TN:
SF:src\components\signup\Identity.js
FN:18,(anonymous_0)
FN:36,(anonymous_1)
FN:39,(anonymous_2)
FN:40,(anonymous_3)
FN:46,(anonymous_4)
FN:51,(anonymous_5)
FN:54,(anonymous_6)
FN:55,(anonymous_7)
FN:61,(anonymous_8)
FN:67,(anonymous_9)
FN:73,(anonymous_10)
FN:80,(anonymous_11)
FN:87,(anonymous_12)
FN:91,(anonymous_13)
FN:96,(anonymous_14)
FN:108,(anonymous_15)
FN:112,(anonymous_16)
FN:121,(anonymous_17)
FNF:18
FNH:0
FNDA:0,(anonymous_0)
FNDA:0,(anonymous_1)
FNDA:0,(anonymous_2)
FNDA:0,(anonymous_3)
FNDA:0,(anonymous_4)
FNDA:0,(anonymous_5)
FNDA:0,(anonymous_6)
FNDA:0,(anonymous_7)
FNDA:0,(anonymous_8)
FNDA:0,(anonymous_9)
FNDA:0,(anonymous_10)
FNDA:0,(anonymous_11)
FNDA:0,(anonymous_12)
FNDA:0,(anonymous_13)
FNDA:0,(anonymous_14)
FNDA:0,(anonymous_15)
FNDA:0,(anonymous_16)
FNDA:0,(anonymous_17)
DA:18,0
DA:29,0
DA:30,0
DA:31,0
DA:32,0
DA:33,0
DA:34,0
DA:36,0
DA:37,0
DA:40,0
DA:44,0
DA:47,0
DA:51,0
DA:52,0
DA:55,0
DA:59,0
DA:62,0
DA:67,0
DA:68,0
DA:69,0
DA:70,0
DA:73,0
DA:74,0
DA:75,0
DA:77,0
DA:80,0
DA:81,0
DA:82,0
DA:84,0
DA:87,0
DA:88,0
DA:91,0
DA:92,0
DA:93,0
DA:96,0
DA:97,0
DA:98,0
DA:99,0
DA:100,0
DA:102,0
DA:108,0
DA:109,0
DA:112,0
DA:113,0
DA:118,0
DA:121,0
DA:122,0
DA:123,0
DA:124,0
DA:127,0
LF:50
LH:0
BRDA:74,0,0,0
BRDA:74,0,1,0
BRDA:81,1,0,0
BRDA:81,1,1,0
BRDA:97,2,0,0
BRDA:97,2,1,0
BRDA:97,3,0,0
BRDA:97,3,1,0
BRDA:131,4,0,0
BRDA:131,4,1,0
BRDA:164,5,0,0
BRDA:164,5,1,0
BRF:12
BRH:0
end_of_record
TN:
SF:src\components\signup\Languages.js
FN:10,(anonymous_0)
FN:23,(anonymous_1)
FN:25,(anonymous_2)
FN:32,(anonymous_3)
FN:35,(anonymous_4)
FN:36,(anonymous_5)
FN:42,(anonymous_6)
FN:47,(anonymous_7)
FN:59,(anonymous_8)
FN:63,(anonymous_9)
FNF:10
FNH:0
FNDA:0,(anonymous_0)
FNDA:0,(anonymous_1)
FNDA:0,(anonymous_2)
FNDA:0,(anonymous_3)
FNDA:0,(anonymous_4)
FNDA:0,(anonymous_5)
FNDA:0,(anonymous_6)
FNDA:0,(anonymous_7)
FNDA:0,(anonymous_8)
FNDA:0,(anonymous_9)
DA:10,0
DA:19,0
DA:20,0
DA:23,0
DA:24,0
DA:25,0
DA:26,0
DA:28,0
DA:32,0
DA:33,0
DA:36,0
DA:40,0
DA:43,0
DA:47,0
DA:48,0
DA:49,0
DA:50,0
DA:51,0
DA:53,0
DA:59,0
DA:60,0
DA:63,0
DA:64,0
DA:65,0
DA:68,0
DA:70,0
DA:74,0
LF:27
LH:0
BRDA:24,0,0,0
BRDA:24,0,1,0
BRDA:49,1,0,0
BRDA:49,1,1,0
BRDA:64,2,0,0
BRDA:64,2,1,0
BRDA:106,3,0,0
BRDA:106,3,1,0
BRF:8
BRH:0
end_of_record
TN:
SF:src\components\signup\LoginDetails.js
FN:10,(anonymous_0)
FN:28,(anonymous_1)
FN:83,(anonymous_2)
FNF:3
FNH:0
FNDA:0,(anonymous_0)
FNDA:0,(anonymous_1)
FNDA:0,(anonymous_2)
DA:10,0
DA:24,0
DA:26,0
DA:28,0
DA:29,0
DA:30,0
DA:31,0
DA:37,0
DA:84,0
LF:9
LH:0
BRDA:49,0,0,0
BRDA:49,0,1,0
BRDA:84,1,0,0
BRDA:84,1,1,0
BRF:4
BRH:0
end_of_record
TN:
SF:src\components\signup\MentalDisorders.js
FN:10,(anonymous_0)
FN:24,(anonymous_1)
FN:26,(anonymous_2)
FN:34,(anonymous_3)
FN:37,(anonymous_4)
FN:38,(anonymous_5)
FN:45,(anonymous_6)
FN:51,(anonymous_7)
FN:61,(anonymous_8)
FN:69,(anonymous_9)
FN:74,(anonymous_10)
FN:85,(anonymous_11)
FNF:12
FNH:0
FNDA:0,(anonymous_0)
FNDA:0,(anonymous_1)
FNDA:0,(anonymous_2)
FNDA:0,(anonymous_3)
FNDA:0,(anonymous_4)
FNDA:0,(anonymous_5)
FNDA:0,(anonymous_6)
FNDA:0,(anonymous_7)
FNDA:0,(anonymous_8)
FNDA:0,(anonymous_9)
FNDA:0,(anonymous_10)
FNDA:0,(anonymous_11)
DA:10,0
DA:20,0
DA:21,0
DA:24,0
DA:25,0
DA:26,0
DA:27,0
DA:29,0
DA:34,0
DA:35,0
DA:38,0
DA:43,0
DA:46,0
DA:51,0
DA:52,0
DA:53,0
DA:54,0
DA:56,0
DA:61,0
DA:62,0
DA:63,0
DA:69,0
DA:70,0
DA:74,0
DA:75,0
DA:76,0
DA:79,0
DA:81,0
DA:85,0
DA:86,0
DA:87,0
DA:91,0
LF:32
LH:0
BRDA:25,0,0,0
BRDA:25,0,1,0
BRDA:52,1,0,0
BRDA:52,1,1,0
BRDA:75,2,0,0
BRDA:75,2,1,0
BRDA:95,3,0,0
BRDA:95,3,1,0
BRDA:124,4,0,0
BRDA:124,4,1,0
BRDA:137,5,0,0
BRDA:137,5,1,0
BRDA:138,6,0,0
BRDA:138,6,1,0
BRF:14
BRH:0
end_of_record
TN:
SF:src\components\signup\PhoneNumber.js
FN:10,(anonymous_0)
FN:32,(anonymous_1)
FN:39,(anonymous_2)
FN:44,(anonymous_3)
FNF:4
FNH:0
FNDA:0,(anonymous_0)
FNDA:0,(anonymous_1)
FNDA:0,(anonymous_2)
FNDA:0,(anonymous_3)
DA:10,0
DA:25,0
DA:32,0
DA:33,0
DA:34,0
DA:35,0
DA:39,0
DA:40,0
DA:44,0
DA:45,0
DA:46,0
DA:47,0
DA:53,0
LF:13
LH:0
BRDA:58,0,0,0
BRDA:58,0,1,0
BRDA:69,1,0,0
BRDA:69,1,1,0
BRDA:87,2,0,0
BRDA:87,2,1,0
BRDA:102,3,0,0
BRDA:102,3,1,0
BRF:8
BRH:0
end_of_record
TN:
SF:src\components\signup\Preference.js
FN:10,(anonymous_0)
FN:23,(anonymous_1)
FN:27,(anonymous_2)
FN:30,(anonymous_3)
FN:31,(anonymous_4)
FN:37,(anonymous_5)
FN:42,(anonymous_6)
FN:51,(anonymous_7)
FN:58,(anonymous_8)
FN:62,(anonymous_9)
FN:74,(anonymous_10)
FNF:11
FNH:0
FNDA:0,(anonymous_0)
FNDA:0,(anonymous_1)
FNDA:0,(anonymous_2)
FNDA:0,(anonymous_3)
FNDA:0,(anonymous_4)
FNDA:0,(anonymous_5)
FNDA:0,(anonymous_6)
FNDA:0,(anonymous_7)
FNDA:0,(anonymous_8)
FNDA:0,(anonymous_9)
FNDA:0,(anonymous_10)
DA:10,0
DA:19,0
DA:20,0
DA:21,0
DA:23,0
DA:24,0
DA:27,0
DA:28,0
DA:31,0
DA:35,0
DA:38,0
DA:42,0
DA:43,0
DA:44,0
DA:45,0
DA:47,0
DA:51,0
DA:52,0
DA:53,0
DA:58,0
DA:59,0
DA:62,0
DA:63,0
DA:64,0
DA:68,0
DA:70,0
DA:74,0
DA:75,0
DA:79,0
DA:82,0
LF:30
LH:0
BRDA:43,0,0,0
BRDA:43,0,1,0
BRDA:63,1,0,0
BRDA:63,1,1,0
BRDA:104,2,0,0
BRDA:104,2,1,0
BRDA:125,3,0,0
BRDA:125,3,1,0
BRF:8
BRH:0
end_of_record
TN:
SF:src\components\signup\Religion.js
FN:10,(anonymous_0)
FN:27,(anonymous_1)
FN:30,(anonymous_2)
FN:31,(anonymous_3)
FN:38,(anonymous_4)
FN:44,(anonymous_5)
FN:48,(anonymous_6)
FN:59,(anonymous_7)
FN:97,(anonymous_8)
FN:109,(anonymous_9)
FN:116,(anonymous_10)
FN:120,(anonymous_11)
FN:144,(anonymous_12)
FN:153,(anonymous_13)
FNF:14
FNH:0
FNDA:0,(anonymous_0)
FNDA:0,(anonymous_1)
FNDA:0,(anonymous_2)
FNDA:0,(anonymous_3)
FNDA:0,(anonymous_4)
FNDA:0,(anonymous_5)
FNDA:0,(anonymous_6)
FNDA:0,(anonymous_7)
FNDA:0,(anonymous_8)
FNDA:0,(anonymous_9)
FNDA:0,(anonymous_10)
FNDA:0,(anonymous_11)
FNDA:0,(anonymous_12)
FNDA:0,(anonymous_13)
DA:10,0
DA:20,0
DA:21,0
DA:22,0
DA:23,0
DA:24,0
DA:25,0
DA:27,0
DA:28,0
DA:31,0
DA:35,0
DA:36,0
DA:39,0
DA:44,0
DA:45,0
DA:48,0
DA:49,0
DA:50,0
DA:51,0
DA:53,0
DA:54,0
DA:55,0
DA:59,0
DA:60,0
DA:61,0
DA:62,0
DA:64,0
DA:65,0
DA:66,0
DA:68,0
DA:69,0
DA:70,0
DA:72,0
DA:77,0
DA:78,0
DA:79,0
DA:81,0
DA:84,0
DA:86,0
DA:92,0
DA:97,0
DA:98,0
DA:99,0
DA:102,0
DA:109,0
DA:110,0
DA:113,0
DA:116,0
DA:117,0
DA:120,0
DA:121,0
DA:124,0
DA:127,0
DA:144,0
DA:153,0
LF:55
LH:0
BRDA:49,0,0,0
BRDA:49,0,1,0
BRDA:53,1,0,0
BRDA:53,1,1,0
BRDA:60,2,0,0
BRDA:60,2,1,0
BRDA:61,3,0,0
BRDA:61,3,1,0
BRDA:64,4,0,0
BRDA:64,4,1,0
BRDA:65,5,0,0
BRDA:65,5,1,0
BRDA:68,6,0,0
BRDA:68,6,1,0
BRDA:77,7,0,0
BRDA:77,7,1,0
BRDA:78,8,0,0
BRDA:78,8,1,0
BRDA:79,9,0,0
BRDA:79,9,1,0
BRDA:81,10,0,0
BRDA:81,10,1,0
BRDA:84,11,0,0
BRDA:84,11,1,0
BRDA:86,12,0,0
BRDA:86,12,1,0
BRDA:98,13,0,0
BRDA:98,13,1,0
BRDA:102,14,0,0
BRDA:102,14,1,0
BRDA:130,15,0,0
BRDA:130,15,1,0
BRDA:138,16,0,0
BRDA:138,16,1,0
BRDA:142,17,0,0
BRDA:142,17,1,0
BRDA:151,18,0,0
BRDA:151,18,1,0
BRF:38
BRH:0
end_of_record
TN:
SF:src\components\signup\TreatmentMethods.js
FN:10,(anonymous_0)
FN:23,(anonymous_1)
FN:26,(anonymous_2)
FN:35,(anonymous_3)
FN:38,(anonymous_4)
FN:39,(anonymous_5)
FN:47,(anonymous_6)
FN:53,(anonymous_7)
FN:65,(anonymous_8)
FN:70,(anonymous_9)
FNF:10
FNH:0
FNDA:0,(anonymous_0)
FNDA:0,(anonymous_1)
FNDA:0,(anonymous_2)
FNDA:0,(anonymous_3)
FNDA:0,(anonymous_4)
FNDA:0,(anonymous_5)
FNDA:0,(anonymous_6)
FNDA:0,(anonymous_7)
FNDA:0,(anonymous_8)
FNDA:0,(anonymous_9)
DA:10,0
DA:19,0
DA:20,0
DA:23,0
DA:24,0
DA:25,0
DA:26,0
DA:28,0
DA:30,0
DA:35,0
DA:36,0
DA:39,0
DA:44,0
DA:45,0
DA:48,0
DA:53,0
DA:54,0
DA:55,0
DA:56,0
DA:58,0
DA:65,0
DA:66,0
DA:70,0
DA:71,0
DA:72,0
DA:75,0
DA:77,0
DA:82,0
LF:28
LH:0
BRDA:24,0,0,0
BRDA:24,0,1,0
BRDA:54,1,0,0
BRDA:54,1,1,0
BRDA:71,2,0,0
BRDA:71,2,1,0
BRDA:86,3,0,0
BRDA:86,3,1,0
BRDA:113,4,0,0
BRDA:113,4,1,0
BRF:10
BRH:0
end_of_record
TN:
SF:src\components\signup\UserType.js
FN:8,UserType
FN:21,(anonymous_1)
FN:32,(anonymous_2)
FN:36,(anonymous_3)
FN:50,(anonymous_4)
FN:69,(anonymous_5)
FN:80,(anonymous_6)
FNF:7
FNH:0
FNDA:0,UserType
FNDA:0,(anonymous_1)
FNDA:0,(anonymous_2)
FNDA:0,(anonymous_3)
FNDA:0,(anonymous_4)
FNDA:0,(anonymous_5)
FNDA:0,(anonymous_6)
DA:16,0
DA:17,0
DA:18,0
DA:21,0
DA:22,0
DA:23,0
DA:24,0
DA:25,0
DA:26,0
DA:27,0
DA:32,0
DA:33,0
DA:36,0
DA:37,0
DA:38,0
DA:39,0
DA:40,0
DA:41,0
DA:42,0
DA:43,0
DA:44,0
DA:45,0
DA:46,0
DA:50,0
DA:51,0
DA:52,0
DA:54,0
DA:58,0
DA:69,0
DA:80,0
LF:30
LH:0
BRDA:22,0,0,0
BRDA:22,0,1,0
BRDA:25,1,0,0
BRDA:25,1,1,0
BRDA:33,2,0,0
BRDA:33,2,1,0
BRDA:37,3,0,0
BRDA:37,3,1,0
BRDA:42,4,0,0
BRDA:42,4,1,0
BRDA:51,5,0,0
BRDA:51,5,1,0
BRDA:67,6,0,0
BRDA:67,6,1,0
BRDA:76,7,0,0
BRDA:76,7,1,0
BRF:16
BRH:0
end_of_record
TN:
SF:src\forum\CommentCard.js
FN:14,CommentCard
FN:46,(anonymous_1)
FN:54,onCommentEditHandler
FN:62,onUpdateCommentHandler
FN:66,onCancelUpdateCommentHandler
FN:69,confirmDeleteHandler
FN:73,onCommentDeleteHandler
FN:78,isRefreshRequiredHandler
FN:81,(anonymous_8)
FN:103,(anonymous_9)
FN:107,(anonymous_10)
FN:114,(anonymous_11)
FNF:12
FNH:0
FNDA:0,CommentCard
FNDA:0,(anonymous_1)
FNDA:0,onCommentEditHandler
FNDA:0,onUpdateCommentHandler
FNDA:0,onCancelUpdateCommentHandler
FNDA:0,confirmDeleteHandler
FNDA:0,onCommentDeleteHandler
FNDA:0,isRefreshRequiredHandler
FNDA:0,(anonymous_8)
FNDA:0,(anonymous_9)
FNDA:0,(anonymous_10)
FNDA:0,(anonymous_11)
DA:15,0
DA:18,0
DA:21,0
DA:24,0
DA:27,0
DA:30,0
DA:33,0
DA:36,0
DA:41,0
DA:44,0
DA:46,0
DA:47,0
DA:48,0
DA:49,0
DA:51,0
DA:55,0
DA:56,0
DA:60,0
DA:63,0
DA:67,0
DA:70,0
DA:74,0
DA:75,0
DA:79,0
DA:81,0
DA:82,0
DA:83,0
DA:84,0
DA:87,0
DA:88,0
DA:101,0
DA:104,0
DA:105,0
DA:108,0
DA:114,0
DA:115,0
DA:116,0
DA:119,0
DA:159,1
LF:39
LH:1
BRDA:48,0,0,0
BRDA:48,0,1,0
BRDA:82,1,0,0
BRDA:82,1,1,0
BRDA:121,2,0,0
BRDA:121,2,1,0
BRDA:121,3,0,0
BRDA:121,3,1,0
BRDA:134,4,0,0
BRDA:134,4,1,0
BRF:10
BRH:0
end_of_record
TN:
SF:src\forum\CommentForm.js
FN:8,CommentForm
FN:30,(anonymous_1)
FN:49,cancelHandler
FN:53,saveCommentHandler
FN:90,(anonymous_4)
FN:97,(anonymous_5)
FNF:6
FNH:0
FNDA:0,CommentForm
FNDA:0,(anonymous_1)
FNDA:0,cancelHandler
FNDA:0,saveCommentHandler
FNDA:0,(anonymous_4)
FNDA:0,(anonymous_5)
DA:19,0
DA:24,0
DA:25,0
DA:26,0
DA:27,0
DA:30,0
DA:31,0
DA:32,0
DA:34,0
DA:35,0
DA:37,0
DA:38,0
DA:39,0
DA:40,0
DA:42,0
DA:44,0
DA:45,0
DA:50,0
DA:54,0
DA:55,0
DA:60,0
DA:61,0
DA:62,0
DA:63,0
DA:65,0
DA:78,0
DA:88,0
DA:91,0
DA:92,0
DA:94,0
DA:95,0
DA:98,0
DA:101,0
DA:104,0
LF:34
LH:0
BRDA:21,0,0,0
BRDA:21,0,1,0
BRDA:31,1,0,0
BRDA:31,1,1,0
BRDA:34,2,0,0
BRDA:34,2,1,0
BRDA:34,3,0,0
BRDA:34,3,1,0
BRDA:34,3,2,0
BRDA:37,4,0,0
BRDA:37,4,1,0
BRDA:39,5,0,0
BRDA:39,5,1,0
BRDA:44,6,0,0
BRDA:44,6,1,0
BRDA:62,7,0,0
BRDA:62,7,1,0
BRF:17
BRH:0
end_of_record
TN:
SF:src\forum\ForumPostForm.js
FN:25,ForumPostForm
FN:77,(anonymous_1)
FN:82,(anonymous_2)
FN:96,(anonymous_3)
FN:115,(anonymous_4)
FN:118,(anonymous_5)
FN:119,(anonymous_6)
FN:128,(anonymous_7)
FN:136,(anonymous_8)
FN:146,onPostContentCategoryHandler
FN:156,(anonymous_10)
FN:162,openDatePicker
FN:167,openTimePicker
FN:173,handleDateChange
FN:184,handleTimeChange
FN:195,(anonymous_15)
FN:201,onCancelHandler
FN:207,(anonymous_17)
FN:264,(anonymous_18)
FN:266,(anonymous_19)
FNF:20
FNH:0
FNDA:0,ForumPostForm
FNDA:0,(anonymous_1)
FNDA:0,(anonymous_2)
FNDA:0,(anonymous_3)
FNDA:0,(anonymous_4)
FNDA:0,(anonymous_5)
FNDA:0,(anonymous_6)
FNDA:0,(anonymous_7)
FNDA:0,(anonymous_8)
FNDA:0,onPostContentCategoryHandler
FNDA:0,(anonymous_10)
FNDA:0,openDatePicker
FNDA:0,openTimePicker
FNDA:0,handleDateChange
FNDA:0,handleTimeChange
FNDA:0,(anonymous_15)
FNDA:0,onCancelHandler
FNDA:0,(anonymous_17)
FNDA:0,(anonymous_18)
FNDA:0,(anonymous_19)
DA:30,0
DA:42,0
DA:45,0
DA:46,0
DA:47,0
DA:48,0
DA:49,0
DA:50,0
DA:51,0
DA:54,0
DA:55,0
DA:56,0
DA:57,0
DA:60,0
DA:61,0
DA:64,0
DA:65,0
DA:66,0
DA:67,0
DA:68,0
DA:69,0
DA:71,0
DA:74,0
DA:77,0
DA:78,0
DA:79,0
DA:82,0
DA:83,0
DA:85,0
DA:86,0
DA:87,0
DA:88,0
DA:89,0
DA:90,0
DA:91,0
DA:92,0
DA:93,0
DA:94,0
DA:95,0
DA:96,0
DA:97,0
DA:99,0
DA:100,0
DA:101,0
DA:102,0
DA:103,0
DA:104,0
DA:109,0
DA:115,0
DA:116,0
DA:119,0
DA:124,0
DA:126,0
DA:129,0
DA:136,0
DA:137,0
DA:138,0
DA:140,0
DA:147,0
DA:148,0
DA:150,0
DA:151,0
DA:156,0
DA:163,0
DA:168,0
DA:174,0
DA:175,0
DA:176,0
DA:177,0
DA:178,0
DA:179,0
DA:185,0
DA:186,0
DA:187,0
DA:188,0
DA:189,0
DA:190,0
DA:195,0
DA:196,0
DA:197,0
DA:202,0
DA:207,0
DA:209,0
DA:210,0
DA:211,0
DA:212,0
DA:214,0
DA:224,0
DA:225,0
DA:228,0
DA:264,0
DA:266,0
LF:92
LH:0
BRDA:32,0,0,0
BRDA:32,0,1,0
BRDA:33,1,0,0
BRDA:33,1,1,0
BRDA:34,2,0,0
BRDA:34,2,1,0
BRDA:35,3,0,0
BRDA:35,3,1,0
BRDA:36,4,0,0
BRDA:36,4,1,0
BRDA:37,5,0,0
BRDA:37,5,1,0
BRDA:78,6,0,0
BRDA:78,6,1,0
BRDA:85,7,0,0
BRDA:85,7,1,0
BRDA:137,8,0,0
BRDA:137,8,1,0
BRDA:147,9,0,0
BRDA:147,9,1,0
BRDA:174,10,0,0
BRDA:174,10,1,0
BRDA:178,11,0,0
BRDA:178,11,1,0
BRDA:185,12,0,0
BRDA:185,12,1,0
BRDA:189,13,0,0
BRDA:189,13,1,0
BRDA:252,14,0,0
BRDA:252,14,1,0
BRDA:272,15,0,0
BRDA:272,15,1,0
BRDA:283,16,0,0
BRDA:283,16,1,0
BRDA:329,17,0,0
BRDA:329,17,1,0
BRDA:351,18,0,0
BRDA:351,18,1,0
BRDA:360,19,0,0
BRDA:360,19,1,0
BRDA:370,20,0,0
BRDA:370,20,1,0
BRDA:392,21,0,0
BRDA:392,21,1,0
BRDA:401,22,0,0
BRDA:401,22,1,0
BRF:46
BRH:0
end_of_record
TN:
SF:src\forum\KeywordBadge.js
FN:6,KeywordBadge
FNF:1
FNH:0
FNDA:0,KeywordBadge
DA:8,0
DA:18,2
LF:2
LH:1
BRF:0
BRH:0
end_of_record
TN:
SF:src\forum\PostCard.js
FN:14,PostCard
FN:46,(anonymous_1)
FN:67,(anonymous_2)
FN:73,(anonymous_3)
FN:78,(anonymous_4)
FN:81,(anonymous_5)
FN:87,(anonymous_6)
FN:94,(anonymous_7)
FN:98,(anonymous_8)
FN:102,(anonymous_9)
FN:106,CardPressHandler
FN:126,onEditHandler
FN:147,confirmDeleteHandler
FN:151,onDeleteHandler
FN:156,(anonymous_14)
FN:176,(anonymous_15)
FN:181,(anonymous_16)
FN:205,(anonymous_17)
FNF:18
FNH:0
FNDA:0,PostCard
FNDA:0,(anonymous_1)
FNDA:0,(anonymous_2)
FNDA:0,(anonymous_3)
FNDA:0,(anonymous_4)
FNDA:0,(anonymous_5)
FNDA:0,(anonymous_6)
FNDA:0,(anonymous_7)
FNDA:0,(anonymous_8)
FNDA:0,(anonymous_9)
FNDA:0,CardPressHandler
FNDA:0,onEditHandler
FNDA:0,confirmDeleteHandler
FNDA:0,onDeleteHandler
FNDA:0,(anonymous_14)
FNDA:0,(anonymous_15)
FNDA:0,(anonymous_16)
FNDA:0,(anonymous_17)
DA:26,0
DA:27,0
DA:30,0
DA:31,0
DA:32,0
DA:33,0
DA:34,0
DA:35,0
DA:36,0
DA:38,0
DA:39,0
DA:41,0
DA:44,0
DA:46,0
DA:47,0
DA:48,0
DA:49,0
DA:55,0
DA:58,0
DA:59,0
DA:60,0
DA:63,0
DA:66,0
DA:67,0
DA:68,0
DA:69,0
DA:73,0
DA:74,0
DA:78,0
DA:79,0
DA:80,0
DA:81,0
DA:82,0
DA:84,0
DA:87,0
DA:88,0
DA:89,0
DA:94,0
DA:95,0
DA:98,0
DA:99,0
DA:102,0
DA:103,0
DA:107,0
DA:123,0
DA:127,0
DA:144,0
DA:148,0
DA:152,0
DA:153,0
DA:156,0
DA:157,0
DA:158,0
DA:161,0
DA:174,0
DA:177,0
DA:178,0
DA:182,0
DA:187,0
DA:206,0
DA:231,1
LF:61
LH:1
BRDA:47,0,0,0
BRDA:47,0,1,0
BRDA:48,1,0,0
BRDA:48,1,1,0
BRDA:68,2,0,0
BRDA:68,2,1,0
BRDA:88,3,0,0
BRDA:88,3,1,0
BRDA:157,4,0,0
BRDA:157,4,1,0
BRDA:190,5,0,0
BRDA:190,5,1,0
BRDA:190,6,0,0
BRDA:190,6,1,0
BRDA:216,7,0,0
BRDA:216,7,1,0
BRF:16
BRH:0
end_of_record
TN:
SF:src\functions\GetName.js
FN:4,(anonymous_0)
FN:8,(anonymous_1)
FN:11,(anonymous_2)
FN:15,(anonymous_3)
FNF:4
FNH:0
FNDA:0,(anonymous_0)
FNDA:0,(anonymous_1)
FNDA:0,(anonymous_2)
FNDA:0,(anonymous_3)
DA:4,0
DA:5,0
DA:6,0
DA:8,0
DA:9,0
DA:12,0
DA:13,0
DA:16,0
DA:20,0
LF:9
LH:0
BRF:0
BRH:0
end_of_record
TN:
SF:src\icons\CalendarIcon.js
FN:3,CalendarIcon
FNF:1
FNH:0
FNDA:0,CalendarIcon
DA:4,0
LF:1
LH:0
BRF:0
BRH:0
end_of_record
TN:
SF:src\icons\ClockIcon.js
FN:3,ClockIcon
FNF:1
FNH:0
FNDA:0,ClockIcon
DA:4,0
LF:1
LH:0
BRF:0
BRH:0
end_of_record
TN:
SF:src\icons\EditIcon.js
FN:3,EditIcon
FNF:1
FNH:0
FNDA:0,EditIcon
DA:4,0
LF:1
LH:0
BRF:0
BRH:0
end_of_record
TN:
SF:src\icons\PlusIcon.js
FN:3,CalendarIcon
FNF:1
FNH:0
FNDA:0,CalendarIcon
DA:4,0
LF:1
LH:0
BRF:0
BRH:0
end_of_record
TN:
SF:src\icons\TrashIcon.js
FN:3,TrashIcon
FNF:1
FNH:0
FNDA:0,TrashIcon
DA:4,0
LF:1
LH:0
BRF:0
BRH:0
end_of_record
TN:
SF:src\models\Counsellor.js
FN:5,(anonymous_0)
FNF:1
FNH:0
FNDA:0,(anonymous_0)
DA:25,0
DA:26,0
DA:27,0
DA:28,0
DA:29,0
DA:30,0
DA:31,0
DA:32,0
DA:33,0
DA:34,0
DA:35,0
DA:36,0
DA:37,0
DA:38,0
DA:39,0
DA:40,0
DA:41,0
DA:42,0
DA:43,0
LF:19
LH:0
BRF:0
BRH:0
end_of_record
TN:
SF:src\models\ForumPost.js
FN:7,(anonymous_0)
FNF:1
FNH:0
FNDA:0,(anonymous_0)
DA:16,0
DA:17,0
DA:18,0
DA:19,0
DA:20,0
DA:21,0
DA:22,0
DA:23,0
LF:8
LH:0
BRF:0
BRH:0
end_of_record
TN:
SF:src\models\Patient.js
FN:5,(anonymous_0)
FNF:1
FNH:0
FNDA:0,(anonymous_0)
DA:23,0
DA:24,0
DA:25,0
DA:26,0
DA:27,0
DA:28,0
DA:29,0
DA:30,0
DA:31,0
DA:32,0
DA:33,0
DA:34,0
DA:35,0
DA:36,0
DA:37,0
DA:38,0
DA:39,0
LF:17
LH:0
BRF:0
BRH:0
end_of_record
TN:
SF:src\models\SiteAdministrator.js
FN:5,(anonymous_0)
FNF:1
FNH:0
FNDA:0,(anonymous_0)
DA:17,0
DA:18,0
DA:19,0
DA:20,0
DA:21,0
DA:22,0
DA:23,0
DA:24,0
DA:25,0
DA:26,0
DA:27,0
LF:11
LH:0
BRF:0
BRH:0
end_of_record
TN:
SF:src\models\User.js
FN:5,(anonymous_0)
FNF:1
FNH:0
FNDA:0,(anonymous_0)
DA:6,0
DA:7,0
DA:8,0
LF:3
LH:0
BRF:0
BRH:0
end_of_record
TN:
SF:src\screens\AdminMenu.js
FN:8,(anonymous_0)
FN:24,(anonymous_1)
FN:30,(anonymous_2)
FN:41,(anonymous_3)
FN:51,(anonymous_4)
FNF:5
FNH:0
FNDA:0,(anonymous_0)
FNDA:0,(anonymous_1)
FNDA:0,(anonymous_2)
FNDA:0,(anonymous_3)
FNDA:0,(anonymous_4)
DA:8,0
DA:9,0
DA:11,0
DA:18,0
DA:24,0
DA:31,0
DA:42,0
DA:52,0
LF:8
LH:0
BRF:0
BRH:0
end_of_record
TN:
SF:src\screens\AdminSignup.js
FN:20,(anonymous_0)
FN:69,(anonymous_1)
FN:79,(anonymous_2)
FN:103,(anonymous_3)
FN:117,(anonymous_4)
FN:120,(anonymous_5)
FN:147,(anonymous_6)
FN:165,(anonymous_7)
FN:183,(anonymous_8)
FN:202,(anonymous_9)
FN:226,(anonymous_10)
FN:243,(anonymous_11)
FN:260,(anonymous_12)
FN:276,(anonymous_13)
FN:292,(anonymous_14)
FN:309,(anonymous_15)
FN:331,(anonymous_16)
FN:353,(anonymous_17)
FN:367,(anonymous_18)
FN:378,(anonymous_19)
FN:389,(anonymous_20)
FNF:21
FNH:0
FNDA:0,(anonymous_0)
FNDA:0,(anonymous_1)
FNDA:0,(anonymous_2)
FNDA:0,(anonymous_3)
FNDA:0,(anonymous_4)
FNDA:0,(anonymous_5)
FNDA:0,(anonymous_6)
FNDA:0,(anonymous_7)
FNDA:0,(anonymous_8)
FNDA:0,(anonymous_9)
FNDA:0,(anonymous_10)
FNDA:0,(anonymous_11)
FNDA:0,(anonymous_12)
FNDA:0,(anonymous_13)
FNDA:0,(anonymous_14)
FNDA:0,(anonymous_15)
FNDA:0,(anonymous_16)
FNDA:0,(anonymous_17)
FNDA:0,(anonymous_18)
FNDA:0,(anonymous_19)
FNDA:0,(anonymous_20)
DA:20,0
DA:26,0
DA:33,0
DA:36,0
DA:37,0
DA:38,0
DA:39,0
DA:40,0
DA:41,0
DA:42,0
DA:43,0
DA:44,0
DA:45,0
DA:46,0
DA:47,0
DA:48,0
DA:52,0
DA:53,0
DA:54,0
DA:55,0
DA:56,0
DA:57,0
DA:58,0
DA:59,0
DA:60,0
DA:61,0
DA:62,0
DA:63,0
DA:64,0
DA:65,0
DA:67,0
DA:69,0
DA:70,0
DA:73,0
DA:79,0
DA:80,0
DA:81,0
DA:98,0
DA:103,0
DA:104,0
DA:111,0
DA:118,0
DA:121,0
DA:125,0
DA:147,0
DA:165,0
DA:183,0
DA:202,0
DA:226,0
DA:243,0
DA:260,0
DA:276,0
DA:292,0
DA:309,0
DA:331,0
DA:353,0
DA:367,0
DA:379,0
DA:389,0
LF:59
LH:0
BRDA:70,0,0,0
BRDA:70,0,1,0
BRDA:129,1,0,0
BRDA:129,1,1,0
BRDA:130,2,0,0
BRDA:130,2,1,0
BRDA:138,3,0,0
BRDA:138,3,1,0
BRDA:156,4,0,0
BRDA:156,4,1,0
BRDA:174,5,0,0
BRDA:174,5,1,0
BRDA:193,6,0,0
BRDA:193,6,1,0
BRDA:213,7,0,0
BRDA:213,7,1,0
BRDA:234,8,0,0
BRDA:234,8,1,0
BRDA:251,9,0,0
BRDA:251,9,1,0
BRDA:268,10,0,0
BRDA:268,10,1,0
BRDA:284,11,0,0
BRDA:284,11,1,0
BRDA:300,12,0,0
BRDA:300,12,1,0
BRDA:340,13,0,0
BRDA:340,13,1,0
BRDA:379,14,0,0
BRDA:379,14,1,0
BRF:30
BRH:0
end_of_record
TN:
SF:src\screens\AdminViewUsers.js
FN:16,(anonymous_0)
FN:24,(anonymous_1)
FN:38,(anonymous_2)
FN:46,(anonymous_3)
FN:47,(anonymous_4)
FN:58,(anonymous_5)
FN:64,(anonymous_6)
FN:75,(anonymous_7)
FN:105,(anonymous_8)
FN:117,(anonymous_9)
FNF:10
FNH:0
FNDA:0,(anonymous_0)
FNDA:0,(anonymous_1)
FNDA:0,(anonymous_2)
FNDA:0,(anonymous_3)
FNDA:0,(anonymous_4)
FNDA:0,(anonymous_5)
FNDA:0,(anonymous_6)
FNDA:0,(anonymous_7)
FNDA:0,(anonymous_8)
FNDA:0,(anonymous_9)
DA:16,0
DA:17,0
DA:18,0
DA:20,0
DA:21,0
DA:22,0
DA:24,0
DA:25,0
DA:26,0
DA:27,0
DA:28,0
DA:29,0
DA:30,0
DA:31,0
DA:33,0
DA:38,0
DA:39,0
DA:40,0
DA:47,0
DA:56,0
DA:59,0
DA:64,0
DA:65,0
DA:76,0
DA:77,0
DA:78,0
DA:86,0
DA:88,0
DA:89,0
DA:90,0
DA:92,0
DA:96,0
DA:105,0
DA:106,0
DA:111,0
DA:117,0
LF:36
LH:0
BRDA:25,0,0,0
BRDA:25,0,1,0
BRDA:26,1,0,0
BRDA:26,1,1,0
BRDA:28,2,0,0
BRDA:28,2,1,0
BRDA:30,3,0,0
BRDA:30,3,1,0
BRDA:39,4,0,0
BRDA:39,4,1,0
BRDA:86,5,0,0
BRDA:86,5,1,0
BRDA:88,6,0,0
BRDA:88,6,1,0
BRDA:114,7,0,0
BRDA:114,7,1,0
BRF:16
BRH:0
end_of_record
TN:
SF:src\screens\CounsellorDetail.js
FN:18,(anonymous_0)
FN:27,(anonymous_1)
FN:37,(anonymous_2)
FN:43,(anonymous_3)
FN:48,(anonymous_4)
FN:56,(anonymous_5)
FN:70,(anonymous_6)
FN:78,(anonymous_7)
FN:86,(anonymous_8)
FN:91,(anonymous_9)
FN:149,(anonymous_10)
FN:155,(anonymous_11)
FN:162,(anonymous_12)
FN:170,(anonymous_13)
FN:183,(anonymous_14)
FN:196,(anonymous_15)
FNF:16
FNH:0
FNDA:0,(anonymous_0)
FNDA:0,(anonymous_1)
FNDA:0,(anonymous_2)
FNDA:0,(anonymous_3)
FNDA:0,(anonymous_4)
FNDA:0,(anonymous_5)
FNDA:0,(anonymous_6)
FNDA:0,(anonymous_7)
FNDA:0,(anonymous_8)
FNDA:0,(anonymous_9)
FNDA:0,(anonymous_10)
FNDA:0,(anonymous_11)
FNDA:0,(anonymous_12)
FNDA:0,(anonymous_13)
FNDA:0,(anonymous_14)
FNDA:0,(anonymous_15)
DA:18,0
DA:19,0
DA:22,0
DA:23,0
DA:24,0
DA:27,0
DA:28,0
DA:38,0
DA:39,0
DA:40,0
DA:41,0
DA:44,0
DA:48,0
DA:49,0
DA:50,0
DA:51,0
DA:56,0
DA:57,0
DA:70,0
DA:71,0
DA:72,0
DA:73,0
DA:78,0
DA:79,0
DA:80,0
DA:81,0
DA:86,0
DA:91,0
DA:93,0
DA:100,0
DA:102,0
DA:104,0
DA:109,0
DA:112,0
DA:149,0
DA:155,0
DA:162,0
DA:171,0
DA:184,0
DA:197,0
DA:213,0
LF:41
LH:0
BRDA:49,0,0,0
BRDA:49,0,1,0
BRDA:58,1,0,0
BRDA:58,1,1,0
BRDA:59,2,0,0
BRDA:59,2,1,0
BRDA:60,3,0,0
BRDA:60,3,1,0
BRDA:61,4,0,0
BRDA:61,4,1,0
BRDA:71,5,0,0
BRDA:71,5,1,0
BRDA:71,6,0,0
BRDA:71,6,1,0
BRDA:79,7,0,0
BRDA:79,7,1,0
BRDA:79,8,0,0
BRDA:79,8,1,0
BRDA:93,9,0,0
BRDA:93,9,1,0
BRDA:94,10,0,0
BRDA:94,10,1,0
BRDA:95,11,0,0
BRDA:95,11,1,0
BRDA:115,12,0,0
BRDA:115,12,1,0
BRF:26
BRH:0
end_of_record
TN:
SF:src\screens\CounsellorProfile.js
FN:22,CounsellorProfile
FNF:1
FNH:0
FNDA:0,CounsellorProfile
DA:24,0
DA:25,0
DA:27,0
DA:54,0
DA:60,0
DA:61,0
LF:6
LH:0
BRF:0
BRH:0
end_of_record
TN:
SF:src\screens\Counsellors.js
FN:10,(anonymous_0)
FN:25,(anonymous_1)
FN:33,(anonymous_2)
FN:34,(anonymous_3)
FN:52,(anonymous_4)
FN:61,(anonymous_5)
FN:63,(anonymous_6)
FN:79,(anonymous_7)
FN:90,(anonymous_8)
FN:107,(anonymous_9)
FN:114,(anonymous_10)
FN:122,(anonymous_11)
FN:123,(anonymous_12)
FN:142,(anonymous_13)
FNF:14
FNH:0
FNDA:0,(anonymous_0)
FNDA:0,(anonymous_1)
FNDA:0,(anonymous_2)
FNDA:0,(anonymous_3)
FNDA:0,(anonymous_4)
FNDA:0,(anonymous_5)
FNDA:0,(anonymous_6)
FNDA:0,(anonymous_7)
FNDA:0,(anonymous_8)
FNDA:0,(anonymous_9)
FNDA:0,(anonymous_10)
FNDA:0,(anonymous_11)
FNDA:0,(anonymous_12)
FNDA:0,(anonymous_13)
DA:10,0
DA:11,0
DA:12,0
DA:14,0
DA:16,0
DA:19,0
DA:20,0
DA:21,0
DA:22,0
DA:25,0
DA:26,0
DA:27,0
DA:34,0
DA:49,0
DA:50,0
DA:53,0
DA:61,0
DA:62,0
DA:63,0
DA:66,0
DA:68,0
DA:69,0
DA:70,0
DA:74,0
DA:75,0
DA:76,0
DA:79,0
DA:80,0
DA:83,0
DA:84,0
DA:85,0
DA:89,0
DA:90,0
DA:93,0
DA:94,0
DA:95,0
DA:97,0
DA:101,0
DA:107,0
DA:109,0
DA:110,0
DA:114,0
DA:115,0
DA:119,0
DA:122,0
DA:123,0
DA:128,0
DA:129,0
DA:136,0
DA:142,0
LF:50
LH:0
BRDA:26,0,0,0
BRDA:26,0,1,0
BRDA:62,1,0,0
BRDA:62,1,1,0
BRDA:62,2,0,0
BRDA:62,2,1,0
BRDA:68,3,0,0
BRDA:68,3,1,0
BRDA:74,4,0,0
BRDA:74,4,1,0
BRDA:83,5,0,0
BRDA:83,5,1,0
BRDA:93,6,0,0
BRDA:93,6,1,0
BRDA:128,7,0,0
BRDA:128,7,1,0
BRDA:139,8,0,0
BRDA:139,8,1,0
BRF:18
BRH:0
end_of_record
TN:
SF:src\screens\CreateForumPost.js
FN:8,CreateForumPost
FN:21,onCancelHandler
FN:26,onPostHandler
FN:41,(anonymous_3)
FN:44,(anonymous_4)
FNF:5
FNH:0
FNDA:0,CreateForumPost
FNDA:0,onCancelHandler
FNDA:0,onPostHandler
FNDA:0,(anonymous_3)
FNDA:0,(anonymous_4)
DA:11,0
DA:12,0
DA:13,0
DA:16,0
DA:22,0
DA:28,0
DA:29,0
DA:39,0
DA:42,0
DA:45,0
DA:47,0
DA:50,0
LF:12
LH:0
BRF:0
BRH:0
end_of_record
TN:
SF:src\screens\EditForumPost.js
FN:7,EditForumPost
FN:15,onCancelHandler
FN:21,onUpdateHandler
FN:37,(anonymous_3)
FN:40,(anonymous_4)
FNF:5
FNH:0
FNDA:0,EditForumPost
FNDA:0,onCancelHandler
FNDA:0,onUpdateHandler
FNDA:0,(anonymous_3)
FNDA:0,(anonymous_4)
DA:10,0
DA:11,0
DA:12,0
DA:16,0
DA:22,0
DA:35,0
DA:38,0
DA:41,0
DA:43,0
DA:46,0
LF:10
LH:0
BRF:0
BRH:0
end_of_record
TN:
SF:src\screens\EditProfile.js
FN:25,EditProfile
FN:78,(anonymous_1)
FN:93,(anonymous_2)
FN:98,(anonymous_3)
FN:105,(anonymous_4)
FN:154,(anonymous_5)
FN:161,(anonymous_6)
FN:169,(anonymous_7)
FN:192,(anonymous_8)
FN:205,(anonymous_9)
FN:213,(anonymous_10)
FN:219,(anonymous_11)
FN:226,(anonymous_12)
FN:229,(anonymous_13)
FN:233,(anonymous_14)
FN:241,(anonymous_15)
FN:262,(anonymous_16)
FN:275,(anonymous_17)
FN:330,(anonymous_18)
FN:338,(anonymous_19)
FN:345,(anonymous_20)
FN:352,(anonymous_21)
FN:359,(anonymous_22)
FN:366,(anonymous_23)
FN:377,(anonymous_24)
FN:387,(anonymous_25)
FN:392,(anonymous_26)
FN:399,(anonymous_27)
FN:404,(anonymous_28)
FN:416,(anonymous_29)
FN:420,(anonymous_30)
FN:428,(anonymous_31)
FN:435,(anonymous_32)
FN:444,(anonymous_33)
FNF:34
FNH:0
FNDA:0,EditProfile
FNDA:0,(anonymous_1)
FNDA:0,(anonymous_2)
FNDA:0,(anonymous_3)
FNDA:0,(anonymous_4)
FNDA:0,(anonymous_5)
FNDA:0,(anonymous_6)
FNDA:0,(anonymous_7)
FNDA:0,(anonymous_8)
FNDA:0,(anonymous_9)
FNDA:0,(anonymous_10)
FNDA:0,(anonymous_11)
FNDA:0,(anonymous_12)
FNDA:0,(anonymous_13)
FNDA:0,(anonymous_14)
FNDA:0,(anonymous_15)
FNDA:0,(anonymous_16)
FNDA:0,(anonymous_17)
FNDA:0,(anonymous_18)
FNDA:0,(anonymous_19)
FNDA:0,(anonymous_20)
FNDA:0,(anonymous_21)
FNDA:0,(anonymous_22)
FNDA:0,(anonymous_23)
FNDA:0,(anonymous_24)
FNDA:0,(anonymous_25)
FNDA:0,(anonymous_26)
FNDA:0,(anonymous_27)
FNDA:0,(anonymous_28)
FNDA:0,(anonymous_29)
FNDA:0,(anonymous_30)
FNDA:0,(anonymous_31)
FNDA:0,(anonymous_32)
FNDA:0,(anonymous_33)
DA:26,0
DA:28,0
DA:29,0
DA:30,0
DA:32,0
DA:33,0
DA:35,0
DA:36,0
DA:38,0
DA:39,0
DA:41,0
DA:42,0
DA:45,0
DA:46,0
DA:48,0
DA:49,0
DA:50,0
DA:51,0
DA:52,0
DA:53,0
DA:55,0
DA:56,0
DA:57,0
DA:58,0
DA:59,0
DA:60,0
DA:62,0
DA:63,0
DA:64,0
DA:67,0
DA:69,0
DA:70,0
DA:72,0
DA:74,0
DA:76,0
DA:78,0
DA:79,0
DA:80,0
DA:81,0
DA:82,0
DA:83,0
DA:84,0
DA:85,0
DA:86,0
DA:87,0
DA:88,0
DA:93,0
DA:94,0
DA:98,0
DA:99,0
DA:106,0
DA:107,0
DA:110,0
DA:111,0
DA:112,0
DA:114,0
DA:115,0
DA:116,0
DA:117,0
DA:118,0
DA:119,0
DA:120,0
DA:121,0
DA:122,0
DA:125,0
DA:126,0
DA:127,0
DA:128,0
DA:129,0
DA:130,0
DA:131,0
DA:133,0
DA:134,0
DA:136,0
DA:137,0
DA:138,0
DA:139,0
DA:141,0
DA:142,0
DA:143,0
DA:147,0
DA:148,0
DA:149,0
DA:150,0
DA:152,0
DA:156,0
DA:161,0
DA:162,0
DA:163,0
DA:164,0
DA:169,0
DA:170,0
DA:171,0
DA:172,0
DA:174,0
DA:175,0
DA:177,0
DA:178,0
DA:180,0
DA:181,0
DA:183,0
DA:184,0
DA:186,0
DA:187,0
DA:188,0
DA:192,0
DA:193,0
DA:205,0
DA:206,0
DA:207,0
DA:208,0
DA:213,0
DA:214,0
DA:215,0
DA:219,0
DA:220,0
DA:226,0
DA:227,0
DA:228,0
DA:230,0
DA:234,0
DA:241,0
DA:242,0
DA:243,0
DA:253,0
DA:254,0
DA:255,0
DA:256,0
DA:257,0
DA:259,0
DA:262,0
DA:263,0
DA:265,0
DA:276,0
DA:277,0
DA:286,0
DA:287,0
DA:288,0
DA:289,0
DA:291,0
DA:297,0
DA:298,0
DA:310,0
DA:330,0
DA:338,0
DA:345,0
DA:352,0
DA:359,0
DA:366,0
DA:377,0
DA:387,0
DA:392,0
DA:399,0
DA:404,0
DA:416,0
DA:420,0
DA:428,0
DA:435,0
DA:444,0
LF:159
LH:0
BRDA:79,0,0,0
BRDA:79,0,1,0
BRDA:84,1,0,0
BRDA:84,1,1,0
BRDA:120,2,0,0
BRDA:120,2,1,0
BRDA:136,3,0,0
BRDA:136,3,1,0
BRDA:137,4,0,0
BRDA:137,4,1,0
BRDA:141,5,0,0
BRDA:141,5,1,0
BRDA:147,6,0,0
BRDA:147,6,1,0
BRDA:162,7,0,0
BRDA:162,7,1,0
BRDA:162,8,0,0
BRDA:162,8,1,0
BRDA:171,9,0,0
BRDA:171,9,1,0
BRDA:171,10,0,0
BRDA:171,10,1,0
BRDA:174,11,0,0
BRDA:174,11,1,0
BRDA:177,12,0,0
BRDA:177,12,1,0
BRDA:180,13,0,0
BRDA:180,13,1,0
BRDA:183,14,0,0
BRDA:183,14,1,0
BRDA:194,15,0,0
BRDA:194,15,1,0
BRDA:195,16,0,0
BRDA:195,16,1,0
BRDA:196,17,0,0
BRDA:196,17,1,0
BRDA:197,18,0,0
BRDA:197,18,1,0
BRDA:206,19,0,0
BRDA:206,19,1,0
BRDA:286,20,0,0
BRDA:286,20,1,0
BRDA:312,21,0,0
BRDA:312,21,1,0
BRDA:315,22,0,0
BRDA:315,22,1,0
BRDA:326,23,0,0
BRDA:326,23,1,0
BRDA:337,24,0,0
BRDA:337,24,1,0
BRDA:358,25,0,0
BRDA:358,25,1,0
BRDA:371,26,0,0
BRDA:371,26,1,0
BRDA:382,27,0,0
BRDA:382,27,1,0
BRDA:395,28,0,0
BRDA:395,28,1,0
BRDA:412,29,0,0
BRDA:412,29,1,0
BRDA:423,30,0,0
BRDA:423,30,1,0
BRDA:453,31,0,0
BRDA:453,31,1,0
BRDA:463,32,0,0
BRDA:463,32,1,0
BRDA:472,33,0,0
BRDA:472,33,1,0
BRDA:481,34,0,0
BRDA:481,34,1,0
BRDA:489,35,0,0
BRDA:489,35,1,0
BRDA:498,36,0,0
BRDA:498,36,1,0
BRDA:510,37,0,0
BRDA:510,37,1,0
BRDA:525,38,0,0
BRDA:525,38,1,0
BRDA:534,39,0,0
BRDA:534,39,1,0
BRDA:543,40,0,0
BRDA:543,40,1,0
BRDA:552,41,0,0
BRDA:552,41,1,0
BRDA:560,42,0,0
BRDA:560,42,1,0
BRF:86
BRH:0
end_of_record
TN:
SF:src\screens\ForumPostDetail.js
FN:17,ForumPostDetail
FN:46,(anonymous_1)
FN:60,(anonymous_2)
FN:70,(anonymous_3)
FN:71,fetchComments
FN:93,onPostEditHandler
FN:98,onPostDeleteHandler
FN:104,confirmDeleteHandler
FN:109,addCommentHandler
FN:115,onSaveCommentHandler
FN:122,toRefreshHandler
FN:127,onCancelCommentHandler
FN:147,(anonymous_12)
FN:177,(anonymous_13)
FN:194,deletePost
FN:207,(anonymous_15)
FN:211,(anonymous_16)
FN:218,getComments
FN:219,(anonymous_18)
FN:233,(anonymous_19)
FN:235,(anonymous_20)
FN:245,(anonymous_21)
FN:253,sortCommentsByCreatedOn
FN:254,(anonymous_23)
FNF:24
FNH:8
FNDA:0,ForumPostDetail
FNDA:0,(anonymous_1)
FNDA:0,(anonymous_2)
FNDA:0,(anonymous_3)
FNDA:0,fetchComments
FNDA:0,onPostEditHandler
FNDA:0,onPostDeleteHandler
FNDA:0,confirmDeleteHandler
FNDA:0,addCommentHandler
FNDA:0,onSaveCommentHandler
FNDA:0,toRefreshHandler
FNDA:0,onCancelCommentHandler
FNDA:0,(anonymous_12)
FNDA:0,(anonymous_13)
FNDA:1,deletePost
FNDA:1,(anonymous_15)
FNDA:0,(anonymous_16)
FNDA:1,getComments
FNDA:1,(anonymous_18)
FNDA:1,(anonymous_19)
FNDA:1,(anonymous_20)
FNDA:0,(anonymous_21)
FNDA:1,sortCommentsByCreatedOn
FNDA:24,(anonymous_23)
DA:19,0
DA:22,0
DA:25,0
DA:28,0
DA:31,0
DA:34,0
DA:37,0
DA:40,0
DA:46,0
DA:47,0
DA:48,0
DA:50,0
DA:54,0
DA:55,0
DA:60,0
DA:61,0
DA:62,0
DA:63,0
DA:64,0
DA:70,0
DA:72,0
DA:73,0
DA:78,0
DA:80,0
DA:82,0
DA:83,0
DA:86,0
DA:89,0
DA:94,0
DA:99,0
DA:100,0
DA:105,0
DA:110,0
DA:116,0
DA:117,0
DA:123,0
DA:128,0
DA:131,0
DA:148,0
DA:178,0
DA:195,1
DA:208,1
DA:212,0
DA:213,0
DA:219,1
DA:220,1
DA:231,1
DA:234,1
DA:235,1
DA:243,1
DA:246,0
DA:247,0
DA:254,1
DA:255,24
DA:256,24
DA:257,24
DA:259,1
LF:57
LH:13
BRDA:47,0,0,0
BRDA:47,0,1,0
BRDA:61,1,0,0
BRDA:61,1,1,0
BRDA:82,2,0,0
BRDA:82,2,1,0
BRDA:134,3,0,0
BRDA:134,3,1,0
BRDA:158,4,0,0
BRDA:158,4,1,0
BRF:10
BRH:0
end_of_record
TN:
SF:src\screens\Home.js
FN:16,(anonymous_0)
FN:21,(anonymous_1)
FNF:2
FNH:0
FNDA:0,(anonymous_0)
FNDA:0,(anonymous_1)
DA:16,0
DA:17,0
DA:19,0
DA:21,0
DA:22,0
DA:23,0
DA:24,0
DA:33,0
DA:34,0
DA:36,0
DA:40,0
LF:11
LH:0
BRF:0
BRH:0
end_of_record
TN:
SF:src\screens\Login.js
FN:11,(anonymous_0)
FN:25,(anonymous_1)
FN:29,(anonymous_2)
FN:94,(anonymous_3)
FNF:4
FNH:0
FNDA:0,(anonymous_0)
FNDA:0,(anonymous_1)
FNDA:0,(anonymous_2)
FNDA:0,(anonymous_3)
DA:11,0
DA:16,0
DA:18,0
DA:23,0
DA:25,0
DA:26,0
DA:29,0
DA:30,0
DA:31,0
DA:32,0
DA:40,0
DA:41,0
DA:42,0
DA:43,0
DA:44,0
DA:45,0
DA:50,0
DA:52,0
DA:53,0
DA:57,0
DA:94,0
LF:21
LH:0
BRDA:85,0,0,0
BRDA:85,0,1,0
BRF:2
BRH:0
end_of_record
TN:
SF:src\screens\PatientProfile.js
FN:23,PatientProfile
FN:43,(anonymous_1)
FN:50,(anonymous_2)
FN:55,(anonymous_3)
FNF:4
FNH:0
FNDA:0,PatientProfile
FNDA:0,(anonymous_1)
FNDA:0,(anonymous_2)
FNDA:0,(anonymous_3)
DA:24,0
DA:25,0
DA:26,0
DA:27,0
DA:28,0
DA:39,0
DA:40,0
DA:41,0
DA:43,0
DA:44,0
DA:52,0
DA:53,0
DA:57,0
DA:61,0
DA:62,0
DA:64,0
DA:84,0
DA:86,0
DA:87,0
LF:19
LH:0
BRF:0
BRH:0
end_of_record
TN:
SF:src\screens\SiteAdministratorProfile.js
FN:15,SiteAdministratorProfile
FNF:1
FNH:0
FNDA:0,SiteAdministratorProfile
DA:17,0
DA:18,0
DA:20,0
DA:34,0
DA:36,0
DA:37,0
LF:6
LH:0
BRF:0
BRH:0
end_of_record
TN:
SF:src\screens\UserSignup.js
FN:27,(anonymous_0)
FN:122,(anonymous_1)
FN:132,(anonymous_2)
FN:144,(anonymous_3)
FN:149,(anonymous_4)
FN:156,(anonymous_5)
FN:168,(anonymous_6)
FN:173,(anonymous_7)
FN:186,(anonymous_8)
FN:202,(anonymous_9)
FNF:10
FNH:0
FNDA:0,(anonymous_0)
FNDA:0,(anonymous_1)
FNDA:0,(anonymous_2)
FNDA:0,(anonymous_3)
FNDA:0,(anonymous_4)
FNDA:0,(anonymous_5)
FNDA:0,(anonymous_6)
FNDA:0,(anonymous_7)
FNDA:0,(anonymous_8)
FNDA:0,(anonymous_9)
DA:27,0
DA:30,0
DA:33,0
DA:34,0
DA:37,0
DA:38,0
DA:39,0
DA:40,0
DA:41,0
DA:42,0
DA:43,0
DA:44,0
DA:45,0
DA:46,0
DA:47,0
DA:48,0
DA:49,0
DA:50,0
DA:51,0
DA:52,0
DA:53,0
DA:54,0
DA:57,0
DA:60,0
DA:61,0
DA:62,0
DA:65,0
DA:89,0
DA:90,0
DA:94,0
DA:122,0
DA:123,0
DA:124,0
DA:125,0
DA:126,0
DA:132,0
DA:133,0
DA:134,0
DA:143,0
DA:145,0
DA:146,0
DA:147,0
DA:150,0
DA:156,0
DA:157,0
DA:158,0
DA:167,0
DA:169,0
DA:170,0
DA:171,0
DA:174,0
DA:179,0
DA:180,0
DA:186,0
DA:187,0
DA:188,0
DA:189,0
DA:190,0
DA:191,0
DA:192,0
DA:193,0
DA:194,0
DA:202,0
DA:203,0
DA:204,0
DA:205,0
DA:206,0
DA:207,0
DA:208,0
DA:214,0
LF:70
LH:0
BRDA:89,0,0,0
BRDA:89,0,1,0
BRDA:123,1,0,0
BRDA:123,1,1,0
BRDA:125,2,0,0
BRDA:125,2,1,0
BRDA:187,3,0,0
BRDA:187,3,1,0
BRDA:189,4,0,0
BRDA:189,4,1,0
BRDA:192,5,0,0
BRDA:192,5,1,0
BRDA:203,6,0,0
BRDA:203,6,1,0
BRDA:206,7,0,0
BRDA:206,7,1,0
BRDA:216,8,0,0
BRDA:216,8,1,0
BRDA:226,9,0,0
BRDA:226,9,1,0
BRDA:238,10,0,0
BRDA:238,10,1,0
BRDA:248,11,0,0
BRDA:248,11,1,0
BRDA:257,12,0,0
BRDA:257,12,1,0
BRDA:268,13,0,0
BRDA:268,13,1,0
BRDA:277,14,0,0
BRDA:277,14,1,0
BRDA:287,15,0,0
BRDA:287,15,1,0
BRDA:296,16,0,0
BRDA:296,16,1,0
BRDA:305,17,0,0
BRDA:305,17,1,0
BRDA:314,18,0,0
BRDA:314,18,1,0
BRDA:323,19,0,0
BRDA:323,19,1,0
BRDA:334,20,0,0
BRDA:334,20,1,0
BRDA:354,21,0,0
BRDA:354,21,1,0
BRF:44
BRH:0
end_of_record
TN:
SF:src\screens\ViewAllForumPosts.js
FN:18,ViewAllForumPosts
FN:41,(anonymous_1)
FN:42,fetchPosts
FN:51,(anonymous_3)
FN:52,(anonymous_4)
FN:79,(anonymous_5)
FN:87,onChosenFiltersHandler
FN:92,onAddHandler
FN:97,renderPost
FN:143,(anonymous_9)
FN:176,getAllPosts
FN:177,(anonymous_11)
FN:184,(anonymous_12)
FN:186,(anonymous_13)
FN:199,(anonymous_14)
FN:206,removeDuplicates
FN:208,(anonymous_16)
FN:232,filterPosts
FN:234,(anonymous_18)
FN:235,(anonymous_19)
FN:236,(anonymous_20)
FN:248,sortByCreatedOn
FN:249,(anonymous_22)
FNF:23
FNH:8
FNDA:0,ViewAllForumPosts
FNDA:0,(anonymous_1)
FNDA:0,fetchPosts
FNDA:0,(anonymous_3)
FNDA:0,(anonymous_4)
FNDA:0,(anonymous_5)
FNDA:0,onChosenFiltersHandler
FNDA:0,onAddHandler
FNDA:0,renderPost
FNDA:0,(anonymous_9)
FNDA:1,getAllPosts
FNDA:1,(anonymous_11)
FNDA:1,(anonymous_12)
FNDA:1,(anonymous_13)
FNDA:0,(anonymous_14)
FNDA:3,removeDuplicates
FNDA:23,(anonymous_16)
FNDA:0,filterPosts
FNDA:0,(anonymous_18)
FNDA:0,(anonymous_19)
FNDA:0,(anonymous_20)
FNDA:1,sortByCreatedOn
FNDA:21,(anonymous_22)
DA:20,0
DA:23,0
DA:26,0
DA:29,0
DA:32,0
DA:35,0
DA:38,0
DA:41,0
DA:43,0
DA:45,0
DA:48,0
DA:51,0
DA:52,0
DA:53,0
DA:58,0
DA:61,0
DA:64,0
DA:67,0
DA:70,0
DA:72,0
DA:75,0
DA:79,0
DA:80,0
DA:81,0
DA:82,0
DA:88,0
DA:93,0
DA:98,0
DA:110,0
DA:113,0
DA:143,0
DA:151,1
DA:177,1
DA:178,1
DA:185,1
DA:186,1
DA:197,1
DA:200,0
DA:207,3
DA:208,2
DA:209,23
DA:210,22
DA:212,1
DA:216,1
DA:219,1
DA:220,1
DA:221,10
DA:225,5
DA:228,1
DA:233,0
DA:234,0
DA:235,0
DA:236,0
DA:237,0
DA:238,0
DA:239,0
DA:244,0
DA:249,1
DA:250,21
DA:251,21
DA:252,21
DA:254,1
LF:62
LH:22
BRDA:80,0,0,0
BRDA:80,0,1,0
BRDA:207,1,0,2
BRDA:207,1,1,1
BRDA:209,2,0,22
BRDA:209,2,1,1
BRDA:221,3,0,5
BRDA:221,3,1,5
BRDA:222,4,0,10
BRDA:222,4,1,9
BRDA:237,5,0,0
BRDA:237,5,1,0
BRF:12
BRH:8
end_of_record
TN:
SF:src\styles\style.js
FNF:0
FNH:0
DA:3,2
LF:1
LH:1
BRF:0
BRH:0
end_of_record
TN:
SF:src\utilities\DateFormatConverter.js
FN:4,DateFormatConverter
FNF:1
FNH:1
FNDA:1,DateFormatConverter
DA:5,1
DA:19,1
DA:20,1
DA:22,1
LF:4
LH:4
BRF:0
BRH:0
end_of_record
TN:
SF:src\utilities\DeleteAlert.js
FN:3,DeleteAlert
FN:5,(anonymous_1)
FN:6,(anonymous_2)
FNF:3
FNH:0
FNDA:0,DeleteAlert
FNDA:0,(anonymous_1)
FNDA:0,(anonymous_2)
DA:4,0
DA:5,0
DA:6,0
LF:3
LH:0
BRF:0
BRH:0
end_of_record
TN:
SF:src\utilities\ForumAuthorName.js
FN:4,ForumAuthorName
FNF:1
FNH:1
FNDA:2,ForumAuthorName
DA:5,2
DA:7,1
DA:9,1
LF:3
LH:3
BRDA:5,0,0,1
BRDA:5,0,1,1
BRF:2
BRH:2
end_of_record
TN:
SF:src\utilities\TimeFormatConverter.js
FN:4,TimeFormatConverter
FNF:1
FNH:1
FNDA:1,TimeFormatConverter
DA:5,1
DA:11,1
DA:16,1
LF:3
LH:3
BRF:0
BRH:0
end_of_record
